DEBUG - 2025-07-14 15:15:06 --> Session: Class initialized using 'CodeIgniter\Session\Handlers\FileHandler' driver.
DEBUG - 2025-07-14 15:15:10 --> LOGIN DEBUG: user=Array
(
    [id] => 909
    [username] => geni1819
    [password] => $2y$10$yCVdmEq9i2kd62zm98/6X.I/ichcTL/s/ePbIL4zNAHrUJ9Sm6tOK
    [nama] => Genius Hartono
    [alamat] => canggu
    [noktp] => 32534535434534
    [deleted_at] => 
    [recovered_at] => 
    [otoritas] => 
    [created_at] => 2025-07-05 14:20:16
    [updated_at] => 2025-07-12 19:14:47
)

DEBUG - 2025-07-14 15:15:10 --> LOGIN DEBUG: userDept=Array
(
    [id] => 12
    [user_id] => 909
    [department_id] => 3
    [deleted_at] => 
)

DEBUG - 2025-07-14 15:15:10 --> Session: Class initialized using 'CodeIgniter\Session\Handlers\FileHandler' driver.
DEBUG - 2025-07-14 15:15:10 --> LOGIN DEBUG: sessionData=Array
(
    [user_id] => 909
    [user_username] => geni1819
    [user_nama] => Genius Hartono
    [department_id] => 3
    [isLoggedIn] => 1
)

DEBUG - 2025-07-14 15:15:10 --> Session: Class initialized using 'CodeIgniter\Session\Handlers\FileHandler' driver.
DEBUG - 2025-07-14 15:15:13 --> Session: Class initialized using 'CodeIgniter\Session\Handlers\FileHandler' driver.
DEBUG - 2025-07-14 15:15:15 --> Session: Class initialized using 'CodeIgniter\Session\Handlers\FileHandler' driver.
CRITICAL - 2025-07-14 15:15:15 --> ErrorException: Undefined variable $daya
[Method: GET, Route: masterdaya]
in APPPATH\Views\master_daya\index.php on line 44.
 1 APPPATH\Views\master_daya\index.php(44): CodeIgniter\Debug\Exceptions->errorHandler(2, 'Undefined variable $daya', 'C:\\xampp\\htdocs\\webadmin\\app\\Views\\master_daya\\index.php', 44)
 2 SYSTEMPATH\View\View.php(224): include('C:\\xampp\\htdocs\\webadmin\\app\\Views\\master_daya\\index.php')
 3 SYSTEMPATH\View\View.php(227): CodeIgniter\View\View->CodeIgniter\View\{closure}()
 4 SYSTEMPATH\Common.php(1173): CodeIgniter\View\View->render('master_daya/index', [], true)
 5 APPPATH\Controllers\MasterDaya.php(12): view('master_daya/index', [...])
 6 SYSTEMPATH\CodeIgniter.php(933): App\Controllers\MasterDaya->index()
 7 SYSTEMPATH\CodeIgniter.php(507): CodeIgniter\CodeIgniter->runController(Object(App\Controllers\MasterDaya))
 8 SYSTEMPATH\CodeIgniter.php(354): CodeIgniter\CodeIgniter->handleRequest(null, Object(Config\Cache), false)
 9 SYSTEMPATH\Boot.php(334): CodeIgniter\CodeIgniter->run()
10 SYSTEMPATH\Boot.php(67): CodeIgniter\Boot::runCodeIgniter(Object(CodeIgniter\CodeIgniter))
11 FCPATH\index.php(59): CodeIgniter\Boot::bootWeb(Object(Config\Paths))
DEBUG - 2025-07-14 15:17:19 --> Session: Class initialized using 'CodeIgniter\Session\Handlers\FileHandler' driver.
DEBUG - 2025-07-14 15:17:21 --> Session: Class initialized using 'CodeIgniter\Session\Handlers\FileHandler' driver.
CRITICAL - 2025-07-14 15:17:21 --> ErrorException: Undefined variable $daya
[Method: GET, Route: masterdaya]
in APPPATH\Views\master_daya\index.php on line 44.
 1 APPPATH\Views\master_daya\index.php(44): CodeIgniter\Debug\Exceptions->errorHandler(2, 'Undefined variable $daya', 'C:\\xampp\\htdocs\\webadmin\\app\\Views\\master_daya\\index.php', 44)
 2 SYSTEMPATH\View\View.php(224): include('C:\\xampp\\htdocs\\webadmin\\app\\Views\\master_daya\\index.php')
 3 SYSTEMPATH\View\View.php(227): CodeIgniter\View\View->CodeIgniter\View\{closure}()
 4 SYSTEMPATH\Common.php(1173): CodeIgniter\View\View->render('master_daya/index', [], true)
 5 APPPATH\Controllers\MasterDaya.php(12): view('master_daya/index', [...])
 6 SYSTEMPATH\CodeIgniter.php(933): App\Controllers\MasterDaya->index()
 7 SYSTEMPATH\CodeIgniter.php(507): CodeIgniter\CodeIgniter->runController(Object(App\Controllers\MasterDaya))
 8 SYSTEMPATH\CodeIgniter.php(354): CodeIgniter\CodeIgniter->handleRequest(null, Object(Config\Cache), false)
 9 SYSTEMPATH\Boot.php(334): CodeIgniter\CodeIgniter->run()
10 SYSTEMPATH\Boot.php(67): CodeIgniter\Boot::runCodeIgniter(Object(CodeIgniter\CodeIgniter))
11 FCPATH\index.php(59): CodeIgniter\Boot::bootWeb(Object(Config\Paths))
DEBUG - 2025-07-14 16:14:17 --> Session: Class initialized using 'CodeIgniter\Session\Handlers\FileHandler' driver.
DEBUG - 2025-07-14 16:14:19 --> Session: Class initialized using 'CodeIgniter\Session\Handlers\FileHandler' driver.
DEBUG - 2025-07-14 16:14:21 --> Session: Class initialized using 'CodeIgniter\Session\Handlers\FileHandler' driver.
CRITICAL - 2025-07-14 16:14:21 --> ErrorException: Undefined variable $daya
[Method: GET, Route: masterdaya]
in APPPATH\Views\master_daya\index.php on line 44.
 1 APPPATH\Views\master_daya\index.php(44): CodeIgniter\Debug\Exceptions->errorHandler(2, 'Undefined variable $daya', 'C:\\xampp\\htdocs\\webadmin\\app\\Views\\master_daya\\index.php', 44)
 2 SYSTEMPATH\View\View.php(224): include('C:\\xampp\\htdocs\\webadmin\\app\\Views\\master_daya\\index.php')
 3 SYSTEMPATH\View\View.php(227): CodeIgniter\View\View->CodeIgniter\View\{closure}()
 4 SYSTEMPATH\Common.php(1173): CodeIgniter\View\View->render('master_daya/index', [], true)
 5 APPPATH\Controllers\MasterDaya.php(12): view('master_daya/index', [...])
 6 SYSTEMPATH\CodeIgniter.php(933): App\Controllers\MasterDaya->index()
 7 SYSTEMPATH\CodeIgniter.php(507): CodeIgniter\CodeIgniter->runController(Object(App\Controllers\MasterDaya))
 8 SYSTEMPATH\CodeIgniter.php(354): CodeIgniter\CodeIgniter->handleRequest(null, Object(Config\Cache), false)
 9 SYSTEMPATH\Boot.php(334): CodeIgniter\CodeIgniter->run()
10 SYSTEMPATH\Boot.php(67): CodeIgniter\Boot::runCodeIgniter(Object(CodeIgniter\CodeIgniter))
11 FCPATH\index.php(59): CodeIgniter\Boot::bootWeb(Object(Config\Paths))
DEBUG - 2025-07-14 16:17:12 --> Session: Class initialized using 'CodeIgniter\Session\Handlers\FileHandler' driver.
DEBUG - 2025-07-14 16:17:15 --> Session: Class initialized using 'CodeIgniter\Session\Handlers\FileHandler' driver.
CRITICAL - 2025-07-14 16:17:15 --> ErrorException: Undefined variable $daya
[Method: GET, Route: masterdaya]
in APPPATH\Views\master_daya\index.php on line 44.
 1 APPPATH\Views\master_daya\index.php(44): CodeIgniter\Debug\Exceptions->errorHandler(2, 'Undefined variable $daya', 'C:\\xampp\\htdocs\\webadmin\\app\\Views\\master_daya\\index.php', 44)
 2 SYSTEMPATH\View\View.php(224): include('C:\\xampp\\htdocs\\webadmin\\app\\Views\\master_daya\\index.php')
 3 SYSTEMPATH\View\View.php(227): CodeIgniter\View\View->CodeIgniter\View\{closure}()
 4 SYSTEMPATH\Common.php(1173): CodeIgniter\View\View->render('master_daya/index', [], true)
 5 APPPATH\Controllers\MasterDaya.php(12): view('master_daya/index', [...])
 6 SYSTEMPATH\CodeIgniter.php(933): App\Controllers\MasterDaya->index()
 7 SYSTEMPATH\CodeIgniter.php(507): CodeIgniter\CodeIgniter->runController(Object(App\Controllers\MasterDaya))
 8 SYSTEMPATH\CodeIgniter.php(354): CodeIgniter\CodeIgniter->handleRequest(null, Object(Config\Cache), false)
 9 SYSTEMPATH\Boot.php(334): CodeIgniter\CodeIgniter->run()
10 SYSTEMPATH\Boot.php(67): CodeIgniter\Boot::runCodeIgniter(Object(CodeIgniter\CodeIgniter))
11 FCPATH\index.php(59): CodeIgniter\Boot::bootWeb(Object(Config\Paths))
DEBUG - 2025-07-14 16:18:24 --> Session: Class initialized using 'CodeIgniter\Session\Handlers\FileHandler' driver.
DEBUG - 2025-07-14 16:18:27 --> Session: Class initialized using 'CodeIgniter\Session\Handlers\FileHandler' driver.
DEBUG - 2025-07-14 16:18:38 --> Session: Class initialized using 'CodeIgniter\Session\Handlers\FileHandler' driver.
DEBUG - 2025-07-14 16:20:03 --> Session: Class initialized using 'CodeIgniter\Session\Handlers\FileHandler' driver.
DEBUG - 2025-07-14 16:20:08 --> Session: Class initialized using 'CodeIgniter\Session\Handlers\FileHandler' driver.
DEBUG - 2025-07-14 16:20:12 --> Session: Class initialized using 'CodeIgniter\Session\Handlers\FileHandler' driver.
DEBUG - 2025-07-14 16:20:14 --> Session: Class initialized using 'CodeIgniter\Session\Handlers\FileHandler' driver.
DEBUG - 2025-07-14 16:23:07 --> Session: Class initialized using 'CodeIgniter\Session\Handlers\FileHandler' driver.
DEBUG - 2025-07-14 16:23:10 --> Session: Class initialized using 'CodeIgniter\Session\Handlers\FileHandler' driver.
DEBUG - 2025-07-14 16:23:12 --> Session: Class initialized using 'CodeIgniter\Session\Handlers\FileHandler' driver.
DEBUG - 2025-07-14 16:23:16 --> Session: Class initialized using 'CodeIgniter\Session\Handlers\FileHandler' driver.
DEBUG - 2025-07-14 16:23:16 --> Session: Class initialized using 'CodeIgniter\Session\Handlers\FileHandler' driver.
DEBUG - 2025-07-14 16:23:23 --> Session: Class initialized using 'CodeIgniter\Session\Handlers\FileHandler' driver.
DEBUG - 2025-07-14 16:23:26 --> Session: Class initialized using 'CodeIgniter\Session\Handlers\FileHandler' driver.
DEBUG - 2025-07-14 16:23:31 --> Session: Class initialized using 'CodeIgniter\Session\Handlers\FileHandler' driver.
DEBUG - 2025-07-14 16:23:31 --> Session: Class initialized using 'CodeIgniter\Session\Handlers\FileHandler' driver.
DEBUG - 2025-07-14 16:23:57 --> Session: Class initialized using 'CodeIgniter\Session\Handlers\FileHandler' driver.
DEBUG - 2025-07-14 16:24:20 --> Session: Class initialized using 'CodeIgniter\Session\Handlers\FileHandler' driver.
DEBUG - 2025-07-14 16:24:25 --> Session: Class initialized using 'CodeIgniter\Session\Handlers\FileHandler' driver.
DEBUG - 2025-07-14 16:24:25 --> Session: Class initialized using 'CodeIgniter\Session\Handlers\FileHandler' driver.
DEBUG - 2025-07-14 16:24:40 --> Session: Class initialized using 'CodeIgniter\Session\Handlers\FileHandler' driver.
DEBUG - 2025-07-14 16:25:01 --> Session: Class initialized using 'CodeIgniter\Session\Handlers\FileHandler' driver.
DEBUG - 2025-07-14 16:25:08 --> Session: Class initialized using 'CodeIgniter\Session\Handlers\FileHandler' driver.
DEBUG - 2025-07-14 16:25:08 --> Session: Class initialized using 'CodeIgniter\Session\Handlers\FileHandler' driver.
DEBUG - 2025-07-14 16:25:12 --> Session: Class initialized using 'CodeIgniter\Session\Handlers\FileHandler' driver.
DEBUG - 2025-07-14 16:25:13 --> Session: Class initialized using 'CodeIgniter\Session\Handlers\FileHandler' driver.
DEBUG - 2025-07-14 16:25:26 --> Session: Class initialized using 'CodeIgniter\Session\Handlers\FileHandler' driver.
ERROR - 2025-07-14 16:25:26 --> mysqli_sql_exception: Unknown column 'nama_jenis' in 'field list' in C:\xampp\htdocs\webadmin\system\Database\MySQLi\Connection.php:327
Stack trace:
#0 C:\xampp\htdocs\webadmin\system\Database\MySQLi\Connection.php(327): mysqli->query('INSERT INTO `je...', 0)
#1 C:\xampp\htdocs\webadmin\system\Database\BaseConnection.php(738): CodeIgniter\Database\MySQLi\Connection->execute('INSERT INTO `je...')
#2 C:\xampp\htdocs\webadmin\system\Database\BaseConnection.php(652): CodeIgniter\Database\BaseConnection->simpleQuery('INSERT INTO `je...')
#3 C:\xampp\htdocs\webadmin\system\Database\BaseBuilder.php(2345): CodeIgniter\Database\BaseConnection->query('INSERT INTO `je...', Array, false)
#4 C:\xampp\htdocs\webadmin\app\Controllers\MasterJenis.php(41): CodeIgniter\Database\BaseBuilder->insert(Array)
#5 C:\xampp\htdocs\webadmin\system\CodeIgniter.php(933): App\Controllers\MasterJenis->save()
#6 C:\xampp\htdocs\webadmin\system\CodeIgniter.php(507): CodeIgniter\CodeIgniter->runController(Object(App\Controllers\MasterJenis))
#7 C:\xampp\htdocs\webadmin\system\CodeIgniter.php(354): CodeIgniter\CodeIgniter->handleRequest(NULL, Object(Config\Cache), false)
#8 C:\xampp\htdocs\webadmin\system\Boot.php(334): CodeIgniter\CodeIgniter->run()
#9 C:\xampp\htdocs\webadmin\system\Boot.php(67): CodeIgniter\Boot::runCodeIgniter(Object(CodeIgniter\CodeIgniter))
#10 C:\xampp\htdocs\webadmin\public\index.php(59): CodeIgniter\Boot::bootWeb(Object(Config\Paths))
#11 {main}
CRITICAL - 2025-07-14 16:25:26 --> CodeIgniter\Database\Exceptions\DatabaseException: Unknown column 'nama_jenis' in 'field list'
[Method: POST, Route: masterjenis/save]
in SYSTEMPATH\Database\BaseConnection.php on line 692.
 1 SYSTEMPATH\Database\BaseBuilder.php(2345): CodeIgniter\Database\BaseConnection->query('INSERT INTO `jenis` (`nama_jenis`, `nama_ky`, `otoritas`, `id`) VALUES (:nama_jenis:, :nama_ky:, :otoritas:, :id:)', [...], false)
 2 APPPATH\Controllers\MasterJenis.php(41): CodeIgniter\Database\BaseBuilder->insert([...])
 3 SYSTEMPATH\CodeIgniter.php(933): App\Controllers\MasterJenis->save()
 4 SYSTEMPATH\CodeIgniter.php(507): CodeIgniter\CodeIgniter->runController(Object(App\Controllers\MasterJenis))
 5 SYSTEMPATH\CodeIgniter.php(354): CodeIgniter\CodeIgniter->handleRequest(null, Object(Config\Cache), false)
 6 SYSTEMPATH\Boot.php(334): CodeIgniter\CodeIgniter->run()
 7 SYSTEMPATH\Boot.php(67): CodeIgniter\Boot::runCodeIgniter(Object(CodeIgniter\CodeIgniter))
 8 FCPATH\index.php(59): CodeIgniter\Boot::bootWeb(Object(Config\Paths))
CRITICAL - 2025-07-14 16:25:26 --> [Caused by] CodeIgniter\Database\Exceptions\DatabaseException: Unknown column 'nama_jenis' in 'field list'
in SYSTEMPATH\Database\MySQLi\Connection.php on line 332.
 1 SYSTEMPATH\Database\BaseConnection.php(738): CodeIgniter\Database\MySQLi\Connection->execute('INSERT INTO `jenis` (`nama_jenis`, `nama_ky`, `otoritas`, `id`) VALUES (NULL, \'Genius Hartono\', NULL, 1)')
 2 SYSTEMPATH\Database\BaseConnection.php(652): CodeIgniter\Database\BaseConnection->simpleQuery('INSERT INTO `jenis` (`nama_jenis`, `nama_ky`, `otoritas`, `id`) VALUES (NULL, \'Genius Hartono\', NULL, 1)')
 3 SYSTEMPATH\Database\BaseBuilder.php(2345): CodeIgniter\Database\BaseConnection->query('INSERT INTO `jenis` (`nama_jenis`, `nama_ky`, `otoritas`, `id`) VALUES (:nama_jenis:, :nama_ky:, :otoritas:, :id:)', [...], false)
 4 APPPATH\Controllers\MasterJenis.php(41): CodeIgniter\Database\BaseBuilder->insert([...])
 5 SYSTEMPATH\CodeIgniter.php(933): App\Controllers\MasterJenis->save()
 6 SYSTEMPATH\CodeIgniter.php(507): CodeIgniter\CodeIgniter->runController(Object(App\Controllers\MasterJenis))
 7 SYSTEMPATH\CodeIgniter.php(354): CodeIgniter\CodeIgniter->handleRequest(null, Object(Config\Cache), false)
 8 SYSTEMPATH\Boot.php(334): CodeIgniter\CodeIgniter->run()
 9 SYSTEMPATH\Boot.php(67): CodeIgniter\Boot::runCodeIgniter(Object(CodeIgniter\CodeIgniter))
10 FCPATH\index.php(59): CodeIgniter\Boot::bootWeb(Object(Config\Paths))
CRITICAL - 2025-07-14 16:25:26 --> [Caused by] mysqli_sql_exception: Unknown column 'nama_jenis' in 'field list'
in SYSTEMPATH\Database\MySQLi\Connection.php on line 327.
 1 SYSTEMPATH\Database\MySQLi\Connection.php(327): mysqli->query('INSERT INTO `jenis` (`nama_jenis`, `nama_ky`, `otoritas`, `id`) VALUES (NULL, \'Genius Hartono\', NULL, 1)', 0)
 2 SYSTEMPATH\Database\BaseConnection.php(738): CodeIgniter\Database\MySQLi\Connection->execute('INSERT INTO `jenis` (`nama_jenis`, `nama_ky`, `otoritas`, `id`) VALUES (NULL, \'Genius Hartono\', NULL, 1)')
 3 SYSTEMPATH\Database\BaseConnection.php(652): CodeIgniter\Database\BaseConnection->simpleQuery('INSERT INTO `jenis` (`nama_jenis`, `nama_ky`, `otoritas`, `id`) VALUES (NULL, \'Genius Hartono\', NULL, 1)')
 4 SYSTEMPATH\Database\BaseBuilder.php(2345): CodeIgniter\Database\BaseConnection->query('INSERT INTO `jenis` (`nama_jenis`, `nama_ky`, `otoritas`, `id`) VALUES (:nama_jenis:, :nama_ky:, :otoritas:, :id:)', [...], false)
 5 APPPATH\Controllers\MasterJenis.php(41): CodeIgniter\Database\BaseBuilder->insert([...])
 6 SYSTEMPATH\CodeIgniter.php(933): App\Controllers\MasterJenis->save()
 7 SYSTEMPATH\CodeIgniter.php(507): CodeIgniter\CodeIgniter->runController(Object(App\Controllers\MasterJenis))
 8 SYSTEMPATH\CodeIgniter.php(354): CodeIgniter\CodeIgniter->handleRequest(null, Object(Config\Cache), false)
 9 SYSTEMPATH\Boot.php(334): CodeIgniter\CodeIgniter->run()
10 SYSTEMPATH\Boot.php(67): CodeIgniter\Boot::runCodeIgniter(Object(CodeIgniter\CodeIgniter))
11 FCPATH\index.php(59): CodeIgniter\Boot::bootWeb(Object(Config\Paths))
DEBUG - 2025-07-14 16:28:47 --> Session: Class initialized using 'CodeIgniter\Session\Handlers\FileHandler' driver.
DEBUG - 2025-07-14 16:28:49 --> Session: Class initialized using 'CodeIgniter\Session\Handlers\FileHandler' driver.
DEBUG - 2025-07-14 16:28:49 --> Session: Class initialized using 'CodeIgniter\Session\Handlers\FileHandler' driver.
DEBUG - 2025-07-14 16:28:55 --> Session: Class initialized using 'CodeIgniter\Session\Handlers\FileHandler' driver.
DEBUG - 2025-07-14 16:28:57 --> Session: Class initialized using 'CodeIgniter\Session\Handlers\FileHandler' driver.
DEBUG - 2025-07-14 16:29:05 --> Session: Class initialized using 'CodeIgniter\Session\Handlers\FileHandler' driver.
ERROR - 2025-07-14 16:29:05 --> mysqli_sql_exception: Unknown column 'nama_jumlahmata' in 'field list' in C:\xampp\htdocs\webadmin\system\Database\MySQLi\Connection.php:327
Stack trace:
#0 C:\xampp\htdocs\webadmin\system\Database\MySQLi\Connection.php(327): mysqli->query('INSERT INTO `ju...', 0)
#1 C:\xampp\htdocs\webadmin\system\Database\BaseConnection.php(738): CodeIgniter\Database\MySQLi\Connection->execute('INSERT INTO `ju...')
#2 C:\xampp\htdocs\webadmin\system\Database\BaseConnection.php(652): CodeIgniter\Database\BaseConnection->simpleQuery('INSERT INTO `ju...')
#3 C:\xampp\htdocs\webadmin\system\Database\BaseBuilder.php(2345): CodeIgniter\Database\BaseConnection->query('INSERT INTO `ju...', Array, false)
#4 C:\xampp\htdocs\webadmin\app\Controllers\MasterJumlahMata.php(41): CodeIgniter\Database\BaseBuilder->insert(Array)
#5 C:\xampp\htdocs\webadmin\system\CodeIgniter.php(933): App\Controllers\MasterJumlahMata->save()
#6 C:\xampp\htdocs\webadmin\system\CodeIgniter.php(507): CodeIgniter\CodeIgniter->runController(Object(App\Controllers\MasterJumlahMata))
#7 C:\xampp\htdocs\webadmin\system\CodeIgniter.php(354): CodeIgniter\CodeIgniter->handleRequest(NULL, Object(Config\Cache), false)
#8 C:\xampp\htdocs\webadmin\system\Boot.php(334): CodeIgniter\CodeIgniter->run()
#9 C:\xampp\htdocs\webadmin\system\Boot.php(67): CodeIgniter\Boot::runCodeIgniter(Object(CodeIgniter\CodeIgniter))
#10 C:\xampp\htdocs\webadmin\public\index.php(59): CodeIgniter\Boot::bootWeb(Object(Config\Paths))
#11 {main}
CRITICAL - 2025-07-14 16:29:05 --> CodeIgniter\Database\Exceptions\DatabaseException: Unknown column 'nama_jumlahmata' in 'field list'
[Method: POST, Route: masterjumlahmata/save]
in SYSTEMPATH\Database\BaseConnection.php on line 692.
 1 SYSTEMPATH\Database\BaseBuilder.php(2345): CodeIgniter\Database\BaseConnection->query('INSERT INTO `jumlah_mata` (`nama_jumlahmata`, `nama_ky`, `otoritas`, `id`) VALUES (:nama_jumlahmata:, :nama_ky:, :otoritas:, :id:)', [...], false)
 2 APPPATH\Controllers\MasterJumlahMata.php(41): CodeIgniter\Database\BaseBuilder->insert([...])
 3 SYSTEMPATH\CodeIgniter.php(933): App\Controllers\MasterJumlahMata->save()
 4 SYSTEMPATH\CodeIgniter.php(507): CodeIgniter\CodeIgniter->runController(Object(App\Controllers\MasterJumlahMata))
 5 SYSTEMPATH\CodeIgniter.php(354): CodeIgniter\CodeIgniter->handleRequest(null, Object(Config\Cache), false)
 6 SYSTEMPATH\Boot.php(334): CodeIgniter\CodeIgniter->run()
 7 SYSTEMPATH\Boot.php(67): CodeIgniter\Boot::runCodeIgniter(Object(CodeIgniter\CodeIgniter))
 8 FCPATH\index.php(59): CodeIgniter\Boot::bootWeb(Object(Config\Paths))
CRITICAL - 2025-07-14 16:29:05 --> [Caused by] CodeIgniter\Database\Exceptions\DatabaseException: Unknown column 'nama_jumlahmata' in 'field list'
in SYSTEMPATH\Database\MySQLi\Connection.php on line 332.
 1 SYSTEMPATH\Database\BaseConnection.php(738): CodeIgniter\Database\MySQLi\Connection->execute('INSERT INTO `jumlah_mata` (`nama_jumlahmata`, `nama_ky`, `otoritas`, `id`) VALUES (NULL, \'Genius Hartono\', NULL, 2)')
 2 SYSTEMPATH\Database\BaseConnection.php(652): CodeIgniter\Database\BaseConnection->simpleQuery('INSERT INTO `jumlah_mata` (`nama_jumlahmata`, `nama_ky`, `otoritas`, `id`) VALUES (NULL, \'Genius Hartono\', NULL, 2)')
 3 SYSTEMPATH\Database\BaseBuilder.php(2345): CodeIgniter\Database\BaseConnection->query('INSERT INTO `jumlah_mata` (`nama_jumlahmata`, `nama_ky`, `otoritas`, `id`) VALUES (:nama_jumlahmata:, :nama_ky:, :otoritas:, :id:)', [...], false)
 4 APPPATH\Controllers\MasterJumlahMata.php(41): CodeIgniter\Database\BaseBuilder->insert([...])
 5 SYSTEMPATH\CodeIgniter.php(933): App\Controllers\MasterJumlahMata->save()
 6 SYSTEMPATH\CodeIgniter.php(507): CodeIgniter\CodeIgniter->runController(Object(App\Controllers\MasterJumlahMata))
 7 SYSTEMPATH\CodeIgniter.php(354): CodeIgniter\CodeIgniter->handleRequest(null, Object(Config\Cache), false)
 8 SYSTEMPATH\Boot.php(334): CodeIgniter\CodeIgniter->run()
 9 SYSTEMPATH\Boot.php(67): CodeIgniter\Boot::runCodeIgniter(Object(CodeIgniter\CodeIgniter))
10 FCPATH\index.php(59): CodeIgniter\Boot::bootWeb(Object(Config\Paths))
CRITICAL - 2025-07-14 16:29:05 --> [Caused by] mysqli_sql_exception: Unknown column 'nama_jumlahmata' in 'field list'
in SYSTEMPATH\Database\MySQLi\Connection.php on line 327.
 1 SYSTEMPATH\Database\MySQLi\Connection.php(327): mysqli->query('INSERT INTO `jumlah_mata` (`nama_jumlahmata`, `nama_ky`, `otoritas`, `id`) VALUES (NULL, \'Genius Hartono\', NULL, 2)', 0)
 2 SYSTEMPATH\Database\BaseConnection.php(738): CodeIgniter\Database\MySQLi\Connection->execute('INSERT INTO `jumlah_mata` (`nama_jumlahmata`, `nama_ky`, `otoritas`, `id`) VALUES (NULL, \'Genius Hartono\', NULL, 2)')
 3 SYSTEMPATH\Database\BaseConnection.php(652): CodeIgniter\Database\BaseConnection->simpleQuery('INSERT INTO `jumlah_mata` (`nama_jumlahmata`, `nama_ky`, `otoritas`, `id`) VALUES (NULL, \'Genius Hartono\', NULL, 2)')
 4 SYSTEMPATH\Database\BaseBuilder.php(2345): CodeIgniter\Database\BaseConnection->query('INSERT INTO `jumlah_mata` (`nama_jumlahmata`, `nama_ky`, `otoritas`, `id`) VALUES (:nama_jumlahmata:, :nama_ky:, :otoritas:, :id:)', [...], false)
 5 APPPATH\Controllers\MasterJumlahMata.php(41): CodeIgniter\Database\BaseBuilder->insert([...])
 6 SYSTEMPATH\CodeIgniter.php(933): App\Controllers\MasterJumlahMata->save()
 7 SYSTEMPATH\CodeIgniter.php(507): CodeIgniter\CodeIgniter->runController(Object(App\Controllers\MasterJumlahMata))
 8 SYSTEMPATH\CodeIgniter.php(354): CodeIgniter\CodeIgniter->handleRequest(null, Object(Config\Cache), false)
 9 SYSTEMPATH\Boot.php(334): CodeIgniter\CodeIgniter->run()
10 SYSTEMPATH\Boot.php(67): CodeIgniter\Boot::runCodeIgniter(Object(CodeIgniter\CodeIgniter))
11 FCPATH\index.php(59): CodeIgniter\Boot::bootWeb(Object(Config\Paths))
DEBUG - 2025-07-14 16:40:25 --> Session: Class initialized using 'CodeIgniter\Session\Handlers\FileHandler' driver.
DEBUG - 2025-07-14 16:40:26 --> Session: Class initialized using 'CodeIgniter\Session\Handlers\FileHandler' driver.
DEBUG - 2025-07-14 16:40:26 --> Session: Class initialized using 'CodeIgniter\Session\Handlers\FileHandler' driver.
DEBUG - 2025-07-14 16:40:50 --> Session: Class initialized using 'CodeIgniter\Session\Handlers\FileHandler' driver.
DEBUG - 2025-07-14 16:40:52 --> Session: Class initialized using 'CodeIgniter\Session\Handlers\FileHandler' driver.
DEBUG - 2025-07-14 16:41:00 --> Session: Class initialized using 'CodeIgniter\Session\Handlers\FileHandler' driver.
ERROR - 2025-07-14 16:41:00 --> mysqli_sql_exception: Unknown column 'nama_kaki' in 'field list' in C:\xampp\htdocs\webadmin\system\Database\MySQLi\Connection.php:327
Stack trace:
#0 C:\xampp\htdocs\webadmin\system\Database\MySQLi\Connection.php(327): mysqli->query('INSERT INTO `ka...', 0)
#1 C:\xampp\htdocs\webadmin\system\Database\BaseConnection.php(738): CodeIgniter\Database\MySQLi\Connection->execute('INSERT INTO `ka...')
#2 C:\xampp\htdocs\webadmin\system\Database\BaseConnection.php(652): CodeIgniter\Database\BaseConnection->simpleQuery('INSERT INTO `ka...')
#3 C:\xampp\htdocs\webadmin\system\Database\BaseBuilder.php(2345): CodeIgniter\Database\BaseConnection->query('INSERT INTO `ka...', Array, false)
#4 C:\xampp\htdocs\webadmin\app\Controllers\MasterKaki.php(41): CodeIgniter\Database\BaseBuilder->insert(Array)
#5 C:\xampp\htdocs\webadmin\system\CodeIgniter.php(933): App\Controllers\MasterKaki->save()
#6 C:\xampp\htdocs\webadmin\system\CodeIgniter.php(507): CodeIgniter\CodeIgniter->runController(Object(App\Controllers\MasterKaki))
#7 C:\xampp\htdocs\webadmin\system\CodeIgniter.php(354): CodeIgniter\CodeIgniter->handleRequest(NULL, Object(Config\Cache), false)
#8 C:\xampp\htdocs\webadmin\system\Boot.php(334): CodeIgniter\CodeIgniter->run()
#9 C:\xampp\htdocs\webadmin\system\Boot.php(67): CodeIgniter\Boot::runCodeIgniter(Object(CodeIgniter\CodeIgniter))
#10 C:\xampp\htdocs\webadmin\public\index.php(59): CodeIgniter\Boot::bootWeb(Object(Config\Paths))
#11 {main}
CRITICAL - 2025-07-14 16:41:00 --> CodeIgniter\Database\Exceptions\DatabaseException: Unknown column 'nama_kaki' in 'field list'
[Method: POST, Route: masterkaki/save]
in SYSTEMPATH\Database\BaseConnection.php on line 692.
 1 SYSTEMPATH\Database\BaseBuilder.php(2345): CodeIgniter\Database\BaseConnection->query('INSERT INTO `kaki` (`nama_kaki`, `nama_ky`, `otoritas`, `id`) VALUES (:nama_kaki:, :nama_ky:, :otoritas:, :id:)', [...], false)
 2 APPPATH\Controllers\MasterKaki.php(41): CodeIgniter\Database\BaseBuilder->insert([...])
 3 SYSTEMPATH\CodeIgniter.php(933): App\Controllers\MasterKaki->save()
 4 SYSTEMPATH\CodeIgniter.php(507): CodeIgniter\CodeIgniter->runController(Object(App\Controllers\MasterKaki))
 5 SYSTEMPATH\CodeIgniter.php(354): CodeIgniter\CodeIgniter->handleRequest(null, Object(Config\Cache), false)
 6 SYSTEMPATH\Boot.php(334): CodeIgniter\CodeIgniter->run()
 7 SYSTEMPATH\Boot.php(67): CodeIgniter\Boot::runCodeIgniter(Object(CodeIgniter\CodeIgniter))
 8 FCPATH\index.php(59): CodeIgniter\Boot::bootWeb(Object(Config\Paths))
CRITICAL - 2025-07-14 16:41:00 --> [Caused by] CodeIgniter\Database\Exceptions\DatabaseException: Unknown column 'nama_kaki' in 'field list'
in SYSTEMPATH\Database\MySQLi\Connection.php on line 332.
 1 SYSTEMPATH\Database\BaseConnection.php(738): CodeIgniter\Database\MySQLi\Connection->execute('INSERT INTO `kaki` (`nama_kaki`, `nama_ky`, `otoritas`, `id`) VALUES (NULL, \'Genius Hartono\', NULL, 1)')
 2 SYSTEMPATH\Database\BaseConnection.php(652): CodeIgniter\Database\BaseConnection->simpleQuery('INSERT INTO `kaki` (`nama_kaki`, `nama_ky`, `otoritas`, `id`) VALUES (NULL, \'Genius Hartono\', NULL, 1)')
 3 SYSTEMPATH\Database\BaseBuilder.php(2345): CodeIgniter\Database\BaseConnection->query('INSERT INTO `kaki` (`nama_kaki`, `nama_ky`, `otoritas`, `id`) VALUES (:nama_kaki:, :nama_ky:, :otoritas:, :id:)', [...], false)
 4 APPPATH\Controllers\MasterKaki.php(41): CodeIgniter\Database\BaseBuilder->insert([...])
 5 SYSTEMPATH\CodeIgniter.php(933): App\Controllers\MasterKaki->save()
 6 SYSTEMPATH\CodeIgniter.php(507): CodeIgniter\CodeIgniter->runController(Object(App\Controllers\MasterKaki))
 7 SYSTEMPATH\CodeIgniter.php(354): CodeIgniter\CodeIgniter->handleRequest(null, Object(Config\Cache), false)
 8 SYSTEMPATH\Boot.php(334): CodeIgniter\CodeIgniter->run()
 9 SYSTEMPATH\Boot.php(67): CodeIgniter\Boot::runCodeIgniter(Object(CodeIgniter\CodeIgniter))
10 FCPATH\index.php(59): CodeIgniter\Boot::bootWeb(Object(Config\Paths))
CRITICAL - 2025-07-14 16:41:00 --> [Caused by] mysqli_sql_exception: Unknown column 'nama_kaki' in 'field list'
in SYSTEMPATH\Database\MySQLi\Connection.php on line 327.
 1 SYSTEMPATH\Database\MySQLi\Connection.php(327): mysqli->query('INSERT INTO `kaki` (`nama_kaki`, `nama_ky`, `otoritas`, `id`) VALUES (NULL, \'Genius Hartono\', NULL, 1)', 0)
 2 SYSTEMPATH\Database\BaseConnection.php(738): CodeIgniter\Database\MySQLi\Connection->execute('INSERT INTO `kaki` (`nama_kaki`, `nama_ky`, `otoritas`, `id`) VALUES (NULL, \'Genius Hartono\', NULL, 1)')
 3 SYSTEMPATH\Database\BaseConnection.php(652): CodeIgniter\Database\BaseConnection->simpleQuery('INSERT INTO `kaki` (`nama_kaki`, `nama_ky`, `otoritas`, `id`) VALUES (NULL, \'Genius Hartono\', NULL, 1)')
 4 SYSTEMPATH\Database\BaseBuilder.php(2345): CodeIgniter\Database\BaseConnection->query('INSERT INTO `kaki` (`nama_kaki`, `nama_ky`, `otoritas`, `id`) VALUES (:nama_kaki:, :nama_ky:, :otoritas:, :id:)', [...], false)
 5 APPPATH\Controllers\MasterKaki.php(41): CodeIgniter\Database\BaseBuilder->insert([...])
 6 SYSTEMPATH\CodeIgniter.php(933): App\Controllers\MasterKaki->save()
 7 SYSTEMPATH\CodeIgniter.php(507): CodeIgniter\CodeIgniter->runController(Object(App\Controllers\MasterKaki))
 8 SYSTEMPATH\CodeIgniter.php(354): CodeIgniter\CodeIgniter->handleRequest(null, Object(Config\Cache), false)
 9 SYSTEMPATH\Boot.php(334): CodeIgniter\CodeIgniter->run()
10 SYSTEMPATH\Boot.php(67): CodeIgniter\Boot::runCodeIgniter(Object(CodeIgniter\CodeIgniter))
11 FCPATH\index.php(59): CodeIgniter\Boot::bootWeb(Object(Config\Paths))
DEBUG - 2025-07-14 16:43:10 --> Session: Class initialized using 'CodeIgniter\Session\Handlers\FileHandler' driver.
DEBUG - 2025-07-14 16:43:12 --> Session: Class initialized using 'CodeIgniter\Session\Handlers\FileHandler' driver.
DEBUG - 2025-07-14 16:43:12 --> Session: Class initialized using 'CodeIgniter\Session\Handlers\FileHandler' driver.
