DEBUG - 2025-08-19 05:32:44 --> Session: Class initialized using 'CodeIgniter\Session\Handlers\FileHandler' driver.
DEBUG - 2025-08-19 05:33:05 --> LOGIN DEBUG: user=Array
(
    [id] => 909
    [username] => geni1819
    [password] => $2y$10$5RKKP5rjZ.5HLC9zfCnCa.0ut/80NkKLLEJast1qo16qZbb7lYjDm
    [nama] => Genius Hartono
    [alamat] => Canggu
    [noktp] => 32534535434534
    [profile_image] => assets/img/profiles/1754360418_f8328bc9d08ca01b89ee.png
    [birthday] => 2000-05-31
    [deleted_at] => 
    [recovered_at] => 
    [otoritas] => T
    [created_at] => 2025-07-05 14:20:16
    [updated_at] => 2025-08-07 14:48:00
)

DEBUG - 2025-08-19 05:33:05 --> LOGIN DEBUG: userDept=Array
(
    [id] => 5
    [user_id] => 909
    [department_id] => 3
    [deleted_at] => 
)

DEBUG - 2025-08-19 05:33:05 --> Session: Class initialized using 'CodeIgniter\Session\Handlers\FileHandler' driver.
DEBUG - 2025-08-19 05:33:05 --> LOGIN DEBUG: sessionData=Array
(
    [user_id] => 909
    [user_username] => geni1819
    [user_nama] => Genius Hartono
    [department_id] => 3
    [isLoggedIn] => 1
)

DEBUG - 2025-08-19 05:33:06 --> Session: Class initialized using 'CodeIgniter\Session\Handlers\FileHandler' driver.
DEBUG - 2025-08-19 05:33:08 --> Session: Class initialized using 'CodeIgniter\Session\Handlers\FileHandler' driver.
DEBUG - 2025-08-19 05:33:11 --> Session: Class initialized using 'CodeIgniter\Session\Handlers\FileHandler' driver.
DEBUG - 2025-08-19 05:33:16 --> Session: Class initialized using 'CodeIgniter\Session\Handlers\FileHandler' driver.
DEBUG - 2025-08-19 05:47:55 --> Session: Class initialized using 'CodeIgniter\Session\Handlers\FileHandler' driver.
DEBUG - 2025-08-19 05:47:59 --> Session: Class initialized using 'CodeIgniter\Session\Handlers\FileHandler' driver.
DEBUG - 2025-08-19 05:49:07 --> Session: Class initialized using 'CodeIgniter\Session\Handlers\FileHandler' driver.
DEBUG - 2025-08-19 05:49:07 --> Session: Class initialized using 'CodeIgniter\Session\Handlers\FileHandler' driver.
DEBUG - 2025-08-19 05:49:21 --> LOGIN DEBUG: user=Array
(
    [id] => 909
    [username] => geni1819
    [password] => $2y$10$5RKKP5rjZ.5HLC9zfCnCa.0ut/80NkKLLEJast1qo16qZbb7lYjDm
    [nama] => Genius Hartono
    [alamat] => Canggu
    [noktp] => 32534535434534
    [profile_image] => assets/img/profiles/1754360418_f8328bc9d08ca01b89ee.png
    [birthday] => 2000-05-31
    [deleted_at] => 
    [recovered_at] => 
    [otoritas] => T
    [created_at] => 2025-07-05 14:20:16
    [updated_at] => 2025-08-07 14:48:00
)

DEBUG - 2025-08-19 05:49:21 --> LOGIN DEBUG: userDept=Array
(
    [id] => 5
    [user_id] => 909
    [department_id] => 3
    [deleted_at] => 
)

DEBUG - 2025-08-19 05:49:21 --> Session: Class initialized using 'CodeIgniter\Session\Handlers\FileHandler' driver.
DEBUG - 2025-08-19 05:49:21 --> LOGIN DEBUG: sessionData=Array
(
    [user_id] => 909
    [user_username] => geni1819
    [user_nama] => Genius Hartono
    [department_id] => 3
    [isLoggedIn] => 1
)

DEBUG - 2025-08-19 05:49:21 --> Session: Class initialized using 'CodeIgniter\Session\Handlers\FileHandler' driver.
DEBUG - 2025-08-19 05:49:24 --> Session: Class initialized using 'CodeIgniter\Session\Handlers\FileHandler' driver.
DEBUG - 2025-08-19 05:51:23 --> Session: Class initialized using 'CodeIgniter\Session\Handlers\FileHandler' driver.
DEBUG - 2025-08-19 05:51:28 --> Session: Class initialized using 'CodeIgniter\Session\Handlers\FileHandler' driver.
DEBUG - 2025-08-19 05:51:32 --> Session: Class initialized using 'CodeIgniter\Session\Handlers\FileHandler' driver.
DEBUG - 2025-08-19 05:51:37 --> Session: Class initialized using 'CodeIgniter\Session\Handlers\FileHandler' driver.
DEBUG - 2025-08-19 05:54:12 --> Session: Class initialized using 'CodeIgniter\Session\Handlers\FileHandler' driver.
DEBUG - 2025-08-19 05:54:17 --> Session: Class initialized using 'CodeIgniter\Session\Handlers\FileHandler' driver.
DEBUG - 2025-08-19 05:54:17 --> Session: Class initialized using 'CodeIgniter\Session\Handlers\FileHandler' driver.
DEBUG - 2025-08-19 05:54:20 --> Session: Class initialized using 'CodeIgniter\Session\Handlers\FileHandler' driver.
DEBUG - 2025-08-19 05:59:44 --> Session: Class initialized using 'CodeIgniter\Session\Handlers\FileHandler' driver.
DEBUG - 2025-08-19 05:59:47 --> Session: Class initialized using 'CodeIgniter\Session\Handlers\FileHandler' driver.
DEBUG - 2025-08-19 05:59:50 --> Session: Class initialized using 'CodeIgniter\Session\Handlers\FileHandler' driver.
DEBUG - 2025-08-19 06:00:51 --> Session: Class initialized using 'CodeIgniter\Session\Handlers\FileHandler' driver.
DEBUG - 2025-08-19 06:35:00 --> Session: Class initialized using 'CodeIgniter\Session\Handlers\FileHandler' driver.
DEBUG - 2025-08-19 06:35:10 --> Session: Class initialized using 'CodeIgniter\Session\Handlers\FileHandler' driver.
ERROR - 2025-08-19 06:35:10 --> ErrorException: pg_query(): Query failed: ERROR:  null value in column &quot;total&quot; of relation &quot;sales&quot; violates not-null constraint
DETAIL:  Failing row contains (5, INV-20250819-52857, 2025-08-19, null, null, draft, null, 0.00, 0.00, null, null, 0.00, 0.00, 0.00, null, null, null, manual, 2025-08-19 06:35:10, 2025-08-19 06:35:10, null, Cash, null, null, null). in C:\xampp\htdocs\webadmin3\system\Database\Postgre\Connection.php:206
Stack trace:
#0 [internal function]: CodeIgniter\Debug\Exceptions->errorHandler(2, 'pg_query(): Que...', 'C:\\xampp\\htdocs...', 206)
#1 C:\xampp\htdocs\webadmin3\system\Database\Postgre\Connection.php(206): pg_query(Object(PgSql\Connection), 'INSERT INTO "sa...')
#2 C:\xampp\htdocs\webadmin3\system\Database\BaseConnection.php(738): CodeIgniter\Database\Postgre\Connection->execute('INSERT INTO "sa...')
#3 C:\xampp\htdocs\webadmin3\system\Database\BaseConnection.php(652): CodeIgniter\Database\BaseConnection->simpleQuery('INSERT INTO "sa...')
#4 C:\xampp\htdocs\webadmin3\system\Database\BaseBuilder.php(2345): CodeIgniter\Database\BaseConnection->query('INSERT INTO "sa...', Array, false)
#5 C:\xampp\htdocs\webadmin3\system\Model.php(394): CodeIgniter\Database\BaseBuilder->insert()
#6 C:\xampp\htdocs\webadmin3\system\BaseModel.php(843): CodeIgniter\Model->doInsert(Array)
#7 C:\xampp\htdocs\webadmin3\system\Model.php(800): CodeIgniter\BaseModel->insert(Array, true)
#8 C:\xampp\htdocs\webadmin3\app\Controllers\Penjualan.php(117): CodeIgniter\Model->insert(Array)
#9 C:\xampp\htdocs\webadmin3\system\CodeIgniter.php(933): App\Controllers\Penjualan->create()
#10 C:\xampp\htdocs\webadmin3\system\CodeIgniter.php(507): CodeIgniter\CodeIgniter->runController(Object(App\Controllers\Penjualan))
#11 C:\xampp\htdocs\webadmin3\system\CodeIgniter.php(354): CodeIgniter\CodeIgniter->handleRequest(NULL, Object(Config\Cache), false)
#12 C:\xampp\htdocs\webadmin3\system\Boot.php(334): CodeIgniter\CodeIgniter->run()
#13 C:\xampp\htdocs\webadmin3\system\Boot.php(67): CodeIgniter\Boot::runCodeIgniter(Object(CodeIgniter\CodeIgniter))
#14 C:\xampp\htdocs\webadmin3\public\index.php(59): CodeIgniter\Boot::bootWeb(Object(Config\Paths))
#15 {main}
CRITICAL - 2025-08-19 06:35:10 --> CodeIgniter\Database\Exceptions\DatabaseException: pg_query(): Query failed: ERROR:  null value in column &quot;total&quot; of relation &quot;sales&quot; violates not-null constraint
DETAIL:  Failing row contains (5, INV-20250819-52857, 2025-08-19, null, null, draft, null, 0.00, 0.00, null, null, 0.00, 0.00, 0.00, null, null, null, manual, 2025-08-19 06:35:10, 2025-08-19 06:35:10, null, Cash, null, null, null).
[Method: POST, Route: penjualan/create]
in SYSTEMPATH\Database\BaseConnection.php on line 692.
 1 SYSTEMPATH\Database\BaseBuilder.php(2345): CodeIgniter\Database\BaseConnection->query('INSERT INTO "sales" ("nomor_nota", "tanggal_nota", "status", "created_at", "updated_at") VALUES (:nomor_nota:, :tanggal_nota:, :status:, :created_at:, :updated_at:)', [...], false)
 2 SYSTEMPATH\Model.php(394): CodeIgniter\Database\BaseBuilder->insert()
 3 SYSTEMPATH\BaseModel.php(843): CodeIgniter\Model->doInsert([...])
 4 SYSTEMPATH\Model.php(800): CodeIgniter\BaseModel->insert([...], true)
 5 APPPATH\Controllers\Penjualan.php(117): CodeIgniter\Model->insert([...])
 6 SYSTEMPATH\CodeIgniter.php(933): App\Controllers\Penjualan->create()
 7 SYSTEMPATH\CodeIgniter.php(507): CodeIgniter\CodeIgniter->runController(Object(App\Controllers\Penjualan))
 8 SYSTEMPATH\CodeIgniter.php(354): CodeIgniter\CodeIgniter->handleRequest(null, Object(Config\Cache), false)
 9 SYSTEMPATH\Boot.php(334): CodeIgniter\CodeIgniter->run()
10 SYSTEMPATH\Boot.php(67): CodeIgniter\Boot::runCodeIgniter(Object(CodeIgniter\CodeIgniter))
11 FCPATH\index.php(59): CodeIgniter\Boot::bootWeb(Object(Config\Paths))
CRITICAL - 2025-08-19 06:35:10 --> [Caused by] CodeIgniter\Database\Exceptions\DatabaseException: pg_query(): Query failed: ERROR:  null value in column &quot;total&quot; of relation &quot;sales&quot; violates not-null constraint
DETAIL:  Failing row contains (5, INV-20250819-52857, 2025-08-19, null, null, draft, null, 0.00, 0.00, null, null, 0.00, 0.00, 0.00, null, null, null, manual, 2025-08-19 06:35:10, 2025-08-19 06:35:10, null, Cash, null, null, null).
in SYSTEMPATH\Database\Postgre\Connection.php on line 211.
 1 SYSTEMPATH\Database\BaseConnection.php(738): CodeIgniter\Database\Postgre\Connection->execute('INSERT INTO "sales" ("nomor_nota", "tanggal_nota", "status", "created_at", "updated_at") VALUES (\'INV-20250819-52857\', \'2025-08-19\', \'draft\', \'2025-08-19 06:35:10\', \'2025-08-19 06:35:10\')')
 2 SYSTEMPATH\Database\BaseConnection.php(652): CodeIgniter\Database\BaseConnection->simpleQuery('INSERT INTO "sales" ("nomor_nota", "tanggal_nota", "status", "created_at", "updated_at") VALUES (\'INV-20250819-52857\', \'2025-08-19\', \'draft\', \'2025-08-19 06:35:10\', \'2025-08-19 06:35:10\')')
 3 SYSTEMPATH\Database\BaseBuilder.php(2345): CodeIgniter\Database\BaseConnection->query('INSERT INTO "sales" ("nomor_nota", "tanggal_nota", "status", "created_at", "updated_at") VALUES (:nomor_nota:, :tanggal_nota:, :status:, :created_at:, :updated_at:)', [...], false)
 4 SYSTEMPATH\Model.php(394): CodeIgniter\Database\BaseBuilder->insert()
 5 SYSTEMPATH\BaseModel.php(843): CodeIgniter\Model->doInsert([...])
 6 SYSTEMPATH\Model.php(800): CodeIgniter\BaseModel->insert([...], true)
 7 APPPATH\Controllers\Penjualan.php(117): CodeIgniter\Model->insert([...])
 8 SYSTEMPATH\CodeIgniter.php(933): App\Controllers\Penjualan->create()
 9 SYSTEMPATH\CodeIgniter.php(507): CodeIgniter\CodeIgniter->runController(Object(App\Controllers\Penjualan))
10 SYSTEMPATH\CodeIgniter.php(354): CodeIgniter\CodeIgniter->handleRequest(null, Object(Config\Cache), false)
11 SYSTEMPATH\Boot.php(334): CodeIgniter\CodeIgniter->run()
12 SYSTEMPATH\Boot.php(67): CodeIgniter\Boot::runCodeIgniter(Object(CodeIgniter\CodeIgniter))
13 FCPATH\index.php(59): CodeIgniter\Boot::bootWeb(Object(Config\Paths))
CRITICAL - 2025-08-19 06:35:10 --> [Caused by] ErrorException: pg_query(): Query failed: ERROR:  null value in column &quot;total&quot; of relation &quot;sales&quot; violates not-null constraint
DETAIL:  Failing row contains (5, INV-20250819-52857, 2025-08-19, null, null, draft, null, 0.00, 0.00, null, null, 0.00, 0.00, 0.00, null, null, null, manual, 2025-08-19 06:35:10, 2025-08-19 06:35:10, null, Cash, null, null, null).
in SYSTEMPATH\Database\Postgre\Connection.php on line 206.
 1 [internal function]: CodeIgniter\Debug\Exceptions->errorHandler(2, 'pg_query(): Query failed: ERROR:  null value in column &quot;total&quot; of relation &quot;sales&quot; violates not-null constraint
DETAIL:  Failing row contains (5, INV-20250819-52857, 2025-08-19, null, null, draft, null, 0.00, 0.00, null, null, 0.00, 0.00, 0.00, null, null, null, manual, 2025-08-19 06:35:10, 2025-08-19 06:35:10, null, Cash, null, null, null).', 'C:\\xampp\\htdocs\\webadmin3\\system\\Database\\Postgre\\Connection.php', 206)
 2 SYSTEMPATH\Database\Postgre\Connection.php(206): pg_query(Object(PgSql\Connection), 'INSERT INTO "sales" ("nomor_nota", "tanggal_nota", "status", "created_at", "updated_at") VALUES (\'INV-20250819-52857\', \'2025-08-19\', \'draft\', \'2025-08-19 06:35:10\', \'2025-08-19 06:35:10\')')
 3 SYSTEMPATH\Database\BaseConnection.php(738): CodeIgniter\Database\Postgre\Connection->execute('INSERT INTO "sales" ("nomor_nota", "tanggal_nota", "status", "created_at", "updated_at") VALUES (\'INV-20250819-52857\', \'2025-08-19\', \'draft\', \'2025-08-19 06:35:10\', \'2025-08-19 06:35:10\')')
 4 SYSTEMPATH\Database\BaseConnection.php(652): CodeIgniter\Database\BaseConnection->simpleQuery('INSERT INTO "sales" ("nomor_nota", "tanggal_nota", "status", "created_at", "updated_at") VALUES (\'INV-20250819-52857\', \'2025-08-19\', \'draft\', \'2025-08-19 06:35:10\', \'2025-08-19 06:35:10\')')
 5 SYSTEMPATH\Database\BaseBuilder.php(2345): CodeIgniter\Database\BaseConnection->query('INSERT INTO "sales" ("nomor_nota", "tanggal_nota", "status", "created_at", "updated_at") VALUES (:nomor_nota:, :tanggal_nota:, :status:, :created_at:, :updated_at:)', [...], false)
 6 SYSTEMPATH\Model.php(394): CodeIgniter\Database\BaseBuilder->insert()
 7 SYSTEMPATH\BaseModel.php(843): CodeIgniter\Model->doInsert([...])
 8 SYSTEMPATH\Model.php(800): CodeIgniter\BaseModel->insert([...], true)
 9 APPPATH\Controllers\Penjualan.php(117): CodeIgniter\Model->insert([...])
10 SYSTEMPATH\CodeIgniter.php(933): App\Controllers\Penjualan->create()
11 SYSTEMPATH\CodeIgniter.php(507): CodeIgniter\CodeIgniter->runController(Object(App\Controllers\Penjualan))
12 SYSTEMPATH\CodeIgniter.php(354): CodeIgniter\CodeIgniter->handleRequest(null, Object(Config\Cache), false)
13 SYSTEMPATH\Boot.php(334): CodeIgniter\CodeIgniter->run()
14 SYSTEMPATH\Boot.php(67): CodeIgniter\Boot::runCodeIgniter(Object(CodeIgniter\CodeIgniter))
15 FCPATH\index.php(59): CodeIgniter\Boot::bootWeb(Object(Config\Paths))
DEBUG - 2025-08-19 06:39:50 --> Session: Class initialized using 'CodeIgniter\Session\Handlers\FileHandler' driver.
DEBUG - 2025-08-19 06:39:53 --> Session: Class initialized using 'CodeIgniter\Session\Handlers\FileHandler' driver.
DEBUG - 2025-08-19 06:39:53 --> Session: Class initialized using 'CodeIgniter\Session\Handlers\FileHandler' driver.
WARNING - 2025-08-19 06:39:53 --> [DEPRECATED] number_format(): Passing null to parameter #1 ($num) of type float is deprecated in APPPATH\Views\penjualan\datapenjualan.php on line 142.
 1 APPPATH\Views\penjualan\datapenjualan.php(142): number_format(null, 0, ',', '.')
 2 SYSTEMPATH\View\View.php(224): include('C:\\xampp\\htdocs\\webadmin3\\app\\Views\\penjualan\\datapenjualan.php')
 3 SYSTEMPATH\View\View.php(227): CodeIgniter\View\View->CodeIgniter\View\{closure}()
 4 SYSTEMPATH\Common.php(1173): CodeIgniter\View\View->render('penjualan/datapenjualan', [], true)
 5 APPPATH\Controllers\Penjualan.php(60): view('penjualan/datapenjualan', [...])
 6 SYSTEMPATH\CodeIgniter.php(933): App\Controllers\Penjualan->datapenjualan()
 7 SYSTEMPATH\CodeIgniter.php(507): CodeIgniter\CodeIgniter->runController(Object(App\Controllers\Penjualan))
 8 SYSTEMPATH\CodeIgniter.php(354): CodeIgniter\CodeIgniter->handleRequest(null, Object(Config\Cache), false)
 9 SYSTEMPATH\Boot.php(334): CodeIgniter\CodeIgniter->run()
10 SYSTEMPATH\Boot.php(67): CodeIgniter\Boot::runCodeIgniter(Object(CodeIgniter\CodeIgniter))
11 FCPATH\index.php(59): CodeIgniter\Boot::bootWeb(Object(Config\Paths))
DEBUG - 2025-08-19 06:42:41 --> Session: Class initialized using 'CodeIgniter\Session\Handlers\FileHandler' driver.
WARNING - 2025-08-19 06:42:41 --> [DEPRECATED] number_format(): Passing null to parameter #1 ($num) of type float is deprecated in APPPATH\Views\penjualan\datapenjualan.php on line 142.
 1 APPPATH\Views\penjualan\datapenjualan.php(142): number_format(null, 0, ',', '.')
 2 SYSTEMPATH\View\View.php(224): include('C:\\xampp\\htdocs\\webadmin3\\app\\Views\\penjualan\\datapenjualan.php')
 3 SYSTEMPATH\View\View.php(227): CodeIgniter\View\View->CodeIgniter\View\{closure}()
 4 SYSTEMPATH\Common.php(1173): CodeIgniter\View\View->render('penjualan/datapenjualan', [], true)
 5 APPPATH\Controllers\Penjualan.php(60): view('penjualan/datapenjualan', [...])
 6 SYSTEMPATH\CodeIgniter.php(933): App\Controllers\Penjualan->datapenjualan()
 7 SYSTEMPATH\CodeIgniter.php(507): CodeIgniter\CodeIgniter->runController(Object(App\Controllers\Penjualan))
 8 SYSTEMPATH\CodeIgniter.php(354): CodeIgniter\CodeIgniter->handleRequest(null, Object(Config\Cache), false)
 9 SYSTEMPATH\Boot.php(334): CodeIgniter\CodeIgniter->run()
10 SYSTEMPATH\Boot.php(67): CodeIgniter\Boot::runCodeIgniter(Object(CodeIgniter\CodeIgniter))
11 FCPATH\index.php(59): CodeIgniter\Boot::bootWeb(Object(Config\Paths))
DEBUG - 2025-08-19 06:42:44 --> Session: Class initialized using 'CodeIgniter\Session\Handlers\FileHandler' driver.
DEBUG - 2025-08-19 06:42:44 --> Session: Class initialized using 'CodeIgniter\Session\Handlers\FileHandler' driver.
DEBUG - 2025-08-19 06:42:57 --> Session: Class initialized using 'CodeIgniter\Session\Handlers\FileHandler' driver.
WARNING - 2025-08-19 06:42:57 --> [DEPRECATED] number_format(): Passing null to parameter #1 ($num) of type float is deprecated in APPPATH\Views\penjualan\datapenjualan.php on line 142.
 1 APPPATH\Views\penjualan\datapenjualan.php(142): number_format(null, 0, ',', '.')
 2 SYSTEMPATH\View\View.php(224): include('C:\\xampp\\htdocs\\webadmin3\\app\\Views\\penjualan\\datapenjualan.php')
 3 SYSTEMPATH\View\View.php(227): CodeIgniter\View\View->CodeIgniter\View\{closure}()
 4 SYSTEMPATH\Common.php(1173): CodeIgniter\View\View->render('penjualan/datapenjualan', [], true)
 5 APPPATH\Controllers\Penjualan.php(60): view('penjualan/datapenjualan', [...])
 6 SYSTEMPATH\CodeIgniter.php(933): App\Controllers\Penjualan->datapenjualan()
 7 SYSTEMPATH\CodeIgniter.php(507): CodeIgniter\CodeIgniter->runController(Object(App\Controllers\Penjualan))
 8 SYSTEMPATH\CodeIgniter.php(354): CodeIgniter\CodeIgniter->handleRequest(null, Object(Config\Cache), false)
 9 SYSTEMPATH\Boot.php(334): CodeIgniter\CodeIgniter->run()
10 SYSTEMPATH\Boot.php(67): CodeIgniter\Boot::runCodeIgniter(Object(CodeIgniter\CodeIgniter))
11 FCPATH\index.php(59): CodeIgniter\Boot::bootWeb(Object(Config\Paths))
WARNING - 2025-08-19 06:42:57 --> [DEPRECATED] number_format(): Passing null to parameter #1 ($num) of type float is deprecated in APPPATH\Views\penjualan\datapenjualan.php on line 142.
 1 APPPATH\Views\penjualan\datapenjualan.php(142): number_format(null, 0, ',', '.')
 2 SYSTEMPATH\View\View.php(224): include('C:\\xampp\\htdocs\\webadmin3\\app\\Views\\penjualan\\datapenjualan.php')
 3 SYSTEMPATH\View\View.php(227): CodeIgniter\View\View->CodeIgniter\View\{closure}()
 4 SYSTEMPATH\Common.php(1173): CodeIgniter\View\View->render('penjualan/datapenjualan', [], true)
 5 APPPATH\Controllers\Penjualan.php(60): view('penjualan/datapenjualan', [...])
 6 SYSTEMPATH\CodeIgniter.php(933): App\Controllers\Penjualan->datapenjualan()
 7 SYSTEMPATH\CodeIgniter.php(507): CodeIgniter\CodeIgniter->runController(Object(App\Controllers\Penjualan))
 8 SYSTEMPATH\CodeIgniter.php(354): CodeIgniter\CodeIgniter->handleRequest(null, Object(Config\Cache), false)
 9 SYSTEMPATH\Boot.php(334): CodeIgniter\CodeIgniter->run()
10 SYSTEMPATH\Boot.php(67): CodeIgniter\Boot::runCodeIgniter(Object(CodeIgniter\CodeIgniter))
11 FCPATH\index.php(59): CodeIgniter\Boot::bootWeb(Object(Config\Paths))
DEBUG - 2025-08-19 06:43:08 --> Session: Class initialized using 'CodeIgniter\Session\Handlers\FileHandler' driver.
DEBUG - 2025-08-19 06:43:08 --> Session: Class initialized using 'CodeIgniter\Session\Handlers\FileHandler' driver.
DEBUG - 2025-08-19 06:43:16 --> Session: Class initialized using 'CodeIgniter\Session\Handlers\FileHandler' driver.
WARNING - 2025-08-19 06:43:16 --> [DEPRECATED] number_format(): Passing null to parameter #1 ($num) of type float is deprecated in APPPATH\Views\penjualan\datapenjualan.php on line 142.
 1 APPPATH\Views\penjualan\datapenjualan.php(142): number_format(null, 0, ',', '.')
 2 SYSTEMPATH\View\View.php(224): include('C:\\xampp\\htdocs\\webadmin3\\app\\Views\\penjualan\\datapenjualan.php')
 3 SYSTEMPATH\View\View.php(227): CodeIgniter\View\View->CodeIgniter\View\{closure}()
 4 SYSTEMPATH\Common.php(1173): CodeIgniter\View\View->render('penjualan/datapenjualan', [], true)
 5 APPPATH\Controllers\Penjualan.php(60): view('penjualan/datapenjualan', [...])
 6 SYSTEMPATH\CodeIgniter.php(933): App\Controllers\Penjualan->datapenjualan()
 7 SYSTEMPATH\CodeIgniter.php(507): CodeIgniter\CodeIgniter->runController(Object(App\Controllers\Penjualan))
 8 SYSTEMPATH\CodeIgniter.php(354): CodeIgniter\CodeIgniter->handleRequest(null, Object(Config\Cache), false)
 9 SYSTEMPATH\Boot.php(334): CodeIgniter\CodeIgniter->run()
10 SYSTEMPATH\Boot.php(67): CodeIgniter\Boot::runCodeIgniter(Object(CodeIgniter\CodeIgniter))
11 FCPATH\index.php(59): CodeIgniter\Boot::bootWeb(Object(Config\Paths))
WARNING - 2025-08-19 06:43:16 --> [DEPRECATED] number_format(): Passing null to parameter #1 ($num) of type float is deprecated in APPPATH\Views\penjualan\datapenjualan.php on line 142.
 1 APPPATH\Views\penjualan\datapenjualan.php(142): number_format(null, 0, ',', '.')
 2 SYSTEMPATH\View\View.php(224): include('C:\\xampp\\htdocs\\webadmin3\\app\\Views\\penjualan\\datapenjualan.php')
 3 SYSTEMPATH\View\View.php(227): CodeIgniter\View\View->CodeIgniter\View\{closure}()
 4 SYSTEMPATH\Common.php(1173): CodeIgniter\View\View->render('penjualan/datapenjualan', [], true)
 5 APPPATH\Controllers\Penjualan.php(60): view('penjualan/datapenjualan', [...])
 6 SYSTEMPATH\CodeIgniter.php(933): App\Controllers\Penjualan->datapenjualan()
 7 SYSTEMPATH\CodeIgniter.php(507): CodeIgniter\CodeIgniter->runController(Object(App\Controllers\Penjualan))
 8 SYSTEMPATH\CodeIgniter.php(354): CodeIgniter\CodeIgniter->handleRequest(null, Object(Config\Cache), false)
 9 SYSTEMPATH\Boot.php(334): CodeIgniter\CodeIgniter->run()
10 SYSTEMPATH\Boot.php(67): CodeIgniter\Boot::runCodeIgniter(Object(CodeIgniter\CodeIgniter))
11 FCPATH\index.php(59): CodeIgniter\Boot::bootWeb(Object(Config\Paths))
WARNING - 2025-08-19 06:43:16 --> [DEPRECATED] number_format(): Passing null to parameter #1 ($num) of type float is deprecated in APPPATH\Views\penjualan\datapenjualan.php on line 142.
 1 APPPATH\Views\penjualan\datapenjualan.php(142): number_format(null, 0, ',', '.')
 2 SYSTEMPATH\View\View.php(224): include('C:\\xampp\\htdocs\\webadmin3\\app\\Views\\penjualan\\datapenjualan.php')
 3 SYSTEMPATH\View\View.php(227): CodeIgniter\View\View->CodeIgniter\View\{closure}()
 4 SYSTEMPATH\Common.php(1173): CodeIgniter\View\View->render('penjualan/datapenjualan', [], true)
 5 APPPATH\Controllers\Penjualan.php(60): view('penjualan/datapenjualan', [...])
 6 SYSTEMPATH\CodeIgniter.php(933): App\Controllers\Penjualan->datapenjualan()
 7 SYSTEMPATH\CodeIgniter.php(507): CodeIgniter\CodeIgniter->runController(Object(App\Controllers\Penjualan))
 8 SYSTEMPATH\CodeIgniter.php(354): CodeIgniter\CodeIgniter->handleRequest(null, Object(Config\Cache), false)
 9 SYSTEMPATH\Boot.php(334): CodeIgniter\CodeIgniter->run()
10 SYSTEMPATH\Boot.php(67): CodeIgniter\Boot::runCodeIgniter(Object(CodeIgniter\CodeIgniter))
11 FCPATH\index.php(59): CodeIgniter\Boot::bootWeb(Object(Config\Paths))
DEBUG - 2025-08-19 06:44:52 --> Session: Class initialized using 'CodeIgniter\Session\Handlers\FileHandler' driver.
DEBUG - 2025-08-19 06:45:09 --> Session: Class initialized using 'CodeIgniter\Session\Handlers\FileHandler' driver.
DEBUG - 2025-08-19 06:45:09 --> Session: Class initialized using 'CodeIgniter\Session\Handlers\FileHandler' driver.
DEBUG - 2025-08-19 06:45:16 --> Session: Class initialized using 'CodeIgniter\Session\Handlers\FileHandler' driver.
WARNING - 2025-08-19 06:45:17 --> [DEPRECATED] number_format(): Passing null to parameter #1 ($num) of type float is deprecated in APPPATH\Views\penjualan\datapenjualan.php on line 142.
 1 APPPATH\Views\penjualan\datapenjualan.php(142): number_format(null, 0, ',', '.')
 2 SYSTEMPATH\View\View.php(224): include('C:\\xampp\\htdocs\\webadmin3\\app\\Views\\penjualan\\datapenjualan.php')
 3 SYSTEMPATH\View\View.php(227): CodeIgniter\View\View->CodeIgniter\View\{closure}()
 4 SYSTEMPATH\Common.php(1173): CodeIgniter\View\View->render('penjualan/datapenjualan', [], true)
 5 APPPATH\Controllers\Penjualan.php(60): view('penjualan/datapenjualan', [...])
 6 SYSTEMPATH\CodeIgniter.php(933): App\Controllers\Penjualan->datapenjualan()
 7 SYSTEMPATH\CodeIgniter.php(507): CodeIgniter\CodeIgniter->runController(Object(App\Controllers\Penjualan))
 8 SYSTEMPATH\CodeIgniter.php(354): CodeIgniter\CodeIgniter->handleRequest(null, Object(Config\Cache), false)
 9 SYSTEMPATH\Boot.php(334): CodeIgniter\CodeIgniter->run()
10 SYSTEMPATH\Boot.php(67): CodeIgniter\Boot::runCodeIgniter(Object(CodeIgniter\CodeIgniter))
11 FCPATH\index.php(59): CodeIgniter\Boot::bootWeb(Object(Config\Paths))
WARNING - 2025-08-19 06:45:17 --> [DEPRECATED] number_format(): Passing null to parameter #1 ($num) of type float is deprecated in APPPATH\Views\penjualan\datapenjualan.php on line 142.
 1 APPPATH\Views\penjualan\datapenjualan.php(142): number_format(null, 0, ',', '.')
 2 SYSTEMPATH\View\View.php(224): include('C:\\xampp\\htdocs\\webadmin3\\app\\Views\\penjualan\\datapenjualan.php')
 3 SYSTEMPATH\View\View.php(227): CodeIgniter\View\View->CodeIgniter\View\{closure}()
 4 SYSTEMPATH\Common.php(1173): CodeIgniter\View\View->render('penjualan/datapenjualan', [], true)
 5 APPPATH\Controllers\Penjualan.php(60): view('penjualan/datapenjualan', [...])
 6 SYSTEMPATH\CodeIgniter.php(933): App\Controllers\Penjualan->datapenjualan()
 7 SYSTEMPATH\CodeIgniter.php(507): CodeIgniter\CodeIgniter->runController(Object(App\Controllers\Penjualan))
 8 SYSTEMPATH\CodeIgniter.php(354): CodeIgniter\CodeIgniter->handleRequest(null, Object(Config\Cache), false)
 9 SYSTEMPATH\Boot.php(334): CodeIgniter\CodeIgniter->run()
10 SYSTEMPATH\Boot.php(67): CodeIgniter\Boot::runCodeIgniter(Object(CodeIgniter\CodeIgniter))
11 FCPATH\index.php(59): CodeIgniter\Boot::bootWeb(Object(Config\Paths))
WARNING - 2025-08-19 06:45:17 --> [DEPRECATED] number_format(): Passing null to parameter #1 ($num) of type float is deprecated in APPPATH\Views\penjualan\datapenjualan.php on line 142.
 1 APPPATH\Views\penjualan\datapenjualan.php(142): number_format(null, 0, ',', '.')
 2 SYSTEMPATH\View\View.php(224): include('C:\\xampp\\htdocs\\webadmin3\\app\\Views\\penjualan\\datapenjualan.php')
 3 SYSTEMPATH\View\View.php(227): CodeIgniter\View\View->CodeIgniter\View\{closure}()
 4 SYSTEMPATH\Common.php(1173): CodeIgniter\View\View->render('penjualan/datapenjualan', [], true)
 5 APPPATH\Controllers\Penjualan.php(60): view('penjualan/datapenjualan', [...])
 6 SYSTEMPATH\CodeIgniter.php(933): App\Controllers\Penjualan->datapenjualan()
 7 SYSTEMPATH\CodeIgniter.php(507): CodeIgniter\CodeIgniter->runController(Object(App\Controllers\Penjualan))
 8 SYSTEMPATH\CodeIgniter.php(354): CodeIgniter\CodeIgniter->handleRequest(null, Object(Config\Cache), false)
 9 SYSTEMPATH\Boot.php(334): CodeIgniter\CodeIgniter->run()
10 SYSTEMPATH\Boot.php(67): CodeIgniter\Boot::runCodeIgniter(Object(CodeIgniter\CodeIgniter))
11 FCPATH\index.php(59): CodeIgniter\Boot::bootWeb(Object(Config\Paths))
WARNING - 2025-08-19 06:45:17 --> [DEPRECATED] number_format(): Passing null to parameter #1 ($num) of type float is deprecated in APPPATH\Views\penjualan\datapenjualan.php on line 142.
 1 APPPATH\Views\penjualan\datapenjualan.php(142): number_format(null, 0, ',', '.')
 2 SYSTEMPATH\View\View.php(224): include('C:\\xampp\\htdocs\\webadmin3\\app\\Views\\penjualan\\datapenjualan.php')
 3 SYSTEMPATH\View\View.php(227): CodeIgniter\View\View->CodeIgniter\View\{closure}()
 4 SYSTEMPATH\Common.php(1173): CodeIgniter\View\View->render('penjualan/datapenjualan', [], true)
 5 APPPATH\Controllers\Penjualan.php(60): view('penjualan/datapenjualan', [...])
 6 SYSTEMPATH\CodeIgniter.php(933): App\Controllers\Penjualan->datapenjualan()
 7 SYSTEMPATH\CodeIgniter.php(507): CodeIgniter\CodeIgniter->runController(Object(App\Controllers\Penjualan))
 8 SYSTEMPATH\CodeIgniter.php(354): CodeIgniter\CodeIgniter->handleRequest(null, Object(Config\Cache), false)
 9 SYSTEMPATH\Boot.php(334): CodeIgniter\CodeIgniter->run()
10 SYSTEMPATH\Boot.php(67): CodeIgniter\Boot::runCodeIgniter(Object(CodeIgniter\CodeIgniter))
11 FCPATH\index.php(59): CodeIgniter\Boot::bootWeb(Object(Config\Paths))
DEBUG - 2025-08-19 06:48:19 --> Session: Class initialized using 'CodeIgniter\Session\Handlers\FileHandler' driver.
DEBUG - 2025-08-19 06:48:28 --> Session: Class initialized using 'CodeIgniter\Session\Handlers\FileHandler' driver.
DEBUG - 2025-08-19 06:48:33 --> Session: Class initialized using 'CodeIgniter\Session\Handlers\FileHandler' driver.
DEBUG - 2025-08-19 06:48:35 --> Session: Class initialized using 'CodeIgniter\Session\Handlers\FileHandler' driver.
DEBUG - 2025-08-19 06:48:35 --> Session: Class initialized using 'CodeIgniter\Session\Handlers\FileHandler' driver.
DEBUG - 2025-08-19 06:48:43 --> Session: Class initialized using 'CodeIgniter\Session\Handlers\FileHandler' driver.
WARNING - 2025-08-19 06:48:43 --> [DEPRECATED] number_format(): Passing null to parameter #1 ($num) of type float is deprecated in APPPATH\Views\penjualan\datapenjualan.php on line 142.
 1 APPPATH\Views\penjualan\datapenjualan.php(142): number_format(null, 0, ',', '.')
 2 SYSTEMPATH\View\View.php(224): include('C:\\xampp\\htdocs\\webadmin3\\app\\Views\\penjualan\\datapenjualan.php')
 3 SYSTEMPATH\View\View.php(227): CodeIgniter\View\View->CodeIgniter\View\{closure}()
 4 SYSTEMPATH\Common.php(1173): CodeIgniter\View\View->render('penjualan/datapenjualan', [], true)
 5 APPPATH\Controllers\Penjualan.php(60): view('penjualan/datapenjualan', [...])
 6 SYSTEMPATH\CodeIgniter.php(933): App\Controllers\Penjualan->datapenjualan()
 7 SYSTEMPATH\CodeIgniter.php(507): CodeIgniter\CodeIgniter->runController(Object(App\Controllers\Penjualan))
 8 SYSTEMPATH\CodeIgniter.php(354): CodeIgniter\CodeIgniter->handleRequest(null, Object(Config\Cache), false)
 9 SYSTEMPATH\Boot.php(334): CodeIgniter\CodeIgniter->run()
10 SYSTEMPATH\Boot.php(67): CodeIgniter\Boot::runCodeIgniter(Object(CodeIgniter\CodeIgniter))
11 FCPATH\index.php(59): CodeIgniter\Boot::bootWeb(Object(Config\Paths))
DEBUG - 2025-08-19 06:48:51 --> Session: Class initialized using 'CodeIgniter\Session\Handlers\FileHandler' driver.
ERROR - 2025-08-19 06:48:51 --> ErrorException: pg_query(): Query failed: ERROR:  date/time field value out of range: &quot;19/08/2025&quot;
LINE 1: UPDATE &quot;sales&quot; SET &quot;tanggal_nota&quot; = '19/08/2025', &quot;customer&quot;...
                                            ^
HINT:  Perhaps you need a different &quot;datestyle&quot; setting. in C:\xampp\htdocs\webadmin3\system\Database\Postgre\Connection.php:206
Stack trace:
#0 [internal function]: CodeIgniter\Debug\Exceptions->errorHandler(2, 'pg_query(): Que...', 'C:\\xampp\\htdocs...', 206)
#1 C:\xampp\htdocs\webadmin3\system\Database\Postgre\Connection.php(206): pg_query(Object(PgSql\Connection), 'UPDATE "sales" ...')
#2 C:\xampp\htdocs\webadmin3\system\Database\BaseConnection.php(738): CodeIgniter\Database\Postgre\Connection->execute('UPDATE "sales" ...')
#3 C:\xampp\htdocs\webadmin3\system\Database\BaseConnection.php(652): CodeIgniter\Database\BaseConnection->simpleQuery('UPDATE "sales" ...')
#4 C:\xampp\htdocs\webadmin3\system\Database\BaseBuilder.php(2521): CodeIgniter\Database\BaseConnection->query('UPDATE "sales" ...', Array, false)
#5 C:\xampp\htdocs\webadmin3\system\Model.php(461): CodeIgniter\Database\BaseBuilder->update()
#6 C:\xampp\htdocs\webadmin3\system\BaseModel.php(1031): CodeIgniter\Model->doUpdate(NULL, Array)
#7 C:\xampp\htdocs\webadmin3\system\Model.php(863): CodeIgniter\BaseModel->update(NULL, Array)
#8 C:\xampp\htdocs\webadmin3\app\Controllers\Penjualan.php(321): CodeIgniter\Model->update()
#9 C:\xampp\htdocs\webadmin3\system\CodeIgniter.php(933): App\Controllers\Penjualan->posBooking()
#10 C:\xampp\htdocs\webadmin3\system\CodeIgniter.php(507): CodeIgniter\CodeIgniter->runController(Object(App\Controllers\Penjualan))
#11 C:\xampp\htdocs\webadmin3\system\CodeIgniter.php(354): CodeIgniter\CodeIgniter->handleRequest(NULL, Object(Config\Cache), false)
#12 C:\xampp\htdocs\webadmin3\system\Boot.php(334): CodeIgniter\CodeIgniter->run()
#13 C:\xampp\htdocs\webadmin3\system\Boot.php(67): CodeIgniter\Boot::runCodeIgniter(Object(CodeIgniter\CodeIgniter))
#14 C:\xampp\htdocs\webadmin3\public\index.php(59): CodeIgniter\Boot::bootWeb(Object(Config\Paths))
#15 {main}
CRITICAL - 2025-08-19 06:48:51 --> CodeIgniter\Database\Exceptions\DatabaseException: pg_query(): Query failed: ERROR:  date/time field value out of range: &quot;19/08/2025&quot;
LINE 1: UPDATE &quot;sales&quot; SET &quot;tanggal_nota&quot; = '19/08/2025', &quot;customer&quot;...
                                            ^
HINT:  Perhaps you need a different &quot;datestyle&quot; setting.
[Method: POST, Route: penjualan/posBooking]
in SYSTEMPATH\Database\BaseConnection.php on line 692.
 1 SYSTEMPATH\Database\BaseBuilder.php(2521): CodeIgniter\Database\BaseConnection->query('UPDATE "sales" SET "tanggal_nota" = :tanggal_nota:, "customer" = :customer:, "sales" = :sales:, "payment_system" = :payment_system:, "metode_bayar" = :metode_bayar:, "tenor" = :tenor:, "dp" = :dp:, "catatan_kredit" = :catatan_kredit:, "total" = :total:, "grand_total" = :grand_total:, "status" = :status:, "updated_at" = :updated_at:
WHERE "nomor_nota" = :nomor_nota:', [...], false)
 2 SYSTEMPATH\Model.php(461): CodeIgniter\Database\BaseBuilder->update()
 3 SYSTEMPATH\BaseModel.php(1031): CodeIgniter\Model->doUpdate(null, [...])
 4 SYSTEMPATH\Model.php(863): CodeIgniter\BaseModel->update(null, [...])
 5 APPPATH\Controllers\Penjualan.php(321): CodeIgniter\Model->update()
 6 SYSTEMPATH\CodeIgniter.php(933): App\Controllers\Penjualan->posBooking()
 7 SYSTEMPATH\CodeIgniter.php(507): CodeIgniter\CodeIgniter->runController(Object(App\Controllers\Penjualan))
 8 SYSTEMPATH\CodeIgniter.php(354): CodeIgniter\CodeIgniter->handleRequest(null, Object(Config\Cache), false)
 9 SYSTEMPATH\Boot.php(334): CodeIgniter\CodeIgniter->run()
10 SYSTEMPATH\Boot.php(67): CodeIgniter\Boot::runCodeIgniter(Object(CodeIgniter\CodeIgniter))
11 FCPATH\index.php(59): CodeIgniter\Boot::bootWeb(Object(Config\Paths))
CRITICAL - 2025-08-19 06:48:51 --> [Caused by] CodeIgniter\Database\Exceptions\DatabaseException: pg_query(): Query failed: ERROR:  date/time field value out of range: &quot;19/08/2025&quot;
LINE 1: UPDATE &quot;sales&quot; SET &quot;tanggal_nota&quot; = '19/08/2025', &quot;customer&quot;...
                                            ^
HINT:  Perhaps you need a different &quot;datestyle&quot; setting.
in SYSTEMPATH\Database\Postgre\Connection.php on line 211.
 1 SYSTEMPATH\Database\BaseConnection.php(738): CodeIgniter\Database\Postgre\Connection->execute('UPDATE "sales" SET "tanggal_nota" = \'19/08/2025\', "customer" = \'2\', "sales" = \'2\', "payment_system" = \'Cash\', "metode_bayar" = \'Cash\', "tenor" = \'\', "dp" = \'\', "catatan_kredit" = \'\', "total" = NULL, "grand_total" = NULL, "status" = \'selesai\', "updated_at" = \'2025-08-19 06:48:51\'
WHERE "nomor_nota" = \'INV-20250819-44F59\'')
 2 SYSTEMPATH\Database\BaseConnection.php(652): CodeIgniter\Database\BaseConnection->simpleQuery('UPDATE "sales" SET "tanggal_nota" = \'19/08/2025\', "customer" = \'2\', "sales" = \'2\', "payment_system" = \'Cash\', "metode_bayar" = \'Cash\', "tenor" = \'\', "dp" = \'\', "catatan_kredit" = \'\', "total" = NULL, "grand_total" = NULL, "status" = \'selesai\', "updated_at" = \'2025-08-19 06:48:51\'
WHERE "nomor_nota" = \'INV-20250819-44F59\'')
 3 SYSTEMPATH\Database\BaseBuilder.php(2521): CodeIgniter\Database\BaseConnection->query('UPDATE "sales" SET "tanggal_nota" = :tanggal_nota:, "customer" = :customer:, "sales" = :sales:, "payment_system" = :payment_system:, "metode_bayar" = :metode_bayar:, "tenor" = :tenor:, "dp" = :dp:, "catatan_kredit" = :catatan_kredit:, "total" = :total:, "grand_total" = :grand_total:, "status" = :status:, "updated_at" = :updated_at:
WHERE "nomor_nota" = :nomor_nota:', [...], false)
 4 SYSTEMPATH\Model.php(461): CodeIgniter\Database\BaseBuilder->update()
 5 SYSTEMPATH\BaseModel.php(1031): CodeIgniter\Model->doUpdate(null, [...])
 6 SYSTEMPATH\Model.php(863): CodeIgniter\BaseModel->update(null, [...])
 7 APPPATH\Controllers\Penjualan.php(321): CodeIgniter\Model->update()
 8 SYSTEMPATH\CodeIgniter.php(933): App\Controllers\Penjualan->posBooking()
 9 SYSTEMPATH\CodeIgniter.php(507): CodeIgniter\CodeIgniter->runController(Object(App\Controllers\Penjualan))
10 SYSTEMPATH\CodeIgniter.php(354): CodeIgniter\CodeIgniter->handleRequest(null, Object(Config\Cache), false)
11 SYSTEMPATH\Boot.php(334): CodeIgniter\CodeIgniter->run()
12 SYSTEMPATH\Boot.php(67): CodeIgniter\Boot::runCodeIgniter(Object(CodeIgniter\CodeIgniter))
13 FCPATH\index.php(59): CodeIgniter\Boot::bootWeb(Object(Config\Paths))
CRITICAL - 2025-08-19 06:48:51 --> [Caused by] ErrorException: pg_query(): Query failed: ERROR:  date/time field value out of range: &quot;19/08/2025&quot;
LINE 1: UPDATE &quot;sales&quot; SET &quot;tanggal_nota&quot; = '19/08/2025', &quot;customer&quot;...
                                            ^
HINT:  Perhaps you need a different &quot;datestyle&quot; setting.
in SYSTEMPATH\Database\Postgre\Connection.php on line 206.
 1 [internal function]: CodeIgniter\Debug\Exceptions->errorHandler(2, 'pg_query(): Query failed: ERROR:  date/time field value out of range: &quot;19/08/2025&quot;
LINE 1: UPDATE &quot;sales&quot; SET &quot;tanggal_nota&quot; = \'19/08/2025\', &quot;customer&quot;...
                                            ^
HINT:  Perhaps you need a different &quot;datestyle&quot; setting.', 'C:\\xampp\\htdocs\\webadmin3\\system\\Database\\Postgre\\Connection.php', 206)
 2 SYSTEMPATH\Database\Postgre\Connection.php(206): pg_query(Object(PgSql\Connection), 'UPDATE "sales" SET "tanggal_nota" = \'19/08/2025\', "customer" = \'2\', "sales" = \'2\', "payment_system" = \'Cash\', "metode_bayar" = \'Cash\', "tenor" = \'\', "dp" = \'\', "catatan_kredit" = \'\', "total" = NULL, "grand_total" = NULL, "status" = \'selesai\', "updated_at" = \'2025-08-19 06:48:51\'
WHERE "nomor_nota" = \'INV-20250819-44F59\'')
 3 SYSTEMPATH\Database\BaseConnection.php(738): CodeIgniter\Database\Postgre\Connection->execute('UPDATE "sales" SET "tanggal_nota" = \'19/08/2025\', "customer" = \'2\', "sales" = \'2\', "payment_system" = \'Cash\', "metode_bayar" = \'Cash\', "tenor" = \'\', "dp" = \'\', "catatan_kredit" = \'\', "total" = NULL, "grand_total" = NULL, "status" = \'selesai\', "updated_at" = \'2025-08-19 06:48:51\'
WHERE "nomor_nota" = \'INV-20250819-44F59\'')
 4 SYSTEMPATH\Database\BaseConnection.php(652): CodeIgniter\Database\BaseConnection->simpleQuery('UPDATE "sales" SET "tanggal_nota" = \'19/08/2025\', "customer" = \'2\', "sales" = \'2\', "payment_system" = \'Cash\', "metode_bayar" = \'Cash\', "tenor" = \'\', "dp" = \'\', "catatan_kredit" = \'\', "total" = NULL, "grand_total" = NULL, "status" = \'selesai\', "updated_at" = \'2025-08-19 06:48:51\'
WHERE "nomor_nota" = \'INV-20250819-44F59\'')
 5 SYSTEMPATH\Database\BaseBuilder.php(2521): CodeIgniter\Database\BaseConnection->query('UPDATE "sales" SET "tanggal_nota" = :tanggal_nota:, "customer" = :customer:, "sales" = :sales:, "payment_system" = :payment_system:, "metode_bayar" = :metode_bayar:, "tenor" = :tenor:, "dp" = :dp:, "catatan_kredit" = :catatan_kredit:, "total" = :total:, "grand_total" = :grand_total:, "status" = :status:, "updated_at" = :updated_at:
WHERE "nomor_nota" = :nomor_nota:', [...], false)
 6 SYSTEMPATH\Model.php(461): CodeIgniter\Database\BaseBuilder->update()
 7 SYSTEMPATH\BaseModel.php(1031): CodeIgniter\Model->doUpdate(null, [...])
 8 SYSTEMPATH\Model.php(863): CodeIgniter\BaseModel->update(null, [...])
 9 APPPATH\Controllers\Penjualan.php(321): CodeIgniter\Model->update()
10 SYSTEMPATH\CodeIgniter.php(933): App\Controllers\Penjualan->posBooking()
11 SYSTEMPATH\CodeIgniter.php(507): CodeIgniter\CodeIgniter->runController(Object(App\Controllers\Penjualan))
12 SYSTEMPATH\CodeIgniter.php(354): CodeIgniter\CodeIgniter->handleRequest(null, Object(Config\Cache), false)
13 SYSTEMPATH\Boot.php(334): CodeIgniter\CodeIgniter->run()
14 SYSTEMPATH\Boot.php(67): CodeIgniter\Boot::runCodeIgniter(Object(CodeIgniter\CodeIgniter))
15 FCPATH\index.php(59): CodeIgniter\Boot::bootWeb(Object(Config\Paths))
DEBUG - 2025-08-19 06:49:43 --> Session: Class initialized using 'CodeIgniter\Session\Handlers\FileHandler' driver.
WARNING - 2025-08-19 06:49:43 --> [DEPRECATED] number_format(): Passing null to parameter #1 ($num) of type float is deprecated in APPPATH\Views\penjualan\datapenjualan.php on line 142.
 1 APPPATH\Views\penjualan\datapenjualan.php(142): number_format(null, 0, ',', '.')
 2 SYSTEMPATH\View\View.php(224): include('C:\\xampp\\htdocs\\webadmin3\\app\\Views\\penjualan\\datapenjualan.php')
 3 SYSTEMPATH\View\View.php(227): CodeIgniter\View\View->CodeIgniter\View\{closure}()
 4 SYSTEMPATH\Common.php(1173): CodeIgniter\View\View->render('penjualan/datapenjualan', [], true)
 5 APPPATH\Controllers\Penjualan.php(60): view('penjualan/datapenjualan', [...])
 6 SYSTEMPATH\CodeIgniter.php(933): App\Controllers\Penjualan->datapenjualan()
 7 SYSTEMPATH\CodeIgniter.php(507): CodeIgniter\CodeIgniter->runController(Object(App\Controllers\Penjualan))
 8 SYSTEMPATH\CodeIgniter.php(354): CodeIgniter\CodeIgniter->handleRequest(null, Object(Config\Cache), false)
 9 SYSTEMPATH\Boot.php(334): CodeIgniter\CodeIgniter->run()
10 SYSTEMPATH\Boot.php(67): CodeIgniter\Boot::runCodeIgniter(Object(CodeIgniter\CodeIgniter))
11 FCPATH\index.php(59): CodeIgniter\Boot::bootWeb(Object(Config\Paths))
DEBUG - 2025-08-19 06:50:55 --> Session: Class initialized using 'CodeIgniter\Session\Handlers\FileHandler' driver.
DEBUG - 2025-08-19 06:51:11 --> Session: Class initialized using 'CodeIgniter\Session\Handlers\FileHandler' driver.
ERROR - 2025-08-19 06:51:12 --> ErrorException: pg_query(): Query failed: ERROR:  invalid input syntax for type integer: &quot;&quot;
LINE 1: ...tem&quot; = 'Cash', &quot;metode_bayar&quot; = 'Cash', &quot;tenor&quot; = '', &quot;dp&quot; =...
                                                             ^ in C:\xampp\htdocs\webadmin3\system\Database\Postgre\Connection.php:206
Stack trace:
#0 [internal function]: CodeIgniter\Debug\Exceptions->errorHandler(2, 'pg_query(): Que...', 'C:\\xampp\\htdocs...', 206)
#1 C:\xampp\htdocs\webadmin3\system\Database\Postgre\Connection.php(206): pg_query(Object(PgSql\Connection), 'UPDATE "sales" ...')
#2 C:\xampp\htdocs\webadmin3\system\Database\BaseConnection.php(738): CodeIgniter\Database\Postgre\Connection->execute('UPDATE "sales" ...')
#3 C:\xampp\htdocs\webadmin3\system\Database\BaseConnection.php(652): CodeIgniter\Database\BaseConnection->simpleQuery('UPDATE "sales" ...')
#4 C:\xampp\htdocs\webadmin3\system\Database\BaseBuilder.php(2521): CodeIgniter\Database\BaseConnection->query('UPDATE "sales" ...', Array, false)
#5 C:\xampp\htdocs\webadmin3\system\Model.php(461): CodeIgniter\Database\BaseBuilder->update()
#6 C:\xampp\htdocs\webadmin3\system\BaseModel.php(1031): CodeIgniter\Model->doUpdate(NULL, Array)
#7 C:\xampp\htdocs\webadmin3\system\Model.php(863): CodeIgniter\BaseModel->update(NULL, Array)
#8 C:\xampp\htdocs\webadmin3\app\Controllers\Penjualan.php(325): CodeIgniter\Model->update()
#9 C:\xampp\htdocs\webadmin3\system\CodeIgniter.php(933): App\Controllers\Penjualan->posBooking()
#10 C:\xampp\htdocs\webadmin3\system\CodeIgniter.php(507): CodeIgniter\CodeIgniter->runController(Object(App\Controllers\Penjualan))
#11 C:\xampp\htdocs\webadmin3\system\CodeIgniter.php(354): CodeIgniter\CodeIgniter->handleRequest(NULL, Object(Config\Cache), false)
#12 C:\xampp\htdocs\webadmin3\system\Boot.php(334): CodeIgniter\CodeIgniter->run()
#13 C:\xampp\htdocs\webadmin3\system\Boot.php(67): CodeIgniter\Boot::runCodeIgniter(Object(CodeIgniter\CodeIgniter))
#14 C:\xampp\htdocs\webadmin3\public\index.php(59): CodeIgniter\Boot::bootWeb(Object(Config\Paths))
#15 {main}
CRITICAL - 2025-08-19 06:51:12 --> CodeIgniter\Database\Exceptions\DatabaseException: pg_query(): Query failed: ERROR:  invalid input syntax for type integer: &quot;&quot;
LINE 1: ...tem&quot; = 'Cash', &quot;metode_bayar&quot; = 'Cash', &quot;tenor&quot; = '', &quot;dp&quot; =...
                                                             ^
[Method: POST, Route: penjualan/posBooking]
in SYSTEMPATH\Database\BaseConnection.php on line 692.
 1 SYSTEMPATH\Database\BaseBuilder.php(2521): CodeIgniter\Database\BaseConnection->query('UPDATE "sales" SET "tanggal_nota" = :tanggal_nota:, "customer" = :customer:, "sales" = :sales:, "payment_system" = :payment_system:, "metode_bayar" = :metode_bayar:, "tenor" = :tenor:, "dp" = :dp:, "catatan_kredit" = :catatan_kredit:, "total" = :total:, "grand_total" = :grand_total:, "status" = :status:, "updated_at" = :updated_at:
WHERE "nomor_nota" = :nomor_nota:', [...], false)
 2 SYSTEMPATH\Model.php(461): CodeIgniter\Database\BaseBuilder->update()
 3 SYSTEMPATH\BaseModel.php(1031): CodeIgniter\Model->doUpdate(null, [...])
 4 SYSTEMPATH\Model.php(863): CodeIgniter\BaseModel->update(null, [...])
 5 APPPATH\Controllers\Penjualan.php(325): CodeIgniter\Model->update()
 6 SYSTEMPATH\CodeIgniter.php(933): App\Controllers\Penjualan->posBooking()
 7 SYSTEMPATH\CodeIgniter.php(507): CodeIgniter\CodeIgniter->runController(Object(App\Controllers\Penjualan))
 8 SYSTEMPATH\CodeIgniter.php(354): CodeIgniter\CodeIgniter->handleRequest(null, Object(Config\Cache), false)
 9 SYSTEMPATH\Boot.php(334): CodeIgniter\CodeIgniter->run()
10 SYSTEMPATH\Boot.php(67): CodeIgniter\Boot::runCodeIgniter(Object(CodeIgniter\CodeIgniter))
11 FCPATH\index.php(59): CodeIgniter\Boot::bootWeb(Object(Config\Paths))
CRITICAL - 2025-08-19 06:51:12 --> [Caused by] CodeIgniter\Database\Exceptions\DatabaseException: pg_query(): Query failed: ERROR:  invalid input syntax for type integer: &quot;&quot;
LINE 1: ...tem&quot; = 'Cash', &quot;metode_bayar&quot; = 'Cash', &quot;tenor&quot; = '', &quot;dp&quot; =...
                                                             ^
in SYSTEMPATH\Database\Postgre\Connection.php on line 211.
 1 SYSTEMPATH\Database\BaseConnection.php(738): CodeIgniter\Database\Postgre\Connection->execute('UPDATE "sales" SET "tanggal_nota" = \'2025-08-19\', "customer" = \'2\', "sales" = \'2\', "payment_system" = \'Cash\', "metode_bayar" = \'Cash\', "tenor" = \'\', "dp" = \'\', "catatan_kredit" = \'\', "total" = NULL, "grand_total" = NULL, "status" = \'selesai\', "updated_at" = \'2025-08-19 06:51:11\'
WHERE "nomor_nota" = \'INV-20250819-44F59\'')
 2 SYSTEMPATH\Database\BaseConnection.php(652): CodeIgniter\Database\BaseConnection->simpleQuery('UPDATE "sales" SET "tanggal_nota" = \'2025-08-19\', "customer" = \'2\', "sales" = \'2\', "payment_system" = \'Cash\', "metode_bayar" = \'Cash\', "tenor" = \'\', "dp" = \'\', "catatan_kredit" = \'\', "total" = NULL, "grand_total" = NULL, "status" = \'selesai\', "updated_at" = \'2025-08-19 06:51:11\'
WHERE "nomor_nota" = \'INV-20250819-44F59\'')
 3 SYSTEMPATH\Database\BaseBuilder.php(2521): CodeIgniter\Database\BaseConnection->query('UPDATE "sales" SET "tanggal_nota" = :tanggal_nota:, "customer" = :customer:, "sales" = :sales:, "payment_system" = :payment_system:, "metode_bayar" = :metode_bayar:, "tenor" = :tenor:, "dp" = :dp:, "catatan_kredit" = :catatan_kredit:, "total" = :total:, "grand_total" = :grand_total:, "status" = :status:, "updated_at" = :updated_at:
WHERE "nomor_nota" = :nomor_nota:', [...], false)
 4 SYSTEMPATH\Model.php(461): CodeIgniter\Database\BaseBuilder->update()
 5 SYSTEMPATH\BaseModel.php(1031): CodeIgniter\Model->doUpdate(null, [...])
 6 SYSTEMPATH\Model.php(863): CodeIgniter\BaseModel->update(null, [...])
 7 APPPATH\Controllers\Penjualan.php(325): CodeIgniter\Model->update()
 8 SYSTEMPATH\CodeIgniter.php(933): App\Controllers\Penjualan->posBooking()
 9 SYSTEMPATH\CodeIgniter.php(507): CodeIgniter\CodeIgniter->runController(Object(App\Controllers\Penjualan))
10 SYSTEMPATH\CodeIgniter.php(354): CodeIgniter\CodeIgniter->handleRequest(null, Object(Config\Cache), false)
11 SYSTEMPATH\Boot.php(334): CodeIgniter\CodeIgniter->run()
12 SYSTEMPATH\Boot.php(67): CodeIgniter\Boot::runCodeIgniter(Object(CodeIgniter\CodeIgniter))
13 FCPATH\index.php(59): CodeIgniter\Boot::bootWeb(Object(Config\Paths))
CRITICAL - 2025-08-19 06:51:12 --> [Caused by] ErrorException: pg_query(): Query failed: ERROR:  invalid input syntax for type integer: &quot;&quot;
LINE 1: ...tem&quot; = 'Cash', &quot;metode_bayar&quot; = 'Cash', &quot;tenor&quot; = '', &quot;dp&quot; =...
                                                             ^
in SYSTEMPATH\Database\Postgre\Connection.php on line 206.
 1 [internal function]: CodeIgniter\Debug\Exceptions->errorHandler(2, 'pg_query(): Query failed: ERROR:  invalid input syntax for type integer: &quot;&quot;
LINE 1: ...tem&quot; = \'Cash\', &quot;metode_bayar&quot; = \'Cash\', &quot;tenor&quot; = \'\', &quot;dp&quot; =...
                                                             ^', 'C:\\xampp\\htdocs\\webadmin3\\system\\Database\\Postgre\\Connection.php', 206)
 2 SYSTEMPATH\Database\Postgre\Connection.php(206): pg_query(Object(PgSql\Connection), 'UPDATE "sales" SET "tanggal_nota" = \'2025-08-19\', "customer" = \'2\', "sales" = \'2\', "payment_system" = \'Cash\', "metode_bayar" = \'Cash\', "tenor" = \'\', "dp" = \'\', "catatan_kredit" = \'\', "total" = NULL, "grand_total" = NULL, "status" = \'selesai\', "updated_at" = \'2025-08-19 06:51:11\'
WHERE "nomor_nota" = \'INV-20250819-44F59\'')
 3 SYSTEMPATH\Database\BaseConnection.php(738): CodeIgniter\Database\Postgre\Connection->execute('UPDATE "sales" SET "tanggal_nota" = \'2025-08-19\', "customer" = \'2\', "sales" = \'2\', "payment_system" = \'Cash\', "metode_bayar" = \'Cash\', "tenor" = \'\', "dp" = \'\', "catatan_kredit" = \'\', "total" = NULL, "grand_total" = NULL, "status" = \'selesai\', "updated_at" = \'2025-08-19 06:51:11\'
WHERE "nomor_nota" = \'INV-20250819-44F59\'')
 4 SYSTEMPATH\Database\BaseConnection.php(652): CodeIgniter\Database\BaseConnection->simpleQuery('UPDATE "sales" SET "tanggal_nota" = \'2025-08-19\', "customer" = \'2\', "sales" = \'2\', "payment_system" = \'Cash\', "metode_bayar" = \'Cash\', "tenor" = \'\', "dp" = \'\', "catatan_kredit" = \'\', "total" = NULL, "grand_total" = NULL, "status" = \'selesai\', "updated_at" = \'2025-08-19 06:51:11\'
WHERE "nomor_nota" = \'INV-20250819-44F59\'')
 5 SYSTEMPATH\Database\BaseBuilder.php(2521): CodeIgniter\Database\BaseConnection->query('UPDATE "sales" SET "tanggal_nota" = :tanggal_nota:, "customer" = :customer:, "sales" = :sales:, "payment_system" = :payment_system:, "metode_bayar" = :metode_bayar:, "tenor" = :tenor:, "dp" = :dp:, "catatan_kredit" = :catatan_kredit:, "total" = :total:, "grand_total" = :grand_total:, "status" = :status:, "updated_at" = :updated_at:
WHERE "nomor_nota" = :nomor_nota:', [...], false)
 6 SYSTEMPATH\Model.php(461): CodeIgniter\Database\BaseBuilder->update()
 7 SYSTEMPATH\BaseModel.php(1031): CodeIgniter\Model->doUpdate(null, [...])
 8 SYSTEMPATH\Model.php(863): CodeIgniter\BaseModel->update(null, [...])
 9 APPPATH\Controllers\Penjualan.php(325): CodeIgniter\Model->update()
10 SYSTEMPATH\CodeIgniter.php(933): App\Controllers\Penjualan->posBooking()
11 SYSTEMPATH\CodeIgniter.php(507): CodeIgniter\CodeIgniter->runController(Object(App\Controllers\Penjualan))
12 SYSTEMPATH\CodeIgniter.php(354): CodeIgniter\CodeIgniter->handleRequest(null, Object(Config\Cache), false)
13 SYSTEMPATH\Boot.php(334): CodeIgniter\CodeIgniter->run()
14 SYSTEMPATH\Boot.php(67): CodeIgniter\Boot::runCodeIgniter(Object(CodeIgniter\CodeIgniter))
15 FCPATH\index.php(59): CodeIgniter\Boot::bootWeb(Object(Config\Paths))
DEBUG - 2025-08-19 06:57:55 --> Session: Class initialized using 'CodeIgniter\Session\Handlers\FileHandler' driver.
DEBUG - 2025-08-19 06:58:10 --> Session: Class initialized using 'CodeIgniter\Session\Handlers\FileHandler' driver.
DEBUG - 2025-08-19 06:58:10 --> Session: Class initialized using 'CodeIgniter\Session\Handlers\FileHandler' driver.
WARNING - 2025-08-19 06:58:11 --> [DEPRECATED] number_format(): Passing null to parameter #1 ($num) of type float is deprecated in APPPATH\Views\penjualan\datapenjualan.php on line 142.
 1 APPPATH\Views\penjualan\datapenjualan.php(142): number_format(null, 0, ',', '.')
 2 SYSTEMPATH\View\View.php(224): include('C:\\xampp\\htdocs\\webadmin3\\app\\Views\\penjualan\\datapenjualan.php')
 3 SYSTEMPATH\View\View.php(227): CodeIgniter\View\View->CodeIgniter\View\{closure}()
 4 SYSTEMPATH\Common.php(1173): CodeIgniter\View\View->render('penjualan/datapenjualan', [], true)
 5 APPPATH\Controllers\Penjualan.php(60): view('penjualan/datapenjualan', [...])
 6 SYSTEMPATH\CodeIgniter.php(933): App\Controllers\Penjualan->datapenjualan()
 7 SYSTEMPATH\CodeIgniter.php(507): CodeIgniter\CodeIgniter->runController(Object(App\Controllers\Penjualan))
 8 SYSTEMPATH\CodeIgniter.php(354): CodeIgniter\CodeIgniter->handleRequest(null, Object(Config\Cache), false)
 9 SYSTEMPATH\Boot.php(334): CodeIgniter\CodeIgniter->run()
10 SYSTEMPATH\Boot.php(67): CodeIgniter\Boot::runCodeIgniter(Object(CodeIgniter\CodeIgniter))
11 FCPATH\index.php(59): CodeIgniter\Boot::bootWeb(Object(Config\Paths))
DEBUG - 2025-08-19 07:00:52 --> Session: Class initialized using 'CodeIgniter\Session\Handlers\FileHandler' driver.
DEBUG - 2025-08-19 07:01:06 --> Session: Class initialized using 'CodeIgniter\Session\Handlers\FileHandler' driver.
WARNING - 2025-08-19 07:01:06 --> [DEPRECATED] number_format(): Passing null to parameter #1 ($num) of type float is deprecated in APPPATH\Views\penjualan\datapenjualan.php on line 142.
 1 APPPATH\Views\penjualan\datapenjualan.php(142): number_format(null, 0, ',', '.')
 2 SYSTEMPATH\View\View.php(224): include('C:\\xampp\\htdocs\\webadmin3\\app\\Views\\penjualan\\datapenjualan.php')
 3 SYSTEMPATH\View\View.php(227): CodeIgniter\View\View->CodeIgniter\View\{closure}()
 4 SYSTEMPATH\Common.php(1173): CodeIgniter\View\View->render('penjualan/datapenjualan', [], true)
 5 APPPATH\Controllers\Penjualan.php(60): view('penjualan/datapenjualan', [...])
 6 SYSTEMPATH\CodeIgniter.php(933): App\Controllers\Penjualan->datapenjualan()
 7 SYSTEMPATH\CodeIgniter.php(507): CodeIgniter\CodeIgniter->runController(Object(App\Controllers\Penjualan))
 8 SYSTEMPATH\CodeIgniter.php(354): CodeIgniter\CodeIgniter->handleRequest(null, Object(Config\Cache), false)
 9 SYSTEMPATH\Boot.php(334): CodeIgniter\CodeIgniter->run()
10 SYSTEMPATH\Boot.php(67): CodeIgniter\Boot::runCodeIgniter(Object(CodeIgniter\CodeIgniter))
11 FCPATH\index.php(59): CodeIgniter\Boot::bootWeb(Object(Config\Paths))
DEBUG - 2025-08-19 07:01:21 --> Session: Class initialized using 'CodeIgniter\Session\Handlers\FileHandler' driver.
DEBUG - 2025-08-19 07:01:21 --> Session: Class initialized using 'CodeIgniter\Session\Handlers\FileHandler' driver.
WARNING - 2025-08-19 07:01:21 --> [DEPRECATED] number_format(): Passing null to parameter #1 ($num) of type float is deprecated in APPPATH\Views\penjualan\datapenjualan.php on line 142.
 1 APPPATH\Views\penjualan\datapenjualan.php(142): number_format(null, 0, ',', '.')
 2 SYSTEMPATH\View\View.php(224): include('C:\\xampp\\htdocs\\webadmin3\\app\\Views\\penjualan\\datapenjualan.php')
 3 SYSTEMPATH\View\View.php(227): CodeIgniter\View\View->CodeIgniter\View\{closure}()
 4 SYSTEMPATH\Common.php(1173): CodeIgniter\View\View->render('penjualan/datapenjualan', [], true)
 5 APPPATH\Controllers\Penjualan.php(60): view('penjualan/datapenjualan', [...])
 6 SYSTEMPATH\CodeIgniter.php(933): App\Controllers\Penjualan->datapenjualan()
 7 SYSTEMPATH\CodeIgniter.php(507): CodeIgniter\CodeIgniter->runController(Object(App\Controllers\Penjualan))
 8 SYSTEMPATH\CodeIgniter.php(354): CodeIgniter\CodeIgniter->handleRequest(null, Object(Config\Cache), false)
 9 SYSTEMPATH\Boot.php(334): CodeIgniter\CodeIgniter->run()
10 SYSTEMPATH\Boot.php(67): CodeIgniter\Boot::runCodeIgniter(Object(CodeIgniter\CodeIgniter))
11 FCPATH\index.php(59): CodeIgniter\Boot::bootWeb(Object(Config\Paths))
DEBUG - 2025-08-19 07:03:11 --> Session: Class initialized using 'CodeIgniter\Session\Handlers\FileHandler' driver.
DEBUG - 2025-08-19 07:03:28 --> Session: Class initialized using 'CodeIgniter\Session\Handlers\FileHandler' driver.
DEBUG - 2025-08-19 07:03:28 --> Session: Class initialized using 'CodeIgniter\Session\Handlers\FileHandler' driver.
DEBUG - 2025-08-19 07:03:40 --> Session: Class initialized using 'CodeIgniter\Session\Handlers\FileHandler' driver.
DEBUG - 2025-08-19 07:03:40 --> Session: Class initialized using 'CodeIgniter\Session\Handlers\FileHandler' driver.
DEBUG - 2025-08-19 07:03:44 --> Session: Class initialized using 'CodeIgniter\Session\Handlers\FileHandler' driver.
DEBUG - 2025-08-19 07:03:44 --> Session: Class initialized using 'CodeIgniter\Session\Handlers\FileHandler' driver.
DEBUG - 2025-08-19 07:04:12 --> Session: Class initialized using 'CodeIgniter\Session\Handlers\FileHandler' driver.
DEBUG - 2025-08-19 07:04:12 --> Session: Class initialized using 'CodeIgniter\Session\Handlers\FileHandler' driver.
DEBUG - 2025-08-19 07:28:16 --> Session: Class initialized using 'CodeIgniter\Session\Handlers\FileHandler' driver.
DEBUG - 2025-08-19 07:29:13 --> Session: Class initialized using 'CodeIgniter\Session\Handlers\FileHandler' driver.
DEBUG - 2025-08-19 07:36:08 --> Session: Class initialized using 'CodeIgniter\Session\Handlers\FileHandler' driver.
DEBUG - 2025-08-19 07:38:09 --> Session: Class initialized using 'CodeIgniter\Session\Handlers\FileHandler' driver.
DEBUG - 2025-08-19 07:41:09 --> Session: Class initialized using 'CodeIgniter\Session\Handlers\FileHandler' driver.
DEBUG - 2025-08-19 07:41:37 --> Session: Class initialized using 'CodeIgniter\Session\Handlers\FileHandler' driver.
DEBUG - 2025-08-19 07:41:57 --> Session: Class initialized using 'CodeIgniter\Session\Handlers\FileHandler' driver.
DEBUG - 2025-08-19 07:42:08 --> Session: Class initialized using 'CodeIgniter\Session\Handlers\FileHandler' driver.
DEBUG - 2025-08-19 07:42:29 --> Session: Class initialized using 'CodeIgniter\Session\Handlers\FileHandler' driver.
DEBUG - 2025-08-19 07:44:58 --> Session: Class initialized using 'CodeIgniter\Session\Handlers\FileHandler' driver.
DEBUG - 2025-08-19 07:46:43 --> Session: Class initialized using 'CodeIgniter\Session\Handlers\FileHandler' driver.
DEBUG - 2025-08-19 07:48:11 --> Session: Class initialized using 'CodeIgniter\Session\Handlers\FileHandler' driver.
DEBUG - 2025-08-19 08:00:57 --> Session: Class initialized using 'CodeIgniter\Session\Handlers\FileHandler' driver.
DEBUG - 2025-08-19 08:19:48 --> Session: Class initialized using 'CodeIgniter\Session\Handlers\FileHandler' driver.
DEBUG - 2025-08-19 08:30:28 --> Session: Class initialized using 'CodeIgniter\Session\Handlers\FileHandler' driver.
DEBUG - 2025-08-19 08:32:24 --> Session: Class initialized using 'CodeIgniter\Session\Handlers\FileHandler' driver.
DEBUG - 2025-08-19 08:37:55 --> Session: Class initialized using 'CodeIgniter\Session\Handlers\FileHandler' driver.
DEBUG - 2025-08-19 08:42:17 --> Session: Class initialized using 'CodeIgniter\Session\Handlers\FileHandler' driver.
