DEBUG - 2025-08-11 02:07:04 --> Session: Class initialized using 'CodeIgniter\Session\Handlers\FileHandler' driver.
DEBUG - 2025-08-11 02:07:22 --> LOGIN DEBUG: user=Array
(
    [id] => 909
    [username] => geni1819
    [password] => $2y$10$5RKKP5rjZ.5HLC9zfCnCa.0ut/80NkKLLEJast1qo16qZbb7lYjDm
    [nama] => Genius Hartono
    [alamat] => Canggu
    [noktp] => 32534535434534
    [profile_image] => assets/img/profiles/1754360418_f8328bc9d08ca01b89ee.png
    [birthday] => 2000-05-31
    [deleted_at] => 
    [recovered_at] => 
    [otoritas] => 
    [created_at] => 2025-07-05 14:20:16
    [updated_at] => 2025-08-07 14:48:00
)

DEBUG - 2025-08-11 02:07:22 --> LOGIN DEBUG: userDept=Array
(
    [id] => 12
    [user_id] => 909
    [department_id] => 3
    [deleted_at] => 
)

DEBUG - 2025-08-11 02:07:22 --> Session: Class initialized using 'CodeIgniter\Session\Handlers\FileHandler' driver.
DEBUG - 2025-08-11 02:07:22 --> LOGIN DEBUG: sessionData=Array
(
    [user_id] => 909
    [user_username] => geni1819
    [user_nama] => Genius Hartono
    [department_id] => 3
    [isLoggedIn] => 1
)

DEBUG - 2025-08-11 02:07:22 --> Session: Class initialized using 'CodeIgniter\Session\Handlers\FileHandler' driver.
DEBUG - 2025-08-11 02:07:27 --> Session: Class initialized using 'CodeIgniter\Session\Handlers\FileHandler' driver.
DEBUG - 2025-08-11 02:07:31 --> Session: Class initialized using 'CodeIgniter\Session\Handlers\FileHandler' driver.
DEBUG - 2025-08-11 02:45:20 --> Session: Class initialized using 'CodeIgniter\Session\Handlers\FileHandler' driver.
DEBUG - 2025-08-11 05:57:06 --> Session: Class initialized using 'CodeIgniter\Session\Handlers\FileHandler' driver.
DEBUG - 2025-08-11 05:57:16 --> LOGIN DEBUG: user=Array
(
    [id] => 909
    [username] => geni1819
    [password] => $2y$10$5RKKP5rjZ.5HLC9zfCnCa.0ut/80NkKLLEJast1qo16qZbb7lYjDm
    [nama] => Genius Hartono
    [alamat] => Canggu
    [noktp] => 32534535434534
    [profile_image] => assets/img/profiles/1754360418_f8328bc9d08ca01b89ee.png
    [birthday] => 2000-05-31
    [deleted_at] => 
    [recovered_at] => 
    [otoritas] => 
    [created_at] => 2025-07-05 14:20:16
    [updated_at] => 2025-08-07 14:48:00
)

DEBUG - 2025-08-11 05:57:16 --> LOGIN DEBUG: userDept=Array
(
    [id] => 12
    [user_id] => 909
    [department_id] => 3
    [deleted_at] => 
)

DEBUG - 2025-08-11 05:57:16 --> Session: Class initialized using 'CodeIgniter\Session\Handlers\FileHandler' driver.
DEBUG - 2025-08-11 05:57:16 --> LOGIN DEBUG: sessionData=Array
(
    [user_id] => 909
    [user_username] => geni1819
    [user_nama] => Genius Hartono
    [department_id] => 3
    [isLoggedIn] => 1
)

DEBUG - 2025-08-11 05:57:16 --> Session: Class initialized using 'CodeIgniter\Session\Handlers\FileHandler' driver.
DEBUG - 2025-08-11 05:57:18 --> Session: Class initialized using 'CodeIgniter\Session\Handlers\FileHandler' driver.
DEBUG - 2025-08-11 05:57:20 --> Session: Class initialized using 'CodeIgniter\Session\Handlers\FileHandler' driver.
DEBUG - 2025-08-11 05:58:36 --> Session: Class initialized using 'CodeIgniter\Session\Handlers\FileHandler' driver.
DEBUG - 2025-08-11 05:59:06 --> Session: Class initialized using 'CodeIgniter\Session\Handlers\FileHandler' driver.
DEBUG - 2025-08-11 05:59:09 --> Session: Class initialized using 'CodeIgniter\Session\Handlers\FileHandler' driver.
DEBUG - 2025-08-11 05:59:12 --> Session: Class initialized using 'CodeIgniter\Session\Handlers\FileHandler' driver.
DEBUG - 2025-08-11 05:59:33 --> Session: Class initialized using 'CodeIgniter\Session\Handlers\FileHandler' driver.
DEBUG - 2025-08-11 05:59:35 --> Session: Class initialized using 'CodeIgniter\Session\Handlers\FileHandler' driver.
DEBUG - 2025-08-11 06:01:32 --> Session: Class initialized using 'CodeIgniter\Session\Handlers\FileHandler' driver.
DEBUG - 2025-08-11 06:02:51 --> Session: Class initialized using 'CodeIgniter\Session\Handlers\FileHandler' driver.
ERROR - 2025-08-11 06:02:51 --> mysqli_sql_exception: Table 'db_akuntansi.masterbarang' doesn't exist in C:\xampp\htdocs\webadmin3\system\Database\MySQLi\Connection.php:327
Stack trace:
#0 C:\xampp\htdocs\webadmin3\system\Database\MySQLi\Connection.php(327): mysqli->query('SELECT *\nFROM `...', 0)
#1 C:\xampp\htdocs\webadmin3\system\Database\BaseConnection.php(738): CodeIgniter\Database\MySQLi\Connection->execute('SELECT *\nFROM `...')
#2 C:\xampp\htdocs\webadmin3\system\Database\BaseConnection.php(652): CodeIgniter\Database\BaseConnection->simpleQuery('SELECT *\nFROM `...')
#3 C:\xampp\htdocs\webadmin3\system\Database\BaseBuilder.php(1649): CodeIgniter\Database\BaseConnection->query('SELECT *\nFROM `...', Array, false)
#4 C:\xampp\htdocs\webadmin3\app\Controllers\Penjualan.php(205): CodeIgniter\Database\BaseBuilder->get()
#5 C:\xampp\htdocs\webadmin3\system\CodeIgniter.php(933): App\Controllers\Penjualan->pos()
#6 C:\xampp\htdocs\webadmin3\system\CodeIgniter.php(507): CodeIgniter\CodeIgniter->runController(Object(App\Controllers\Penjualan))
#7 C:\xampp\htdocs\webadmin3\system\CodeIgniter.php(354): CodeIgniter\CodeIgniter->handleRequest(NULL, Object(Config\Cache), false)
#8 C:\xampp\htdocs\webadmin3\system\Boot.php(334): CodeIgniter\CodeIgniter->run()
#9 C:\xampp\htdocs\webadmin3\system\Boot.php(67): CodeIgniter\Boot::runCodeIgniter(Object(CodeIgniter\CodeIgniter))
#10 C:\xampp\htdocs\webadmin3\public\index.php(59): CodeIgniter\Boot::bootWeb(Object(Config\Paths))
#11 {main}
CRITICAL - 2025-08-11 06:02:52 --> CodeIgniter\Database\Exceptions\DatabaseException: Table 'db_akuntansi.masterbarang' doesn't exist
[Method: GET, Route: penjualan/pos]
in SYSTEMPATH\Database\BaseConnection.php on line 692.
 1 SYSTEMPATH\Database\BaseBuilder.php(1649): CodeIgniter\Database\BaseConnection->query('SELECT *
FROM `masterbarang`
WHERE `deleted_at` IS NULL', [], false)
 2 APPPATH\Controllers\Penjualan.php(205): CodeIgniter\Database\BaseBuilder->get()
 3 SYSTEMPATH\CodeIgniter.php(933): App\Controllers\Penjualan->pos()
 4 SYSTEMPATH\CodeIgniter.php(507): CodeIgniter\CodeIgniter->runController(Object(App\Controllers\Penjualan))
 5 SYSTEMPATH\CodeIgniter.php(354): CodeIgniter\CodeIgniter->handleRequest(null, Object(Config\Cache), false)
 6 SYSTEMPATH\Boot.php(334): CodeIgniter\CodeIgniter->run()
 7 SYSTEMPATH\Boot.php(67): CodeIgniter\Boot::runCodeIgniter(Object(CodeIgniter\CodeIgniter))
 8 FCPATH\index.php(59): CodeIgniter\Boot::bootWeb(Object(Config\Paths))
CRITICAL - 2025-08-11 06:02:52 --> [Caused by] CodeIgniter\Database\Exceptions\DatabaseException: Table 'db_akuntansi.masterbarang' doesn't exist
in SYSTEMPATH\Database\MySQLi\Connection.php on line 332.
 1 SYSTEMPATH\Database\BaseConnection.php(738): CodeIgniter\Database\MySQLi\Connection->execute('SELECT *
FROM `masterbarang`
WHERE `deleted_at` IS NULL')
 2 SYSTEMPATH\Database\BaseConnection.php(652): CodeIgniter\Database\BaseConnection->simpleQuery('SELECT *
FROM `masterbarang`
WHERE `deleted_at` IS NULL')
 3 SYSTEMPATH\Database\BaseBuilder.php(1649): CodeIgniter\Database\BaseConnection->query('SELECT *
FROM `masterbarang`
WHERE `deleted_at` IS NULL', [], false)
 4 APPPATH\Controllers\Penjualan.php(205): CodeIgniter\Database\BaseBuilder->get()
 5 SYSTEMPATH\CodeIgniter.php(933): App\Controllers\Penjualan->pos()
 6 SYSTEMPATH\CodeIgniter.php(507): CodeIgniter\CodeIgniter->runController(Object(App\Controllers\Penjualan))
 7 SYSTEMPATH\CodeIgniter.php(354): CodeIgniter\CodeIgniter->handleRequest(null, Object(Config\Cache), false)
 8 SYSTEMPATH\Boot.php(334): CodeIgniter\CodeIgniter->run()
 9 SYSTEMPATH\Boot.php(67): CodeIgniter\Boot::runCodeIgniter(Object(CodeIgniter\CodeIgniter))
10 FCPATH\index.php(59): CodeIgniter\Boot::bootWeb(Object(Config\Paths))
CRITICAL - 2025-08-11 06:02:52 --> [Caused by] mysqli_sql_exception: Table 'db_akuntansi.masterbarang' doesn't exist
in SYSTEMPATH\Database\MySQLi\Connection.php on line 327.
 1 SYSTEMPATH\Database\MySQLi\Connection.php(327): mysqli->query('SELECT *
FROM `masterbarang`
WHERE `deleted_at` IS NULL', 0)
 2 SYSTEMPATH\Database\BaseConnection.php(738): CodeIgniter\Database\MySQLi\Connection->execute('SELECT *
FROM `masterbarang`
WHERE `deleted_at` IS NULL')
 3 SYSTEMPATH\Database\BaseConnection.php(652): CodeIgniter\Database\BaseConnection->simpleQuery('SELECT *
FROM `masterbarang`
WHERE `deleted_at` IS NULL')
 4 SYSTEMPATH\Database\BaseBuilder.php(1649): CodeIgniter\Database\BaseConnection->query('SELECT *
FROM `masterbarang`
WHERE `deleted_at` IS NULL', [], false)
 5 APPPATH\Controllers\Penjualan.php(205): CodeIgniter\Database\BaseBuilder->get()
 6 SYSTEMPATH\CodeIgniter.php(933): App\Controllers\Penjualan->pos()
 7 SYSTEMPATH\CodeIgniter.php(507): CodeIgniter\CodeIgniter->runController(Object(App\Controllers\Penjualan))
 8 SYSTEMPATH\CodeIgniter.php(354): CodeIgniter\CodeIgniter->handleRequest(null, Object(Config\Cache), false)
 9 SYSTEMPATH\Boot.php(334): CodeIgniter\CodeIgniter->run()
10 SYSTEMPATH\Boot.php(67): CodeIgniter\Boot::runCodeIgniter(Object(CodeIgniter\CodeIgniter))
11 FCPATH\index.php(59): CodeIgniter\Boot::bootWeb(Object(Config\Paths))
DEBUG - 2025-08-11 06:03:31 --> Session: Class initialized using 'CodeIgniter\Session\Handlers\FileHandler' driver.
DEBUG - 2025-08-11 07:49:59 --> Session: Class initialized using 'CodeIgniter\Session\Handlers\FileHandler' driver.
DEBUG - 2025-08-11 07:58:16 --> Session: Class initialized using 'CodeIgniter\Session\Handlers\FileHandler' driver.
DEBUG - 2025-08-11 07:58:53 --> Session: Class initialized using 'CodeIgniter\Session\Handlers\FileHandler' driver.
DEBUG - 2025-08-11 07:58:54 --> Session: Class initialized using 'CodeIgniter\Session\Handlers\FileHandler' driver.
DEBUG - 2025-08-11 07:59:11 --> LOGIN DEBUG: user=Array
(
    [id] => 909
    [username] => geni1819
    [password] => $2y$10$5RKKP5rjZ.5HLC9zfCnCa.0ut/80NkKLLEJast1qo16qZbb7lYjDm
    [nama] => Genius Hartono
    [alamat] => Canggu
    [noktp] => 32534535434534
    [profile_image] => assets/img/profiles/1754360418_f8328bc9d08ca01b89ee.png
    [birthday] => 2000-05-31
    [deleted_at] => 
    [recovered_at] => 
    [otoritas] => 
    [created_at] => 2025-07-05 14:20:16
    [updated_at] => 2025-08-07 14:48:00
)

DEBUG - 2025-08-11 07:59:11 --> LOGIN DEBUG: userDept=Array
(
    [id] => 12
    [user_id] => 909
    [department_id] => 3
    [deleted_at] => 
)

DEBUG - 2025-08-11 07:59:11 --> Session: Class initialized using 'CodeIgniter\Session\Handlers\FileHandler' driver.
DEBUG - 2025-08-11 07:59:11 --> LOGIN DEBUG: sessionData=Array
(
    [user_id] => 909
    [user_username] => geni1819
    [user_nama] => Genius Hartono
    [department_id] => 3
    [isLoggedIn] => 1
)

DEBUG - 2025-08-11 07:59:11 --> Session: Class initialized using 'CodeIgniter\Session\Handlers\FileHandler' driver.
DEBUG - 2025-08-11 07:59:17 --> Session: Class initialized using 'CodeIgniter\Session\Handlers\FileHandler' driver.
DEBUG - 2025-08-11 07:59:21 --> Session: Class initialized using 'CodeIgniter\Session\Handlers\FileHandler' driver.
DEBUG - 2025-08-11 07:59:28 --> Session: Class initialized using 'CodeIgniter\Session\Handlers\FileHandler' driver.
DEBUG - 2025-08-11 07:59:28 --> Session: Class initialized using 'CodeIgniter\Session\Handlers\FileHandler' driver.
DEBUG - 2025-08-11 07:59:34 --> Session: Class initialized using 'CodeIgniter\Session\Handlers\FileHandler' driver.
DEBUG - 2025-08-11 07:59:34 --> Session: Class initialized using 'CodeIgniter\Session\Handlers\FileHandler' driver.
DEBUG - 2025-08-11 07:59:57 --> Session: Class initialized using 'CodeIgniter\Session\Handlers\FileHandler' driver.
DEBUG - 2025-08-11 07:59:58 --> Session: Class initialized using 'CodeIgniter\Session\Handlers\FileHandler' driver.
DEBUG - 2025-08-11 08:00:03 --> Session: Class initialized using 'CodeIgniter\Session\Handlers\FileHandler' driver.
DEBUG - 2025-08-11 08:00:03 --> Session: Class initialized using 'CodeIgniter\Session\Handlers\FileHandler' driver.
DEBUG - 2025-08-11 08:00:06 --> Session: Class initialized using 'CodeIgniter\Session\Handlers\FileHandler' driver.
DEBUG - 2025-08-11 08:00:12 --> Session: Class initialized using 'CodeIgniter\Session\Handlers\FileHandler' driver.
DEBUG - 2025-08-11 08:00:25 --> Session: Class initialized using 'CodeIgniter\Session\Handlers\FileHandler' driver.
DEBUG - 2025-08-11 08:01:10 --> Session: Class initialized using 'CodeIgniter\Session\Handlers\FileHandler' driver.
DEBUG - 2025-08-11 08:01:15 --> Session: Class initialized using 'CodeIgniter\Session\Handlers\FileHandler' driver.
DEBUG - 2025-08-11 08:05:55 --> Session: Class initialized using 'CodeIgniter\Session\Handlers\FileHandler' driver.
DEBUG - 2025-08-11 08:05:56 --> Session: Class initialized using 'CodeIgniter\Session\Handlers\FileHandler' driver.
DEBUG - 2025-08-11 08:07:29 --> Session: Class initialized using 'CodeIgniter\Session\Handlers\FileHandler' driver.
DEBUG - 2025-08-11 08:09:14 --> Session: Class initialized using 'CodeIgniter\Session\Handlers\FileHandler' driver.
DEBUG - 2025-08-11 08:09:18 --> Session: Class initialized using 'CodeIgniter\Session\Handlers\FileHandler' driver.
DEBUG - 2025-08-11 08:09:20 --> Session: Class initialized using 'CodeIgniter\Session\Handlers\FileHandler' driver.
DEBUG - 2025-08-11 08:09:27 --> Session: Class initialized using 'CodeIgniter\Session\Handlers\FileHandler' driver.
DEBUG - 2025-08-11 08:09:30 --> Session: Class initialized using 'CodeIgniter\Session\Handlers\FileHandler' driver.
DEBUG - 2025-08-11 08:09:34 --> Session: Class initialized using 'CodeIgniter\Session\Handlers\FileHandler' driver.
DEBUG - 2025-08-11 08:09:41 --> Session: Class initialized using 'CodeIgniter\Session\Handlers\FileHandler' driver.
DEBUG - 2025-08-11 08:09:41 --> Session: Class initialized using 'CodeIgniter\Session\Handlers\FileHandler' driver.
DEBUG - 2025-08-11 08:09:53 --> Session: Class initialized using 'CodeIgniter\Session\Handlers\FileHandler' driver.
DEBUG - 2025-08-11 08:10:02 --> Session: Class initialized using 'CodeIgniter\Session\Handlers\FileHandler' driver.
DEBUG - 2025-08-11 08:10:02 --> Session: Class initialized using 'CodeIgniter\Session\Handlers\FileHandler' driver.
DEBUG - 2025-08-11 08:12:09 --> Session: Class initialized using 'CodeIgniter\Session\Handlers\FileHandler' driver.
DEBUG - 2025-08-11 08:13:01 --> Session: Class initialized using 'CodeIgniter\Session\Handlers\FileHandler' driver.
DEBUG - 2025-08-11 08:13:06 --> Session: Class initialized using 'CodeIgniter\Session\Handlers\FileHandler' driver.
DEBUG - 2025-08-11 08:13:06 --> Session: Class initialized using 'CodeIgniter\Session\Handlers\FileHandler' driver.
DEBUG - 2025-08-11 08:17:54 --> Session: Class initialized using 'CodeIgniter\Session\Handlers\FileHandler' driver.
DEBUG - 2025-08-11 08:17:58 --> Session: Class initialized using 'CodeIgniter\Session\Handlers\FileHandler' driver.
DEBUG - 2025-08-11 08:18:11 --> Session: Class initialized using 'CodeIgniter\Session\Handlers\FileHandler' driver.
DEBUG - 2025-08-11 08:18:27 --> Session: Class initialized using 'CodeIgniter\Session\Handlers\FileHandler' driver.
DEBUG - 2025-08-11 08:21:28 --> Session: Class initialized using 'CodeIgniter\Session\Handlers\FileHandler' driver.
DEBUG - 2025-08-11 08:21:33 --> Session: Class initialized using 'CodeIgniter\Session\Handlers\FileHandler' driver.
DEBUG - 2025-08-11 08:21:38 --> Session: Class initialized using 'CodeIgniter\Session\Handlers\FileHandler' driver.
ERROR - 2025-08-11 08:21:39 --> mysqli_sql_exception: Unknown column 'sales' in 'field list' in C:\xampp\htdocs\webadmin3\system\Database\MySQLi\Connection.php:327
Stack trace:
#0 C:\xampp\htdocs\webadmin3\system\Database\MySQLi\Connection.php(327): mysqli->query('UPDATE `masterc...', 0)
#1 C:\xampp\htdocs\webadmin3\system\Database\BaseConnection.php(738): CodeIgniter\Database\MySQLi\Connection->execute('UPDATE `masterc...')
#2 C:\xampp\htdocs\webadmin3\system\Database\BaseConnection.php(652): CodeIgniter\Database\BaseConnection->simpleQuery('UPDATE `masterc...')
#3 C:\xampp\htdocs\webadmin3\system\Database\BaseBuilder.php(2521): CodeIgniter\Database\BaseConnection->query('UPDATE `masterc...', Array, false)
#4 C:\xampp\htdocs\webadmin3\app\Controllers\MasterCustomer.php(125): CodeIgniter\Database\BaseBuilder->update(Array)
#5 C:\xampp\htdocs\webadmin3\system\CodeIgniter.php(933): App\Controllers\MasterCustomer->update('1')
#6 C:\xampp\htdocs\webadmin3\system\CodeIgniter.php(507): CodeIgniter\CodeIgniter->runController(Object(App\Controllers\MasterCustomer))
#7 C:\xampp\htdocs\webadmin3\system\CodeIgniter.php(354): CodeIgniter\CodeIgniter->handleRequest(NULL, Object(Config\Cache), false)
#8 C:\xampp\htdocs\webadmin3\system\Boot.php(334): CodeIgniter\CodeIgniter->run()
#9 C:\xampp\htdocs\webadmin3\system\Boot.php(67): CodeIgniter\Boot::runCodeIgniter(Object(CodeIgniter\CodeIgniter))
#10 C:\xampp\htdocs\webadmin3\public\index.php(59): CodeIgniter\Boot::bootWeb(Object(Config\Paths))
#11 {main}
CRITICAL - 2025-08-11 08:21:39 --> CodeIgniter\Database\Exceptions\DatabaseException: Unknown column 'sales' in 'field list'
[Method: POST, Route: mastercustomer/update/1]
in SYSTEMPATH\Database\BaseConnection.php on line 692.
 1 SYSTEMPATH\Database\BaseBuilder.php(2521): CodeIgniter\Database\BaseConnection->query('UPDATE `mastercustomer` SET `kode_customer` = :kode_customer:, `nama_customer` = :nama_customer:, `alamat` = :alamat:, `contact_person` = :contact_person:, `kota` = :kota:, `provinsi` = :provinsi:, `sales` = :sales:, `no_hp` = :no_hp:, `batas_piutang` = :batas_piutang:, `npwp_nomor` = :npwp_nomor:, `npwp_atas_nama` = :npwp_atas_nama:, `npwp_alamat` = :npwp_alamat:, `otoritas` = :otoritas:, `id` = :id.1:
WHERE `id` = :id:', [...], false)
 2 APPPATH\Controllers\MasterCustomer.php(125): CodeIgniter\Database\BaseBuilder->update([...])
 3 SYSTEMPATH\CodeIgniter.php(933): App\Controllers\MasterCustomer->update('1')
 4 SYSTEMPATH\CodeIgniter.php(507): CodeIgniter\CodeIgniter->runController(Object(App\Controllers\MasterCustomer))
 5 SYSTEMPATH\CodeIgniter.php(354): CodeIgniter\CodeIgniter->handleRequest(null, Object(Config\Cache), false)
 6 SYSTEMPATH\Boot.php(334): CodeIgniter\CodeIgniter->run()
 7 SYSTEMPATH\Boot.php(67): CodeIgniter\Boot::runCodeIgniter(Object(CodeIgniter\CodeIgniter))
 8 FCPATH\index.php(59): CodeIgniter\Boot::bootWeb(Object(Config\Paths))
CRITICAL - 2025-08-11 08:21:39 --> [Caused by] CodeIgniter\Database\Exceptions\DatabaseException: Unknown column 'sales' in 'field list'
in SYSTEMPATH\Database\MySQLi\Connection.php on line 332.
 1 SYSTEMPATH\Database\BaseConnection.php(738): CodeIgniter\Database\MySQLi\Connection->execute('UPDATE `mastercustomer` SET `kode_customer` = \'TOYOTA\', `nama_customer` = \'TOYOTA\', `alamat` = \'Jl Gunung Sanghyang No 10\', `contact_person` = \'Genius Hartono\', `kota` = \'Badung\', `provinsi` = \'Bali\', `sales` = NULL, `no_hp` = \'081906426886\', `batas_piutang` = 6876868680000, `npwp_nomor` = \'232443455443233\', `npwp_atas_nama` = \'TOYOTA\', `npwp_alamat` = \'Jl Gunung Sanghyang No 10\', `otoritas` = NULL, `id` = \'1\'
WHERE `id` = \'1\'')
 2 SYSTEMPATH\Database\BaseConnection.php(652): CodeIgniter\Database\BaseConnection->simpleQuery('UPDATE `mastercustomer` SET `kode_customer` = \'TOYOTA\', `nama_customer` = \'TOYOTA\', `alamat` = \'Jl Gunung Sanghyang No 10\', `contact_person` = \'Genius Hartono\', `kota` = \'Badung\', `provinsi` = \'Bali\', `sales` = NULL, `no_hp` = \'081906426886\', `batas_piutang` = 6876868680000, `npwp_nomor` = \'232443455443233\', `npwp_atas_nama` = \'TOYOTA\', `npwp_alamat` = \'Jl Gunung Sanghyang No 10\', `otoritas` = NULL, `id` = \'1\'
WHERE `id` = \'1\'')
 3 SYSTEMPATH\Database\BaseBuilder.php(2521): CodeIgniter\Database\BaseConnection->query('UPDATE `mastercustomer` SET `kode_customer` = :kode_customer:, `nama_customer` = :nama_customer:, `alamat` = :alamat:, `contact_person` = :contact_person:, `kota` = :kota:, `provinsi` = :provinsi:, `sales` = :sales:, `no_hp` = :no_hp:, `batas_piutang` = :batas_piutang:, `npwp_nomor` = :npwp_nomor:, `npwp_atas_nama` = :npwp_atas_nama:, `npwp_alamat` = :npwp_alamat:, `otoritas` = :otoritas:, `id` = :id.1:
WHERE `id` = :id:', [...], false)
 4 APPPATH\Controllers\MasterCustomer.php(125): CodeIgniter\Database\BaseBuilder->update([...])
 5 SYSTEMPATH\CodeIgniter.php(933): App\Controllers\MasterCustomer->update('1')
 6 SYSTEMPATH\CodeIgniter.php(507): CodeIgniter\CodeIgniter->runController(Object(App\Controllers\MasterCustomer))
 7 SYSTEMPATH\CodeIgniter.php(354): CodeIgniter\CodeIgniter->handleRequest(null, Object(Config\Cache), false)
 8 SYSTEMPATH\Boot.php(334): CodeIgniter\CodeIgniter->run()
 9 SYSTEMPATH\Boot.php(67): CodeIgniter\Boot::runCodeIgniter(Object(CodeIgniter\CodeIgniter))
10 FCPATH\index.php(59): CodeIgniter\Boot::bootWeb(Object(Config\Paths))
CRITICAL - 2025-08-11 08:21:39 --> [Caused by] mysqli_sql_exception: Unknown column 'sales' in 'field list'
in SYSTEMPATH\Database\MySQLi\Connection.php on line 327.
 1 SYSTEMPATH\Database\MySQLi\Connection.php(327): mysqli->query('UPDATE `mastercustomer` SET `kode_customer` = \'TOYOTA\', `nama_customer` = \'TOYOTA\', `alamat` = \'Jl Gunung Sanghyang No 10\', `contact_person` = \'Genius Hartono\', `kota` = \'Badung\', `provinsi` = \'Bali\', `sales` = NULL, `no_hp` = \'081906426886\', `batas_piutang` = 6876868680000, `npwp_nomor` = \'232443455443233\', `npwp_atas_nama` = \'TOYOTA\', `npwp_alamat` = \'Jl Gunung Sanghyang No 10\', `otoritas` = NULL, `id` = \'1\'
WHERE `id` = \'1\'', 0)
 2 SYSTEMPATH\Database\BaseConnection.php(738): CodeIgniter\Database\MySQLi\Connection->execute('UPDATE `mastercustomer` SET `kode_customer` = \'TOYOTA\', `nama_customer` = \'TOYOTA\', `alamat` = \'Jl Gunung Sanghyang No 10\', `contact_person` = \'Genius Hartono\', `kota` = \'Badung\', `provinsi` = \'Bali\', `sales` = NULL, `no_hp` = \'081906426886\', `batas_piutang` = 6876868680000, `npwp_nomor` = \'232443455443233\', `npwp_atas_nama` = \'TOYOTA\', `npwp_alamat` = \'Jl Gunung Sanghyang No 10\', `otoritas` = NULL, `id` = \'1\'
WHERE `id` = \'1\'')
 3 SYSTEMPATH\Database\BaseConnection.php(652): CodeIgniter\Database\BaseConnection->simpleQuery('UPDATE `mastercustomer` SET `kode_customer` = \'TOYOTA\', `nama_customer` = \'TOYOTA\', `alamat` = \'Jl Gunung Sanghyang No 10\', `contact_person` = \'Genius Hartono\', `kota` = \'Badung\', `provinsi` = \'Bali\', `sales` = NULL, `no_hp` = \'081906426886\', `batas_piutang` = 6876868680000, `npwp_nomor` = \'232443455443233\', `npwp_atas_nama` = \'TOYOTA\', `npwp_alamat` = \'Jl Gunung Sanghyang No 10\', `otoritas` = NULL, `id` = \'1\'
WHERE `id` = \'1\'')
 4 SYSTEMPATH\Database\BaseBuilder.php(2521): CodeIgniter\Database\BaseConnection->query('UPDATE `mastercustomer` SET `kode_customer` = :kode_customer:, `nama_customer` = :nama_customer:, `alamat` = :alamat:, `contact_person` = :contact_person:, `kota` = :kota:, `provinsi` = :provinsi:, `sales` = :sales:, `no_hp` = :no_hp:, `batas_piutang` = :batas_piutang:, `npwp_nomor` = :npwp_nomor:, `npwp_atas_nama` = :npwp_atas_nama:, `npwp_alamat` = :npwp_alamat:, `otoritas` = :otoritas:, `id` = :id.1:
WHERE `id` = :id:', [...], false)
 5 APPPATH\Controllers\MasterCustomer.php(125): CodeIgniter\Database\BaseBuilder->update([...])
 6 SYSTEMPATH\CodeIgniter.php(933): App\Controllers\MasterCustomer->update('1')
 7 SYSTEMPATH\CodeIgniter.php(507): CodeIgniter\CodeIgniter->runController(Object(App\Controllers\MasterCustomer))
 8 SYSTEMPATH\CodeIgniter.php(354): CodeIgniter\CodeIgniter->handleRequest(null, Object(Config\Cache), false)
 9 SYSTEMPATH\Boot.php(334): CodeIgniter\CodeIgniter->run()
10 SYSTEMPATH\Boot.php(67): CodeIgniter\Boot::runCodeIgniter(Object(CodeIgniter\CodeIgniter))
11 FCPATH\index.php(59): CodeIgniter\Boot::bootWeb(Object(Config\Paths))
DEBUG - 2025-08-11 08:21:47 --> Session: Class initialized using 'CodeIgniter\Session\Handlers\FileHandler' driver.
DEBUG - 2025-08-11 08:21:54 --> Session: Class initialized using 'CodeIgniter\Session\Handlers\FileHandler' driver.
DEBUG - 2025-08-11 08:21:59 --> Session: Class initialized using 'CodeIgniter\Session\Handlers\FileHandler' driver.
ERROR - 2025-08-11 08:21:59 --> mysqli_sql_exception: Unknown column 'sales' in 'field list' in C:\xampp\htdocs\webadmin3\system\Database\MySQLi\Connection.php:327
Stack trace:
#0 C:\xampp\htdocs\webadmin3\system\Database\MySQLi\Connection.php(327): mysqli->query('UPDATE `masterc...', 0)
#1 C:\xampp\htdocs\webadmin3\system\Database\BaseConnection.php(738): CodeIgniter\Database\MySQLi\Connection->execute('UPDATE `masterc...')
#2 C:\xampp\htdocs\webadmin3\system\Database\BaseConnection.php(652): CodeIgniter\Database\BaseConnection->simpleQuery('UPDATE `masterc...')
#3 C:\xampp\htdocs\webadmin3\system\Database\BaseBuilder.php(2521): CodeIgniter\Database\BaseConnection->query('UPDATE `masterc...', Array, false)
#4 C:\xampp\htdocs\webadmin3\app\Controllers\MasterCustomer.php(125): CodeIgniter\Database\BaseBuilder->update(Array)
#5 C:\xampp\htdocs\webadmin3\system\CodeIgniter.php(933): App\Controllers\MasterCustomer->update('1')
#6 C:\xampp\htdocs\webadmin3\system\CodeIgniter.php(507): CodeIgniter\CodeIgniter->runController(Object(App\Controllers\MasterCustomer))
#7 C:\xampp\htdocs\webadmin3\system\CodeIgniter.php(354): CodeIgniter\CodeIgniter->handleRequest(NULL, Object(Config\Cache), false)
#8 C:\xampp\htdocs\webadmin3\system\Boot.php(334): CodeIgniter\CodeIgniter->run()
#9 C:\xampp\htdocs\webadmin3\system\Boot.php(67): CodeIgniter\Boot::runCodeIgniter(Object(CodeIgniter\CodeIgniter))
#10 C:\xampp\htdocs\webadmin3\public\index.php(59): CodeIgniter\Boot::bootWeb(Object(Config\Paths))
#11 {main}
CRITICAL - 2025-08-11 08:21:59 --> CodeIgniter\Database\Exceptions\DatabaseException: Unknown column 'sales' in 'field list'
[Method: POST, Route: mastercustomer/update/1]
in SYSTEMPATH\Database\BaseConnection.php on line 692.
 1 SYSTEMPATH\Database\BaseBuilder.php(2521): CodeIgniter\Database\BaseConnection->query('UPDATE `mastercustomer` SET `kode_customer` = :kode_customer:, `nama_customer` = :nama_customer:, `alamat` = :alamat:, `contact_person` = :contact_person:, `kota` = :kota:, `provinsi` = :provinsi:, `sales` = :sales:, `no_hp` = :no_hp:, `batas_piutang` = :batas_piutang:, `npwp_nomor` = :npwp_nomor:, `npwp_atas_nama` = :npwp_atas_nama:, `npwp_alamat` = :npwp_alamat:, `otoritas` = :otoritas:, `id` = :id.1:
WHERE `id` = :id:', [...], false)
 2 APPPATH\Controllers\MasterCustomer.php(125): CodeIgniter\Database\BaseBuilder->update([...])
 3 SYSTEMPATH\CodeIgniter.php(933): App\Controllers\MasterCustomer->update('1')
 4 SYSTEMPATH\CodeIgniter.php(507): CodeIgniter\CodeIgniter->runController(Object(App\Controllers\MasterCustomer))
 5 SYSTEMPATH\CodeIgniter.php(354): CodeIgniter\CodeIgniter->handleRequest(null, Object(Config\Cache), false)
 6 SYSTEMPATH\Boot.php(334): CodeIgniter\CodeIgniter->run()
 7 SYSTEMPATH\Boot.php(67): CodeIgniter\Boot::runCodeIgniter(Object(CodeIgniter\CodeIgniter))
 8 FCPATH\index.php(59): CodeIgniter\Boot::bootWeb(Object(Config\Paths))
CRITICAL - 2025-08-11 08:21:59 --> [Caused by] CodeIgniter\Database\Exceptions\DatabaseException: Unknown column 'sales' in 'field list'
in SYSTEMPATH\Database\MySQLi\Connection.php on line 332.
 1 SYSTEMPATH\Database\BaseConnection.php(738): CodeIgniter\Database\MySQLi\Connection->execute('UPDATE `mastercustomer` SET `kode_customer` = \'TOYOTA\', `nama_customer` = \'TOYOTA\', `alamat` = \'Jl Gunung Sanghyang No 10\', `contact_person` = \'Genius Hartono\', `kota` = \'Badung\', `provinsi` = \'Bali\', `sales` = NULL, `no_hp` = \'081906426886\', `batas_piutang` = 687686868000000, `npwp_nomor` = \'232443455443233\', `npwp_atas_nama` = \'TOYOTA\', `npwp_alamat` = \'Jl Gunung Sanghyang No 10\', `otoritas` = NULL, `id` = \'1\'
WHERE `id` = \'1\'')
 2 SYSTEMPATH\Database\BaseConnection.php(652): CodeIgniter\Database\BaseConnection->simpleQuery('UPDATE `mastercustomer` SET `kode_customer` = \'TOYOTA\', `nama_customer` = \'TOYOTA\', `alamat` = \'Jl Gunung Sanghyang No 10\', `contact_person` = \'Genius Hartono\', `kota` = \'Badung\', `provinsi` = \'Bali\', `sales` = NULL, `no_hp` = \'081906426886\', `batas_piutang` = 687686868000000, `npwp_nomor` = \'232443455443233\', `npwp_atas_nama` = \'TOYOTA\', `npwp_alamat` = \'Jl Gunung Sanghyang No 10\', `otoritas` = NULL, `id` = \'1\'
WHERE `id` = \'1\'')
 3 SYSTEMPATH\Database\BaseBuilder.php(2521): CodeIgniter\Database\BaseConnection->query('UPDATE `mastercustomer` SET `kode_customer` = :kode_customer:, `nama_customer` = :nama_customer:, `alamat` = :alamat:, `contact_person` = :contact_person:, `kota` = :kota:, `provinsi` = :provinsi:, `sales` = :sales:, `no_hp` = :no_hp:, `batas_piutang` = :batas_piutang:, `npwp_nomor` = :npwp_nomor:, `npwp_atas_nama` = :npwp_atas_nama:, `npwp_alamat` = :npwp_alamat:, `otoritas` = :otoritas:, `id` = :id.1:
WHERE `id` = :id:', [...], false)
 4 APPPATH\Controllers\MasterCustomer.php(125): CodeIgniter\Database\BaseBuilder->update([...])
 5 SYSTEMPATH\CodeIgniter.php(933): App\Controllers\MasterCustomer->update('1')
 6 SYSTEMPATH\CodeIgniter.php(507): CodeIgniter\CodeIgniter->runController(Object(App\Controllers\MasterCustomer))
 7 SYSTEMPATH\CodeIgniter.php(354): CodeIgniter\CodeIgniter->handleRequest(null, Object(Config\Cache), false)
 8 SYSTEMPATH\Boot.php(334): CodeIgniter\CodeIgniter->run()
 9 SYSTEMPATH\Boot.php(67): CodeIgniter\Boot::runCodeIgniter(Object(CodeIgniter\CodeIgniter))
10 FCPATH\index.php(59): CodeIgniter\Boot::bootWeb(Object(Config\Paths))
CRITICAL - 2025-08-11 08:21:59 --> [Caused by] mysqli_sql_exception: Unknown column 'sales' in 'field list'
in SYSTEMPATH\Database\MySQLi\Connection.php on line 327.
 1 SYSTEMPATH\Database\MySQLi\Connection.php(327): mysqli->query('UPDATE `mastercustomer` SET `kode_customer` = \'TOYOTA\', `nama_customer` = \'TOYOTA\', `alamat` = \'Jl Gunung Sanghyang No 10\', `contact_person` = \'Genius Hartono\', `kota` = \'Badung\', `provinsi` = \'Bali\', `sales` = NULL, `no_hp` = \'081906426886\', `batas_piutang` = 687686868000000, `npwp_nomor` = \'232443455443233\', `npwp_atas_nama` = \'TOYOTA\', `npwp_alamat` = \'Jl Gunung Sanghyang No 10\', `otoritas` = NULL, `id` = \'1\'
WHERE `id` = \'1\'', 0)
 2 SYSTEMPATH\Database\BaseConnection.php(738): CodeIgniter\Database\MySQLi\Connection->execute('UPDATE `mastercustomer` SET `kode_customer` = \'TOYOTA\', `nama_customer` = \'TOYOTA\', `alamat` = \'Jl Gunung Sanghyang No 10\', `contact_person` = \'Genius Hartono\', `kota` = \'Badung\', `provinsi` = \'Bali\', `sales` = NULL, `no_hp` = \'081906426886\', `batas_piutang` = 687686868000000, `npwp_nomor` = \'232443455443233\', `npwp_atas_nama` = \'TOYOTA\', `npwp_alamat` = \'Jl Gunung Sanghyang No 10\', `otoritas` = NULL, `id` = \'1\'
WHERE `id` = \'1\'')
 3 SYSTEMPATH\Database\BaseConnection.php(652): CodeIgniter\Database\BaseConnection->simpleQuery('UPDATE `mastercustomer` SET `kode_customer` = \'TOYOTA\', `nama_customer` = \'TOYOTA\', `alamat` = \'Jl Gunung Sanghyang No 10\', `contact_person` = \'Genius Hartono\', `kota` = \'Badung\', `provinsi` = \'Bali\', `sales` = NULL, `no_hp` = \'081906426886\', `batas_piutang` = 687686868000000, `npwp_nomor` = \'232443455443233\', `npwp_atas_nama` = \'TOYOTA\', `npwp_alamat` = \'Jl Gunung Sanghyang No 10\', `otoritas` = NULL, `id` = \'1\'
WHERE `id` = \'1\'')
 4 SYSTEMPATH\Database\BaseBuilder.php(2521): CodeIgniter\Database\BaseConnection->query('UPDATE `mastercustomer` SET `kode_customer` = :kode_customer:, `nama_customer` = :nama_customer:, `alamat` = :alamat:, `contact_person` = :contact_person:, `kota` = :kota:, `provinsi` = :provinsi:, `sales` = :sales:, `no_hp` = :no_hp:, `batas_piutang` = :batas_piutang:, `npwp_nomor` = :npwp_nomor:, `npwp_atas_nama` = :npwp_atas_nama:, `npwp_alamat` = :npwp_alamat:, `otoritas` = :otoritas:, `id` = :id.1:
WHERE `id` = :id:', [...], false)
 5 APPPATH\Controllers\MasterCustomer.php(125): CodeIgniter\Database\BaseBuilder->update([...])
 6 SYSTEMPATH\CodeIgniter.php(933): App\Controllers\MasterCustomer->update('1')
 7 SYSTEMPATH\CodeIgniter.php(507): CodeIgniter\CodeIgniter->runController(Object(App\Controllers\MasterCustomer))
 8 SYSTEMPATH\CodeIgniter.php(354): CodeIgniter\CodeIgniter->handleRequest(null, Object(Config\Cache), false)
 9 SYSTEMPATH\Boot.php(334): CodeIgniter\CodeIgniter->run()
10 SYSTEMPATH\Boot.php(67): CodeIgniter\Boot::runCodeIgniter(Object(CodeIgniter\CodeIgniter))
11 FCPATH\index.php(59): CodeIgniter\Boot::bootWeb(Object(Config\Paths))
DEBUG - 2025-08-11 08:24:18 --> Session: Class initialized using 'CodeIgniter\Session\Handlers\FileHandler' driver.
DEBUG - 2025-08-11 08:24:23 --> Session: Class initialized using 'CodeIgniter\Session\Handlers\FileHandler' driver.
DEBUG - 2025-08-11 08:24:23 --> Session: Class initialized using 'CodeIgniter\Session\Handlers\FileHandler' driver.
DEBUG - 2025-08-11 08:27:34 --> Session: Class initialized using 'CodeIgniter\Session\Handlers\FileHandler' driver.
DEBUG - 2025-08-11 08:27:56 --> Session: Class initialized using 'CodeIgniter\Session\Handlers\FileHandler' driver.
DEBUG - 2025-08-11 08:28:17 --> Session: Class initialized using 'CodeIgniter\Session\Handlers\FileHandler' driver.
DEBUG - 2025-08-11 08:28:17 --> Session: Class initialized using 'CodeIgniter\Session\Handlers\FileHandler' driver.
DEBUG - 2025-08-11 08:28:34 --> Session: Class initialized using 'CodeIgniter\Session\Handlers\FileHandler' driver.
DEBUG - 2025-08-11 08:28:39 --> Session: Class initialized using 'CodeIgniter\Session\Handlers\FileHandler' driver.
DEBUG - 2025-08-11 08:28:39 --> Session: Class initialized using 'CodeIgniter\Session\Handlers\FileHandler' driver.
DEBUG - 2025-08-11 08:32:53 --> Session: Class initialized using 'CodeIgniter\Session\Handlers\FileHandler' driver.
DEBUG - 2025-08-11 08:32:59 --> Session: Class initialized using 'CodeIgniter\Session\Handlers\FileHandler' driver.
DEBUG - 2025-08-11 08:33:05 --> Session: Class initialized using 'CodeIgniter\Session\Handlers\FileHandler' driver.
DEBUG - 2025-08-11 08:33:05 --> Session: Class initialized using 'CodeIgniter\Session\Handlers\FileHandler' driver.
DEBUG - 2025-08-11 08:34:48 --> Session: Class initialized using 'CodeIgniter\Session\Handlers\FileHandler' driver.
DEBUG - 2025-08-11 08:34:54 --> Session: Class initialized using 'CodeIgniter\Session\Handlers\FileHandler' driver.
DEBUG - 2025-08-11 08:35:01 --> Session: Class initialized using 'CodeIgniter\Session\Handlers\FileHandler' driver.
DEBUG - 2025-08-11 08:35:01 --> Session: Class initialized using 'CodeIgniter\Session\Handlers\FileHandler' driver.
