DEBUG - 2025-08-09 06:21:25 --> Session: Class initialized using 'CodeIgniter\Session\Handlers\FileHandler' driver.
DEBUG - 2025-08-09 06:21:27 --> Session: Class initialized using 'CodeIgniter\Session\Handlers\FileHandler' driver.
DEBUG - 2025-08-09 06:21:31 --> Session: Class initialized using 'CodeIgniter\Session\Handlers\FileHandler' driver.
DEBUG - 2025-08-09 06:21:50 --> LOGIN DEBUG: user=Array
(
    [id] => 909
    [username] => geni1819
    [password] => $2y$10$5RKKP5rjZ.5HLC9zfCnCa.0ut/80NkKLLEJast1qo16qZbb7lYjDm
    [nama] => Genius Hartono
    [alamat] => Canggu
    [noktp] => 32534535434534
    [profile_image] => assets/img/profiles/1754360418_f8328bc9d08ca01b89ee.png
    [birthday] => 2000-05-31
    [deleted_at] => 
    [recovered_at] => 
    [otoritas] => 
    [created_at] => 2025-07-05 14:20:16
    [updated_at] => 2025-08-07 14:48:00
)

DEBUG - 2025-08-09 06:21:50 --> LOGIN DEBUG: userDept=Array
(
    [id] => 12
    [user_id] => 909
    [department_id] => 3
    [deleted_at] => 
)

DEBUG - 2025-08-09 06:21:50 --> Session: Class initialized using 'CodeIgniter\Session\Handlers\FileHandler' driver.
DEBUG - 2025-08-09 06:21:50 --> LOGIN DEBUG: sessionData=Array
(
    [user_id] => 909
    [user_username] => geni1819
    [user_nama] => Genius Hartono
    [department_id] => 3
    [isLoggedIn] => 1
)

DEBUG - 2025-08-09 06:21:51 --> Session: Class initialized using 'CodeIgniter\Session\Handlers\FileHandler' driver.
DEBUG - 2025-08-09 06:21:56 --> Session: Class initialized using 'CodeIgniter\Session\Handlers\FileHandler' driver.
DEBUG - 2025-08-09 06:30:19 --> Session: Class initialized using 'CodeIgniter\Session\Handlers\FileHandler' driver.
DEBUG - 2025-08-09 06:31:11 --> Session: Class initialized using 'CodeIgniter\Session\Handlers\FileHandler' driver.
DEBUG - 2025-08-09 06:31:20 --> Session: Class initialized using 'CodeIgniter\Session\Handlers\FileHandler' driver.
DEBUG - 2025-08-09 06:31:23 --> Session: Class initialized using 'CodeIgniter\Session\Handlers\FileHandler' driver.
DEBUG - 2025-08-09 06:31:36 --> Session: Class initialized using 'CodeIgniter\Session\Handlers\FileHandler' driver.
DEBUG - 2025-08-09 06:31:46 --> Session: Class initialized using 'CodeIgniter\Session\Handlers\FileHandler' driver.
DEBUG - 2025-08-09 06:33:36 --> Session: Class initialized using 'CodeIgniter\Session\Handlers\FileHandler' driver.
DEBUG - 2025-08-09 06:33:40 --> Session: Class initialized using 'CodeIgniter\Session\Handlers\FileHandler' driver.
DEBUG - 2025-08-09 06:33:44 --> Session: Class initialized using 'CodeIgniter\Session\Handlers\FileHandler' driver.
DEBUG - 2025-08-09 06:34:33 --> Session: Class initialized using 'CodeIgniter\Session\Handlers\FileHandler' driver.
DEBUG - 2025-08-09 06:34:38 --> Session: Class initialized using 'CodeIgniter\Session\Handlers\FileHandler' driver.
DEBUG - 2025-08-09 06:34:42 --> Session: Class initialized using 'CodeIgniter\Session\Handlers\FileHandler' driver.
DEBUG - 2025-08-09 06:35:17 --> Session: Class initialized using 'CodeIgniter\Session\Handlers\FileHandler' driver.
DEBUG - 2025-08-09 06:35:57 --> Session: Class initialized using 'CodeIgniter\Session\Handlers\FileHandler' driver.
DEBUG - 2025-08-09 06:36:23 --> Session: Class initialized using 'CodeIgniter\Session\Handlers\FileHandler' driver.
DEBUG - 2025-08-09 06:36:57 --> Session: Class initialized using 'CodeIgniter\Session\Handlers\FileHandler' driver.
DEBUG - 2025-08-09 06:37:18 --> Session: Class initialized using 'CodeIgniter\Session\Handlers\FileHandler' driver.
DEBUG - 2025-08-09 06:37:30 --> Session: Class initialized using 'CodeIgniter\Session\Handlers\FileHandler' driver.
DEBUG - 2025-08-09 06:37:35 --> Session: Class initialized using 'CodeIgniter\Session\Handlers\FileHandler' driver.
DEBUG - 2025-08-09 06:37:38 --> Session: Class initialized using 'CodeIgniter\Session\Handlers\FileHandler' driver.
DEBUG - 2025-08-09 06:37:51 --> Session: Class initialized using 'CodeIgniter\Session\Handlers\FileHandler' driver.
DEBUG - 2025-08-09 06:37:51 --> Session: Class initialized using 'CodeIgniter\Session\Handlers\FileHandler' driver.
DEBUG - 2025-08-09 06:38:01 --> Session: Class initialized using 'CodeIgniter\Session\Handlers\FileHandler' driver.
DEBUG - 2025-08-09 06:38:19 --> Session: Class initialized using 'CodeIgniter\Session\Handlers\FileHandler' driver.
DEBUG - 2025-08-09 06:38:21 --> Session: Class initialized using 'CodeIgniter\Session\Handlers\FileHandler' driver.
DEBUG - 2025-08-09 06:47:20 --> Session: Class initialized using 'CodeIgniter\Session\Handlers\FileHandler' driver.
DEBUG - 2025-08-09 06:48:01 --> Session: Class initialized using 'CodeIgniter\Session\Handlers\FileHandler' driver.
DEBUG - 2025-08-09 06:48:45 --> Session: Class initialized using 'CodeIgniter\Session\Handlers\FileHandler' driver.
DEBUG - 2025-08-09 06:49:00 --> Session: Class initialized using 'CodeIgniter\Session\Handlers\FileHandler' driver.
DEBUG - 2025-08-09 06:49:30 --> Session: Class initialized using 'CodeIgniter\Session\Handlers\FileHandler' driver.
DEBUG - 2025-08-09 06:50:26 --> Session: Class initialized using 'CodeIgniter\Session\Handlers\FileHandler' driver.
DEBUG - 2025-08-09 06:51:08 --> Session: Class initialized using 'CodeIgniter\Session\Handlers\FileHandler' driver.
DEBUG - 2025-08-09 06:52:13 --> Session: Class initialized using 'CodeIgniter\Session\Handlers\FileHandler' driver.
DEBUG - 2025-08-09 06:54:05 --> Session: Class initialized using 'CodeIgniter\Session\Handlers\FileHandler' driver.
DEBUG - 2025-08-09 06:57:17 --> Session: Class initialized using 'CodeIgniter\Session\Handlers\FileHandler' driver.
DEBUG - 2025-08-09 06:57:19 --> Session: Class initialized using 'CodeIgniter\Session\Handlers\FileHandler' driver.
DEBUG - 2025-08-09 06:57:27 --> Session: Class initialized using 'CodeIgniter\Session\Handlers\FileHandler' driver.
DEBUG - 2025-08-09 06:57:47 --> Session: Class initialized using 'CodeIgniter\Session\Handlers\FileHandler' driver.
DEBUG - 2025-08-09 06:59:30 --> Session: Class initialized using 'CodeIgniter\Session\Handlers\FileHandler' driver.
DEBUG - 2025-08-09 06:59:51 --> Session: Class initialized using 'CodeIgniter\Session\Handlers\FileHandler' driver.
DEBUG - 2025-08-09 07:00:16 --> Session: Class initialized using 'CodeIgniter\Session\Handlers\FileHandler' driver.
DEBUG - 2025-08-09 07:00:44 --> Session: Class initialized using 'CodeIgniter\Session\Handlers\FileHandler' driver.
DEBUG - 2025-08-09 07:10:24 --> Session: Class initialized using 'CodeIgniter\Session\Handlers\FileHandler' driver.
DEBUG - 2025-08-09 07:24:33 --> Session: Class initialized using 'CodeIgniter\Session\Handlers\FileHandler' driver.
DEBUG - 2025-08-09 07:25:39 --> Session: Class initialized using 'CodeIgniter\Session\Handlers\FileHandler' driver.
DEBUG - 2025-08-09 07:25:44 --> Session: Class initialized using 'CodeIgniter\Session\Handlers\FileHandler' driver.
ERROR - 2025-08-09 07:25:44 --> mysqli_sql_exception: Unknown column 'nama_sales' in 'order clause' in C:\xampp\htdocs\webadmin3\system\Database\MySQLi\Connection.php:327
Stack trace:
#0 C:\xampp\htdocs\webadmin3\system\Database\MySQLi\Connection.php(327): mysqli->query('SELECT *\nFROM `...', 0)
#1 C:\xampp\htdocs\webadmin3\system\Database\BaseConnection.php(738): CodeIgniter\Database\MySQLi\Connection->execute('SELECT *\nFROM `...')
#2 C:\xampp\htdocs\webadmin3\system\Database\BaseConnection.php(652): CodeIgniter\Database\BaseConnection->simpleQuery('SELECT *\nFROM `...')
#3 C:\xampp\htdocs\webadmin3\system\Database\BaseBuilder.php(1649): CodeIgniter\Database\BaseConnection->query('SELECT *\nFROM `...', Array, false)
#4 C:\xampp\htdocs\webadmin3\app\Models\OtorisasiSalesModel.php(25): CodeIgniter\Database\BaseBuilder->get(10, 0)
#5 C:\xampp\htdocs\webadmin3\app\Controllers\OtorisasiSales.php(15): App\Models\OtorisasiSalesModel->getSalesList(NULL, 10)
#6 C:\xampp\htdocs\webadmin3\system\CodeIgniter.php(933): App\Controllers\OtorisasiSales->index()
#7 C:\xampp\htdocs\webadmin3\system\CodeIgniter.php(507): CodeIgniter\CodeIgniter->runController(Object(App\Controllers\OtorisasiSales))
#8 C:\xampp\htdocs\webadmin3\system\CodeIgniter.php(354): CodeIgniter\CodeIgniter->handleRequest(NULL, Object(Config\Cache), false)
#9 C:\xampp\htdocs\webadmin3\system\Boot.php(334): CodeIgniter\CodeIgniter->run()
#10 C:\xampp\htdocs\webadmin3\system\Boot.php(67): CodeIgniter\Boot::runCodeIgniter(Object(CodeIgniter\CodeIgniter))
#11 C:\xampp\htdocs\webadmin3\public\index.php(59): CodeIgniter\Boot::bootWeb(Object(Config\Paths))
#12 {main}
CRITICAL - 2025-08-09 07:25:44 --> CodeIgniter\Database\Exceptions\DatabaseException: Unknown column 'nama_sales' in 'order clause'
[Method: GET, Route: otorisasi/otorisasi_sales]
in SYSTEMPATH\Database\BaseConnection.php on line 692.
 1 SYSTEMPATH\Database\BaseBuilder.php(1649): CodeIgniter\Database\BaseConnection->query('SELECT *
FROM `sales`
ORDER BY `nama_sales` ASC
 LIMIT 10', [], false)
 2 APPPATH\Models\OtorisasiSalesModel.php(25): CodeIgniter\Database\BaseBuilder->get(10, 0)
 3 APPPATH\Controllers\OtorisasiSales.php(15): App\Models\OtorisasiSalesModel->getSalesList(null, 10)
 4 SYSTEMPATH\CodeIgniter.php(933): App\Controllers\OtorisasiSales->index()
 5 SYSTEMPATH\CodeIgniter.php(507): CodeIgniter\CodeIgniter->runController(Object(App\Controllers\OtorisasiSales))
 6 SYSTEMPATH\CodeIgniter.php(354): CodeIgniter\CodeIgniter->handleRequest(null, Object(Config\Cache), false)
 7 SYSTEMPATH\Boot.php(334): CodeIgniter\CodeIgniter->run()
 8 SYSTEMPATH\Boot.php(67): CodeIgniter\Boot::runCodeIgniter(Object(CodeIgniter\CodeIgniter))
 9 FCPATH\index.php(59): CodeIgniter\Boot::bootWeb(Object(Config\Paths))
CRITICAL - 2025-08-09 07:25:44 --> [Caused by] CodeIgniter\Database\Exceptions\DatabaseException: Unknown column 'nama_sales' in 'order clause'
in SYSTEMPATH\Database\MySQLi\Connection.php on line 332.
 1 SYSTEMPATH\Database\BaseConnection.php(738): CodeIgniter\Database\MySQLi\Connection->execute('SELECT *
FROM `sales`
ORDER BY `nama_sales` ASC
 LIMIT 10')
 2 SYSTEMPATH\Database\BaseConnection.php(652): CodeIgniter\Database\BaseConnection->simpleQuery('SELECT *
FROM `sales`
ORDER BY `nama_sales` ASC
 LIMIT 10')
 3 SYSTEMPATH\Database\BaseBuilder.php(1649): CodeIgniter\Database\BaseConnection->query('SELECT *
FROM `sales`
ORDER BY `nama_sales` ASC
 LIMIT 10', [], false)
 4 APPPATH\Models\OtorisasiSalesModel.php(25): CodeIgniter\Database\BaseBuilder->get(10, 0)
 5 APPPATH\Controllers\OtorisasiSales.php(15): App\Models\OtorisasiSalesModel->getSalesList(null, 10)
 6 SYSTEMPATH\CodeIgniter.php(933): App\Controllers\OtorisasiSales->index()
 7 SYSTEMPATH\CodeIgniter.php(507): CodeIgniter\CodeIgniter->runController(Object(App\Controllers\OtorisasiSales))
 8 SYSTEMPATH\CodeIgniter.php(354): CodeIgniter\CodeIgniter->handleRequest(null, Object(Config\Cache), false)
 9 SYSTEMPATH\Boot.php(334): CodeIgniter\CodeIgniter->run()
10 SYSTEMPATH\Boot.php(67): CodeIgniter\Boot::runCodeIgniter(Object(CodeIgniter\CodeIgniter))
11 FCPATH\index.php(59): CodeIgniter\Boot::bootWeb(Object(Config\Paths))
CRITICAL - 2025-08-09 07:25:44 --> [Caused by] mysqli_sql_exception: Unknown column 'nama_sales' in 'order clause'
in SYSTEMPATH\Database\MySQLi\Connection.php on line 327.
 1 SYSTEMPATH\Database\MySQLi\Connection.php(327): mysqli->query('SELECT *
FROM `sales`
ORDER BY `nama_sales` ASC
 LIMIT 10', 0)
 2 SYSTEMPATH\Database\BaseConnection.php(738): CodeIgniter\Database\MySQLi\Connection->execute('SELECT *
FROM `sales`
ORDER BY `nama_sales` ASC
 LIMIT 10')
 3 SYSTEMPATH\Database\BaseConnection.php(652): CodeIgniter\Database\BaseConnection->simpleQuery('SELECT *
FROM `sales`
ORDER BY `nama_sales` ASC
 LIMIT 10')
 4 SYSTEMPATH\Database\BaseBuilder.php(1649): CodeIgniter\Database\BaseConnection->query('SELECT *
FROM `sales`
ORDER BY `nama_sales` ASC
 LIMIT 10', [], false)
 5 APPPATH\Models\OtorisasiSalesModel.php(25): CodeIgniter\Database\BaseBuilder->get(10, 0)
 6 APPPATH\Controllers\OtorisasiSales.php(15): App\Models\OtorisasiSalesModel->getSalesList(null, 10)
 7 SYSTEMPATH\CodeIgniter.php(933): App\Controllers\OtorisasiSales->index()
 8 SYSTEMPATH\CodeIgniter.php(507): CodeIgniter\CodeIgniter->runController(Object(App\Controllers\OtorisasiSales))
 9 SYSTEMPATH\CodeIgniter.php(354): CodeIgniter\CodeIgniter->handleRequest(null, Object(Config\Cache), false)
10 SYSTEMPATH\Boot.php(334): CodeIgniter\CodeIgniter->run()
11 SYSTEMPATH\Boot.php(67): CodeIgniter\Boot::runCodeIgniter(Object(CodeIgniter\CodeIgniter))
12 FCPATH\index.php(59): CodeIgniter\Boot::bootWeb(Object(Config\Paths))
DEBUG - 2025-08-09 07:26:21 --> Session: Class initialized using 'CodeIgniter\Session\Handlers\FileHandler' driver.
DEBUG - 2025-08-09 07:26:47 --> LOGIN DEBUG: user=Array
(
    [id] => 909
    [username] => geni1819
    [password] => $2y$10$5RKKP5rjZ.5HLC9zfCnCa.0ut/80NkKLLEJast1qo16qZbb7lYjDm
    [nama] => Genius Hartono
    [alamat] => Canggu
    [noktp] => 32534535434534
    [profile_image] => assets/img/profiles/1754360418_f8328bc9d08ca01b89ee.png
    [birthday] => 2000-05-31
    [deleted_at] => 
    [recovered_at] => 
    [otoritas] => 
    [created_at] => 2025-07-05 14:20:16
    [updated_at] => 2025-08-07 14:48:00
)

DEBUG - 2025-08-09 07:26:47 --> LOGIN DEBUG: userDept=Array
(
    [id] => 12
    [user_id] => 909
    [department_id] => 3
    [deleted_at] => 
)

DEBUG - 2025-08-09 07:26:47 --> Session: Class initialized using 'CodeIgniter\Session\Handlers\FileHandler' driver.
DEBUG - 2025-08-09 07:26:47 --> LOGIN DEBUG: sessionData=Array
(
    [user_id] => 909
    [user_username] => geni1819
    [user_nama] => Genius Hartono
    [department_id] => 3
    [isLoggedIn] => 1
)

DEBUG - 2025-08-09 07:26:47 --> Session: Class initialized using 'CodeIgniter\Session\Handlers\FileHandler' driver.
DEBUG - 2025-08-09 07:26:47 --> Session: Class initialized using 'CodeIgniter\Session\Handlers\FileHandler' driver.
DEBUG - 2025-08-09 07:27:00 --> LOGIN DEBUG: user=Array
(
    [id] => 909
    [username] => geni1819
    [password] => $2y$10$5RKKP5rjZ.5HLC9zfCnCa.0ut/80NkKLLEJast1qo16qZbb7lYjDm
    [nama] => Genius Hartono
    [alamat] => Canggu
    [noktp] => 32534535434534
    [profile_image] => assets/img/profiles/1754360418_f8328bc9d08ca01b89ee.png
    [birthday] => 2000-05-31
    [deleted_at] => 
    [recovered_at] => 
    [otoritas] => 
    [created_at] => 2025-07-05 14:20:16
    [updated_at] => 2025-08-07 14:48:00
)

DEBUG - 2025-08-09 07:27:00 --> LOGIN DEBUG: userDept=Array
(
    [id] => 12
    [user_id] => 909
    [department_id] => 3
    [deleted_at] => 
)

DEBUG - 2025-08-09 07:27:00 --> Session: Class initialized using 'CodeIgniter\Session\Handlers\FileHandler' driver.
DEBUG - 2025-08-09 07:27:00 --> LOGIN DEBUG: sessionData=Array
(
    [user_id] => 909
    [user_username] => geni1819
    [user_nama] => Genius Hartono
    [department_id] => 3
    [isLoggedIn] => 1
)

DEBUG - 2025-08-09 07:27:00 --> Session: Class initialized using 'CodeIgniter\Session\Handlers\FileHandler' driver.
DEBUG - 2025-08-09 07:27:00 --> Session: Class initialized using 'CodeIgniter\Session\Handlers\FileHandler' driver.
DEBUG - 2025-08-09 07:27:07 --> Session: Class initialized using 'CodeIgniter\Session\Handlers\FileHandler' driver.
DEBUG - 2025-08-09 07:27:20 --> LOGIN DEBUG: user=Array
(
    [id] => 909
    [username] => geni1819
    [password] => $2y$10$5RKKP5rjZ.5HLC9zfCnCa.0ut/80NkKLLEJast1qo16qZbb7lYjDm
    [nama] => Genius Hartono
    [alamat] => Canggu
    [noktp] => 32534535434534
    [profile_image] => assets/img/profiles/1754360418_f8328bc9d08ca01b89ee.png
    [birthday] => 2000-05-31
    [deleted_at] => 
    [recovered_at] => 
    [otoritas] => 
    [created_at] => 2025-07-05 14:20:16
    [updated_at] => 2025-08-07 14:48:00
)

DEBUG - 2025-08-09 07:27:20 --> LOGIN DEBUG: userDept=Array
(
    [id] => 12
    [user_id] => 909
    [department_id] => 3
    [deleted_at] => 
)

DEBUG - 2025-08-09 07:27:20 --> Session: Class initialized using 'CodeIgniter\Session\Handlers\FileHandler' driver.
DEBUG - 2025-08-09 07:27:20 --> LOGIN DEBUG: sessionData=Array
(
    [user_id] => 909
    [user_username] => geni1819
    [user_nama] => Genius Hartono
    [department_id] => 3
    [isLoggedIn] => 1
)

DEBUG - 2025-08-09 07:27:20 --> Session: Class initialized using 'CodeIgniter\Session\Handlers\FileHandler' driver.
DEBUG - 2025-08-09 07:28:03 --> LOGIN DEBUG: user=Array
(
    [id] => 909
    [username] => geni1819
    [password] => $2y$10$5RKKP5rjZ.5HLC9zfCnCa.0ut/80NkKLLEJast1qo16qZbb7lYjDm
    [nama] => Genius Hartono
    [alamat] => Canggu
    [noktp] => 32534535434534
    [profile_image] => assets/img/profiles/1754360418_f8328bc9d08ca01b89ee.png
    [birthday] => 2000-05-31
    [deleted_at] => 
    [recovered_at] => 
    [otoritas] => 
    [created_at] => 2025-07-05 14:20:16
    [updated_at] => 2025-08-07 14:48:00
)

DEBUG - 2025-08-09 07:28:03 --> LOGIN DEBUG: userDept=Array
(
    [id] => 12
    [user_id] => 909
    [department_id] => 3
    [deleted_at] => 
)

DEBUG - 2025-08-09 07:28:03 --> Session: Class initialized using 'CodeIgniter\Session\Handlers\FileHandler' driver.
DEBUG - 2025-08-09 07:28:03 --> LOGIN DEBUG: sessionData=Array
(
    [user_id] => 909
    [user_username] => geni1819
    [user_nama] => Genius Hartono
    [department_id] => 3
    [isLoggedIn] => 1
)

DEBUG - 2025-08-09 07:28:04 --> Session: Class initialized using 'CodeIgniter\Session\Handlers\FileHandler' driver.
DEBUG - 2025-08-09 07:28:04 --> Session: Class initialized using 'CodeIgniter\Session\Handlers\FileHandler' driver.
DEBUG - 2025-08-09 07:28:21 --> Session: Class initialized using 'CodeIgniter\Session\Handlers\FileHandler' driver.
DEBUG - 2025-08-09 07:28:21 --> Session: Class initialized using 'CodeIgniter\Session\Handlers\FileHandler' driver.
DEBUG - 2025-08-09 07:29:01 --> LOGIN DEBUG: user=Array
(
    [id] => 909
    [username] => geni1819
    [password] => $2y$10$5RKKP5rjZ.5HLC9zfCnCa.0ut/80NkKLLEJast1qo16qZbb7lYjDm
    [nama] => Genius Hartono
    [alamat] => Canggu
    [noktp] => 32534535434534
    [profile_image] => assets/img/profiles/1754360418_f8328bc9d08ca01b89ee.png
    [birthday] => 2000-05-31
    [deleted_at] => 
    [recovered_at] => 
    [otoritas] => 
    [created_at] => 2025-07-05 14:20:16
    [updated_at] => 2025-08-07 14:48:00
)

DEBUG - 2025-08-09 07:29:01 --> LOGIN DEBUG: userDept=Array
(
    [id] => 12
    [user_id] => 909
    [department_id] => 3
    [deleted_at] => 
)

DEBUG - 2025-08-09 07:29:01 --> Session: Class initialized using 'CodeIgniter\Session\Handlers\FileHandler' driver.
DEBUG - 2025-08-09 07:29:01 --> LOGIN DEBUG: sessionData=Array
(
    [user_id] => 909
    [user_username] => geni1819
    [user_nama] => Genius Hartono
    [department_id] => 3
    [isLoggedIn] => 1
)

DEBUG - 2025-08-09 07:29:01 --> Session: Class initialized using 'CodeIgniter\Session\Handlers\FileHandler' driver.
DEBUG - 2025-08-09 07:29:01 --> Session: Class initialized using 'CodeIgniter\Session\Handlers\FileHandler' driver.
DEBUG - 2025-08-09 07:29:12 --> Session: Class initialized using 'CodeIgniter\Session\Handlers\FileHandler' driver.
ERROR - 2025-08-09 07:29:12 --> mysqli_sql_exception: Unknown column 'nama_sales' in 'order clause' in C:\xampp\htdocs\webadmin3\system\Database\MySQLi\Connection.php:327
Stack trace:
#0 C:\xampp\htdocs\webadmin3\system\Database\MySQLi\Connection.php(327): mysqli->query('SELECT *\nFROM `...', 0)
#1 C:\xampp\htdocs\webadmin3\system\Database\BaseConnection.php(738): CodeIgniter\Database\MySQLi\Connection->execute('SELECT *\nFROM `...')
#2 C:\xampp\htdocs\webadmin3\system\Database\BaseConnection.php(652): CodeIgniter\Database\BaseConnection->simpleQuery('SELECT *\nFROM `...')
#3 C:\xampp\htdocs\webadmin3\system\Database\BaseBuilder.php(1649): CodeIgniter\Database\BaseConnection->query('SELECT *\nFROM `...', Array, false)
#4 C:\xampp\htdocs\webadmin3\app\Models\OtorisasiSalesModel.php(25): CodeIgniter\Database\BaseBuilder->get(10, 0)
#5 C:\xampp\htdocs\webadmin3\app\Controllers\OtorisasiSales.php(15): App\Models\OtorisasiSalesModel->getSalesList(NULL, 10)
#6 C:\xampp\htdocs\webadmin3\system\CodeIgniter.php(933): App\Controllers\OtorisasiSales->index()
#7 C:\xampp\htdocs\webadmin3\system\CodeIgniter.php(507): CodeIgniter\CodeIgniter->runController(Object(App\Controllers\OtorisasiSales))
#8 C:\xampp\htdocs\webadmin3\system\CodeIgniter.php(354): CodeIgniter\CodeIgniter->handleRequest(NULL, Object(Config\Cache), false)
#9 C:\xampp\htdocs\webadmin3\system\Boot.php(334): CodeIgniter\CodeIgniter->run()
#10 C:\xampp\htdocs\webadmin3\system\Boot.php(67): CodeIgniter\Boot::runCodeIgniter(Object(CodeIgniter\CodeIgniter))
#11 C:\xampp\htdocs\webadmin3\public\index.php(59): CodeIgniter\Boot::bootWeb(Object(Config\Paths))
#12 {main}
CRITICAL - 2025-08-09 07:29:12 --> CodeIgniter\Database\Exceptions\DatabaseException: Unknown column 'nama_sales' in 'order clause'
[Method: GET, Route: otorisasi/otorisasi_sales]
in SYSTEMPATH\Database\BaseConnection.php on line 692.
 1 SYSTEMPATH\Database\BaseBuilder.php(1649): CodeIgniter\Database\BaseConnection->query('SELECT *
FROM `sales`
ORDER BY `nama_sales` ASC
 LIMIT 10', [], false)
 2 APPPATH\Models\OtorisasiSalesModel.php(25): CodeIgniter\Database\BaseBuilder->get(10, 0)
 3 APPPATH\Controllers\OtorisasiSales.php(15): App\Models\OtorisasiSalesModel->getSalesList(null, 10)
 4 SYSTEMPATH\CodeIgniter.php(933): App\Controllers\OtorisasiSales->index()
 5 SYSTEMPATH\CodeIgniter.php(507): CodeIgniter\CodeIgniter->runController(Object(App\Controllers\OtorisasiSales))
 6 SYSTEMPATH\CodeIgniter.php(354): CodeIgniter\CodeIgniter->handleRequest(null, Object(Config\Cache), false)
 7 SYSTEMPATH\Boot.php(334): CodeIgniter\CodeIgniter->run()
 8 SYSTEMPATH\Boot.php(67): CodeIgniter\Boot::runCodeIgniter(Object(CodeIgniter\CodeIgniter))
 9 FCPATH\index.php(59): CodeIgniter\Boot::bootWeb(Object(Config\Paths))
CRITICAL - 2025-08-09 07:29:12 --> [Caused by] CodeIgniter\Database\Exceptions\DatabaseException: Unknown column 'nama_sales' in 'order clause'
in SYSTEMPATH\Database\MySQLi\Connection.php on line 332.
 1 SYSTEMPATH\Database\BaseConnection.php(738): CodeIgniter\Database\MySQLi\Connection->execute('SELECT *
FROM `sales`
ORDER BY `nama_sales` ASC
 LIMIT 10')
 2 SYSTEMPATH\Database\BaseConnection.php(652): CodeIgniter\Database\BaseConnection->simpleQuery('SELECT *
FROM `sales`
ORDER BY `nama_sales` ASC
 LIMIT 10')
 3 SYSTEMPATH\Database\BaseBuilder.php(1649): CodeIgniter\Database\BaseConnection->query('SELECT *
FROM `sales`
ORDER BY `nama_sales` ASC
 LIMIT 10', [], false)
 4 APPPATH\Models\OtorisasiSalesModel.php(25): CodeIgniter\Database\BaseBuilder->get(10, 0)
 5 APPPATH\Controllers\OtorisasiSales.php(15): App\Models\OtorisasiSalesModel->getSalesList(null, 10)
 6 SYSTEMPATH\CodeIgniter.php(933): App\Controllers\OtorisasiSales->index()
 7 SYSTEMPATH\CodeIgniter.php(507): CodeIgniter\CodeIgniter->runController(Object(App\Controllers\OtorisasiSales))
 8 SYSTEMPATH\CodeIgniter.php(354): CodeIgniter\CodeIgniter->handleRequest(null, Object(Config\Cache), false)
 9 SYSTEMPATH\Boot.php(334): CodeIgniter\CodeIgniter->run()
10 SYSTEMPATH\Boot.php(67): CodeIgniter\Boot::runCodeIgniter(Object(CodeIgniter\CodeIgniter))
11 FCPATH\index.php(59): CodeIgniter\Boot::bootWeb(Object(Config\Paths))
CRITICAL - 2025-08-09 07:29:12 --> [Caused by] mysqli_sql_exception: Unknown column 'nama_sales' in 'order clause'
in SYSTEMPATH\Database\MySQLi\Connection.php on line 327.
 1 SYSTEMPATH\Database\MySQLi\Connection.php(327): mysqli->query('SELECT *
FROM `sales`
ORDER BY `nama_sales` ASC
 LIMIT 10', 0)
 2 SYSTEMPATH\Database\BaseConnection.php(738): CodeIgniter\Database\MySQLi\Connection->execute('SELECT *
FROM `sales`
ORDER BY `nama_sales` ASC
 LIMIT 10')
 3 SYSTEMPATH\Database\BaseConnection.php(652): CodeIgniter\Database\BaseConnection->simpleQuery('SELECT *
FROM `sales`
ORDER BY `nama_sales` ASC
 LIMIT 10')
 4 SYSTEMPATH\Database\BaseBuilder.php(1649): CodeIgniter\Database\BaseConnection->query('SELECT *
FROM `sales`
ORDER BY `nama_sales` ASC
 LIMIT 10', [], false)
 5 APPPATH\Models\OtorisasiSalesModel.php(25): CodeIgniter\Database\BaseBuilder->get(10, 0)
 6 APPPATH\Controllers\OtorisasiSales.php(15): App\Models\OtorisasiSalesModel->getSalesList(null, 10)
 7 SYSTEMPATH\CodeIgniter.php(933): App\Controllers\OtorisasiSales->index()
 8 SYSTEMPATH\CodeIgniter.php(507): CodeIgniter\CodeIgniter->runController(Object(App\Controllers\OtorisasiSales))
 9 SYSTEMPATH\CodeIgniter.php(354): CodeIgniter\CodeIgniter->handleRequest(null, Object(Config\Cache), false)
10 SYSTEMPATH\Boot.php(334): CodeIgniter\CodeIgniter->run()
11 SYSTEMPATH\Boot.php(67): CodeIgniter\Boot::runCodeIgniter(Object(CodeIgniter\CodeIgniter))
12 FCPATH\index.php(59): CodeIgniter\Boot::bootWeb(Object(Config\Paths))
DEBUG - 2025-08-09 07:30:48 --> Session: Class initialized using 'CodeIgniter\Session\Handlers\FileHandler' driver.
DEBUG - 2025-08-09 07:30:55 --> Session: Class initialized using 'CodeIgniter\Session\Handlers\FileHandler' driver.
DEBUG - 2025-08-09 07:31:07 --> Session: Class initialized using 'CodeIgniter\Session\Handlers\FileHandler' driver.
DEBUG - 2025-08-09 07:32:00 --> Session: Class initialized using 'CodeIgniter\Session\Handlers\FileHandler' driver.
DEBUG - 2025-08-09 07:32:32 --> Session: Class initialized using 'CodeIgniter\Session\Handlers\FileHandler' driver.
ERROR - 2025-08-09 07:32:32 --> mysqli_sql_exception: Unknown column 'sales' in 'order clause' in C:\xampp\htdocs\webadmin3\system\Database\MySQLi\Connection.php:327
Stack trace:
#0 C:\xampp\htdocs\webadmin3\system\Database\MySQLi\Connection.php(327): mysqli->query('SELECT *\nFROM `...', 0)
#1 C:\xampp\htdocs\webadmin3\system\Database\BaseConnection.php(738): CodeIgniter\Database\MySQLi\Connection->execute('SELECT *\nFROM `...')
#2 C:\xampp\htdocs\webadmin3\system\Database\BaseConnection.php(652): CodeIgniter\Database\BaseConnection->simpleQuery('SELECT *\nFROM `...')
#3 C:\xampp\htdocs\webadmin3\system\Database\BaseBuilder.php(1649): CodeIgniter\Database\BaseConnection->query('SELECT *\nFROM `...', Array, false)
#4 C:\xampp\htdocs\webadmin3\app\Models\OtorisasiSalesModel.php(25): CodeIgniter\Database\BaseBuilder->get(10, 0)
#5 C:\xampp\htdocs\webadmin3\app\Controllers\OtorisasiSales.php(15): App\Models\OtorisasiSalesModel->getSalesList(NULL, 10)
#6 C:\xampp\htdocs\webadmin3\system\CodeIgniter.php(933): App\Controllers\OtorisasiSales->index()
#7 C:\xampp\htdocs\webadmin3\system\CodeIgniter.php(507): CodeIgniter\CodeIgniter->runController(Object(App\Controllers\OtorisasiSales))
#8 C:\xampp\htdocs\webadmin3\system\CodeIgniter.php(354): CodeIgniter\CodeIgniter->handleRequest(NULL, Object(Config\Cache), false)
#9 C:\xampp\htdocs\webadmin3\system\Boot.php(334): CodeIgniter\CodeIgniter->run()
#10 C:\xampp\htdocs\webadmin3\system\Boot.php(67): CodeIgniter\Boot::runCodeIgniter(Object(CodeIgniter\CodeIgniter))
#11 C:\xampp\htdocs\webadmin3\public\index.php(59): CodeIgniter\Boot::bootWeb(Object(Config\Paths))
#12 {main}
CRITICAL - 2025-08-09 07:32:32 --> CodeIgniter\Database\Exceptions\DatabaseException: Unknown column 'sales' in 'order clause'
[Method: GET, Route: otorisasi/otorisasi_sales]
in SYSTEMPATH\Database\BaseConnection.php on line 692.
 1 SYSTEMPATH\Database\BaseBuilder.php(1649): CodeIgniter\Database\BaseConnection->query('SELECT *
FROM `mastersales`
ORDER BY `sales` ASC
 LIMIT 10', [], false)
 2 APPPATH\Models\OtorisasiSalesModel.php(25): CodeIgniter\Database\BaseBuilder->get(10, 0)
 3 APPPATH\Controllers\OtorisasiSales.php(15): App\Models\OtorisasiSalesModel->getSalesList(null, 10)
 4 SYSTEMPATH\CodeIgniter.php(933): App\Controllers\OtorisasiSales->index()
 5 SYSTEMPATH\CodeIgniter.php(507): CodeIgniter\CodeIgniter->runController(Object(App\Controllers\OtorisasiSales))
 6 SYSTEMPATH\CodeIgniter.php(354): CodeIgniter\CodeIgniter->handleRequest(null, Object(Config\Cache), false)
 7 SYSTEMPATH\Boot.php(334): CodeIgniter\CodeIgniter->run()
 8 SYSTEMPATH\Boot.php(67): CodeIgniter\Boot::runCodeIgniter(Object(CodeIgniter\CodeIgniter))
 9 FCPATH\index.php(59): CodeIgniter\Boot::bootWeb(Object(Config\Paths))
CRITICAL - 2025-08-09 07:32:32 --> [Caused by] CodeIgniter\Database\Exceptions\DatabaseException: Unknown column 'sales' in 'order clause'
in SYSTEMPATH\Database\MySQLi\Connection.php on line 332.
 1 SYSTEMPATH\Database\BaseConnection.php(738): CodeIgniter\Database\MySQLi\Connection->execute('SELECT *
FROM `mastersales`
ORDER BY `sales` ASC
 LIMIT 10')
 2 SYSTEMPATH\Database\BaseConnection.php(652): CodeIgniter\Database\BaseConnection->simpleQuery('SELECT *
FROM `mastersales`
ORDER BY `sales` ASC
 LIMIT 10')
 3 SYSTEMPATH\Database\BaseBuilder.php(1649): CodeIgniter\Database\BaseConnection->query('SELECT *
FROM `mastersales`
ORDER BY `sales` ASC
 LIMIT 10', [], false)
 4 APPPATH\Models\OtorisasiSalesModel.php(25): CodeIgniter\Database\BaseBuilder->get(10, 0)
 5 APPPATH\Controllers\OtorisasiSales.php(15): App\Models\OtorisasiSalesModel->getSalesList(null, 10)
 6 SYSTEMPATH\CodeIgniter.php(933): App\Controllers\OtorisasiSales->index()
 7 SYSTEMPATH\CodeIgniter.php(507): CodeIgniter\CodeIgniter->runController(Object(App\Controllers\OtorisasiSales))
 8 SYSTEMPATH\CodeIgniter.php(354): CodeIgniter\CodeIgniter->handleRequest(null, Object(Config\Cache), false)
 9 SYSTEMPATH\Boot.php(334): CodeIgniter\CodeIgniter->run()
10 SYSTEMPATH\Boot.php(67): CodeIgniter\Boot::runCodeIgniter(Object(CodeIgniter\CodeIgniter))
11 FCPATH\index.php(59): CodeIgniter\Boot::bootWeb(Object(Config\Paths))
CRITICAL - 2025-08-09 07:32:32 --> [Caused by] mysqli_sql_exception: Unknown column 'sales' in 'order clause'
in SYSTEMPATH\Database\MySQLi\Connection.php on line 327.
 1 SYSTEMPATH\Database\MySQLi\Connection.php(327): mysqli->query('SELECT *
FROM `mastersales`
ORDER BY `sales` ASC
 LIMIT 10', 0)
 2 SYSTEMPATH\Database\BaseConnection.php(738): CodeIgniter\Database\MySQLi\Connection->execute('SELECT *
FROM `mastersales`
ORDER BY `sales` ASC
 LIMIT 10')
 3 SYSTEMPATH\Database\BaseConnection.php(652): CodeIgniter\Database\BaseConnection->simpleQuery('SELECT *
FROM `mastersales`
ORDER BY `sales` ASC
 LIMIT 10')
 4 SYSTEMPATH\Database\BaseBuilder.php(1649): CodeIgniter\Database\BaseConnection->query('SELECT *
FROM `mastersales`
ORDER BY `sales` ASC
 LIMIT 10', [], false)
 5 APPPATH\Models\OtorisasiSalesModel.php(25): CodeIgniter\Database\BaseBuilder->get(10, 0)
 6 APPPATH\Controllers\OtorisasiSales.php(15): App\Models\OtorisasiSalesModel->getSalesList(null, 10)
 7 SYSTEMPATH\CodeIgniter.php(933): App\Controllers\OtorisasiSales->index()
 8 SYSTEMPATH\CodeIgniter.php(507): CodeIgniter\CodeIgniter->runController(Object(App\Controllers\OtorisasiSales))
 9 SYSTEMPATH\CodeIgniter.php(354): CodeIgniter\CodeIgniter->handleRequest(null, Object(Config\Cache), false)
10 SYSTEMPATH\Boot.php(334): CodeIgniter\CodeIgniter->run()
11 SYSTEMPATH\Boot.php(67): CodeIgniter\Boot::runCodeIgniter(Object(CodeIgniter\CodeIgniter))
12 FCPATH\index.php(59): CodeIgniter\Boot::bootWeb(Object(Config\Paths))
DEBUG - 2025-08-09 07:33:10 --> Session: Class initialized using 'CodeIgniter\Session\Handlers\FileHandler' driver.
DEBUG - 2025-08-09 07:33:26 --> Session: Class initialized using 'CodeIgniter\Session\Handlers\FileHandler' driver.
DEBUG - 2025-08-09 07:33:51 --> Session: Class initialized using 'CodeIgniter\Session\Handlers\FileHandler' driver.
DEBUG - 2025-08-09 07:34:39 --> Session: Class initialized using 'CodeIgniter\Session\Handlers\FileHandler' driver.
DEBUG - 2025-08-09 07:35:28 --> Session: Class initialized using 'CodeIgniter\Session\Handlers\FileHandler' driver.
DEBUG - 2025-08-09 07:35:33 --> Session: Class initialized using 'CodeIgniter\Session\Handlers\FileHandler' driver.
ERROR - 2025-08-09 07:35:33 --> mysqli_sql_exception: Unknown column 'otoritas' in 'field list' in C:\xampp\htdocs\webadmin3\system\Database\MySQLi\Connection.php:327
Stack trace:
#0 C:\xampp\htdocs\webadmin3\system\Database\MySQLi\Connection.php(327): mysqli->query('UPDATE `masters...', 0)
#1 C:\xampp\htdocs\webadmin3\system\Database\BaseConnection.php(738): CodeIgniter\Database\MySQLi\Connection->execute('UPDATE `masters...')
#2 C:\xampp\htdocs\webadmin3\system\Database\BaseConnection.php(652): CodeIgniter\Database\BaseConnection->simpleQuery('UPDATE `masters...')
#3 C:\xampp\htdocs\webadmin3\system\Database\BaseBuilder.php(2521): CodeIgniter\Database\BaseConnection->query('UPDATE `masters...', Array, false)
#4 C:\xampp\htdocs\webadmin3\system\Model.php(461): CodeIgniter\Database\BaseBuilder->update()
#5 C:\xampp\htdocs\webadmin3\system\BaseModel.php(1031): CodeIgniter\Model->doUpdate(NULL, Array)
#6 C:\xampp\htdocs\webadmin3\system\Model.php(863): CodeIgniter\BaseModel->update(NULL, Array)
#7 C:\xampp\htdocs\webadmin3\app\Models\OtorisasiSalesModel.php(37): CodeIgniter\Model->update()
#8 C:\xampp\htdocs\webadmin3\app\Controllers\OtorisasiSales.php(25): App\Models\OtorisasiSalesModel->updateOtorisasi('4', 'T')
#9 C:\xampp\htdocs\webadmin3\system\CodeIgniter.php(933): App\Controllers\OtorisasiSales->setOtorisasiSales()
#10 C:\xampp\htdocs\webadmin3\system\CodeIgniter.php(507): CodeIgniter\CodeIgniter->runController(Object(App\Controllers\OtorisasiSales))
#11 C:\xampp\htdocs\webadmin3\system\CodeIgniter.php(354): CodeIgniter\CodeIgniter->handleRequest(NULL, Object(Config\Cache), false)
#12 C:\xampp\htdocs\webadmin3\system\Boot.php(334): CodeIgniter\CodeIgniter->run()
#13 C:\xampp\htdocs\webadmin3\system\Boot.php(67): CodeIgniter\Boot::runCodeIgniter(Object(CodeIgniter\CodeIgniter))
#14 C:\xampp\htdocs\webadmin3\public\index.php(59): CodeIgniter\Boot::bootWeb(Object(Config\Paths))
#15 {main}
CRITICAL - 2025-08-09 07:35:33 --> CodeIgniter\Database\Exceptions\DatabaseException: Unknown column 'otoritas' in 'field list'
[Method: POST, Route: otorisasi/otorisasi_sales/setOtorisasiSales]
in SYSTEMPATH\Database\BaseConnection.php on line 692.
 1 SYSTEMPATH\Database\BaseBuilder.php(2521): CodeIgniter\Database\BaseConnection->query('UPDATE `mastersales` SET `otoritas` = :otoritas:
WHERE `id` = :id:', [...], false)
 2 SYSTEMPATH\Model.php(461): CodeIgniter\Database\BaseBuilder->update()
 3 SYSTEMPATH\BaseModel.php(1031): CodeIgniter\Model->doUpdate(null, [...])
 4 SYSTEMPATH\Model.php(863): CodeIgniter\BaseModel->update(null, [...])
 5 APPPATH\Models\OtorisasiSalesModel.php(37): CodeIgniter\Model->update()
 6 APPPATH\Controllers\OtorisasiSales.php(25): App\Models\OtorisasiSalesModel->updateOtorisasi('4', 'T')
 7 SYSTEMPATH\CodeIgniter.php(933): App\Controllers\OtorisasiSales->setOtorisasiSales()
 8 SYSTEMPATH\CodeIgniter.php(507): CodeIgniter\CodeIgniter->runController(Object(App\Controllers\OtorisasiSales))
 9 SYSTEMPATH\CodeIgniter.php(354): CodeIgniter\CodeIgniter->handleRequest(null, Object(Config\Cache), false)
10 SYSTEMPATH\Boot.php(334): CodeIgniter\CodeIgniter->run()
11 SYSTEMPATH\Boot.php(67): CodeIgniter\Boot::runCodeIgniter(Object(CodeIgniter\CodeIgniter))
12 FCPATH\index.php(59): CodeIgniter\Boot::bootWeb(Object(Config\Paths))
CRITICAL - 2025-08-09 07:35:33 --> [Caused by] CodeIgniter\Database\Exceptions\DatabaseException: Unknown column 'otoritas' in 'field list'
in SYSTEMPATH\Database\MySQLi\Connection.php on line 332.
 1 SYSTEMPATH\Database\BaseConnection.php(738): CodeIgniter\Database\MySQLi\Connection->execute('UPDATE `mastersales` SET `otoritas` = \'T\'
WHERE `id` = \'4\'')
 2 SYSTEMPATH\Database\BaseConnection.php(652): CodeIgniter\Database\BaseConnection->simpleQuery('UPDATE `mastersales` SET `otoritas` = \'T\'
WHERE `id` = \'4\'')
 3 SYSTEMPATH\Database\BaseBuilder.php(2521): CodeIgniter\Database\BaseConnection->query('UPDATE `mastersales` SET `otoritas` = :otoritas:
WHERE `id` = :id:', [...], false)
 4 SYSTEMPATH\Model.php(461): CodeIgniter\Database\BaseBuilder->update()
 5 SYSTEMPATH\BaseModel.php(1031): CodeIgniter\Model->doUpdate(null, [...])
 6 SYSTEMPATH\Model.php(863): CodeIgniter\BaseModel->update(null, [...])
 7 APPPATH\Models\OtorisasiSalesModel.php(37): CodeIgniter\Model->update()
 8 APPPATH\Controllers\OtorisasiSales.php(25): App\Models\OtorisasiSalesModel->updateOtorisasi('4', 'T')
 9 SYSTEMPATH\CodeIgniter.php(933): App\Controllers\OtorisasiSales->setOtorisasiSales()
10 SYSTEMPATH\CodeIgniter.php(507): CodeIgniter\CodeIgniter->runController(Object(App\Controllers\OtorisasiSales))
11 SYSTEMPATH\CodeIgniter.php(354): CodeIgniter\CodeIgniter->handleRequest(null, Object(Config\Cache), false)
12 SYSTEMPATH\Boot.php(334): CodeIgniter\CodeIgniter->run()
13 SYSTEMPATH\Boot.php(67): CodeIgniter\Boot::runCodeIgniter(Object(CodeIgniter\CodeIgniter))
14 FCPATH\index.php(59): CodeIgniter\Boot::bootWeb(Object(Config\Paths))
CRITICAL - 2025-08-09 07:35:33 --> [Caused by] mysqli_sql_exception: Unknown column 'otoritas' in 'field list'
in SYSTEMPATH\Database\MySQLi\Connection.php on line 327.
 1 SYSTEMPATH\Database\MySQLi\Connection.php(327): mysqli->query('UPDATE `mastersales` SET `otoritas` = \'T\'
WHERE `id` = \'4\'', 0)
 2 SYSTEMPATH\Database\BaseConnection.php(738): CodeIgniter\Database\MySQLi\Connection->execute('UPDATE `mastersales` SET `otoritas` = \'T\'
WHERE `id` = \'4\'')
 3 SYSTEMPATH\Database\BaseConnection.php(652): CodeIgniter\Database\BaseConnection->simpleQuery('UPDATE `mastersales` SET `otoritas` = \'T\'
WHERE `id` = \'4\'')
 4 SYSTEMPATH\Database\BaseBuilder.php(2521): CodeIgniter\Database\BaseConnection->query('UPDATE `mastersales` SET `otoritas` = :otoritas:
WHERE `id` = :id:', [...], false)
 5 SYSTEMPATH\Model.php(461): CodeIgniter\Database\BaseBuilder->update()
 6 SYSTEMPATH\BaseModel.php(1031): CodeIgniter\Model->doUpdate(null, [...])
 7 SYSTEMPATH\Model.php(863): CodeIgniter\BaseModel->update(null, [...])
 8 APPPATH\Models\OtorisasiSalesModel.php(37): CodeIgniter\Model->update()
 9 APPPATH\Controllers\OtorisasiSales.php(25): App\Models\OtorisasiSalesModel->updateOtorisasi('4', 'T')
10 SYSTEMPATH\CodeIgniter.php(933): App\Controllers\OtorisasiSales->setOtorisasiSales()
11 SYSTEMPATH\CodeIgniter.php(507): CodeIgniter\CodeIgniter->runController(Object(App\Controllers\OtorisasiSales))
12 SYSTEMPATH\CodeIgniter.php(354): CodeIgniter\CodeIgniter->handleRequest(null, Object(Config\Cache), false)
13 SYSTEMPATH\Boot.php(334): CodeIgniter\CodeIgniter->run()
14 SYSTEMPATH\Boot.php(67): CodeIgniter\Boot::runCodeIgniter(Object(CodeIgniter\CodeIgniter))
15 FCPATH\index.php(59): CodeIgniter\Boot::bootWeb(Object(Config\Paths))
DEBUG - 2025-08-09 07:35:40 --> Session: Class initialized using 'CodeIgniter\Session\Handlers\FileHandler' driver.
DEBUG - 2025-08-09 07:35:57 --> Session: Class initialized using 'CodeIgniter\Session\Handlers\FileHandler' driver.
ERROR - 2025-08-09 07:35:57 --> mysqli_sql_exception: Unknown column 'otoritas' in 'field list' in C:\xampp\htdocs\webadmin3\system\Database\MySQLi\Connection.php:327
Stack trace:
#0 C:\xampp\htdocs\webadmin3\system\Database\MySQLi\Connection.php(327): mysqli->query('UPDATE `masters...', 0)
#1 C:\xampp\htdocs\webadmin3\system\Database\BaseConnection.php(738): CodeIgniter\Database\MySQLi\Connection->execute('UPDATE `masters...')
#2 C:\xampp\htdocs\webadmin3\system\Database\BaseConnection.php(652): CodeIgniter\Database\BaseConnection->simpleQuery('UPDATE `masters...')
#3 C:\xampp\htdocs\webadmin3\system\Database\BaseBuilder.php(2521): CodeIgniter\Database\BaseConnection->query('UPDATE `masters...', Array, false)
#4 C:\xampp\htdocs\webadmin3\system\Model.php(461): CodeIgniter\Database\BaseBuilder->update()
#5 C:\xampp\htdocs\webadmin3\system\BaseModel.php(1031): CodeIgniter\Model->doUpdate(NULL, Array)
#6 C:\xampp\htdocs\webadmin3\system\Model.php(863): CodeIgniter\BaseModel->update(NULL, Array)
#7 C:\xampp\htdocs\webadmin3\app\Models\OtorisasiSalesModel.php(37): CodeIgniter\Model->update()
#8 C:\xampp\htdocs\webadmin3\app\Controllers\OtorisasiSales.php(25): App\Models\OtorisasiSalesModel->updateOtorisasi('4', 'T')
#9 C:\xampp\htdocs\webadmin3\system\CodeIgniter.php(933): App\Controllers\OtorisasiSales->setOtorisasiSales()
#10 C:\xampp\htdocs\webadmin3\system\CodeIgniter.php(507): CodeIgniter\CodeIgniter->runController(Object(App\Controllers\OtorisasiSales))
#11 C:\xampp\htdocs\webadmin3\system\CodeIgniter.php(354): CodeIgniter\CodeIgniter->handleRequest(NULL, Object(Config\Cache), false)
#12 C:\xampp\htdocs\webadmin3\system\Boot.php(334): CodeIgniter\CodeIgniter->run()
#13 C:\xampp\htdocs\webadmin3\system\Boot.php(67): CodeIgniter\Boot::runCodeIgniter(Object(CodeIgniter\CodeIgniter))
#14 C:\xampp\htdocs\webadmin3\public\index.php(59): CodeIgniter\Boot::bootWeb(Object(Config\Paths))
#15 {main}
CRITICAL - 2025-08-09 07:35:57 --> CodeIgniter\Database\Exceptions\DatabaseException: Unknown column 'otoritas' in 'field list'
[Method: POST, Route: otorisasi/otorisasi_sales/setOtorisasiSales]
in SYSTEMPATH\Database\BaseConnection.php on line 692.
 1 SYSTEMPATH\Database\BaseBuilder.php(2521): CodeIgniter\Database\BaseConnection->query('UPDATE `mastersales` SET `otoritas` = :otoritas:
WHERE `id` = :id:', [...], false)
 2 SYSTEMPATH\Model.php(461): CodeIgniter\Database\BaseBuilder->update()
 3 SYSTEMPATH\BaseModel.php(1031): CodeIgniter\Model->doUpdate(null, [...])
 4 SYSTEMPATH\Model.php(863): CodeIgniter\BaseModel->update(null, [...])
 5 APPPATH\Models\OtorisasiSalesModel.php(37): CodeIgniter\Model->update()
 6 APPPATH\Controllers\OtorisasiSales.php(25): App\Models\OtorisasiSalesModel->updateOtorisasi('4', 'T')
 7 SYSTEMPATH\CodeIgniter.php(933): App\Controllers\OtorisasiSales->setOtorisasiSales()
 8 SYSTEMPATH\CodeIgniter.php(507): CodeIgniter\CodeIgniter->runController(Object(App\Controllers\OtorisasiSales))
 9 SYSTEMPATH\CodeIgniter.php(354): CodeIgniter\CodeIgniter->handleRequest(null, Object(Config\Cache), false)
10 SYSTEMPATH\Boot.php(334): CodeIgniter\CodeIgniter->run()
11 SYSTEMPATH\Boot.php(67): CodeIgniter\Boot::runCodeIgniter(Object(CodeIgniter\CodeIgniter))
12 FCPATH\index.php(59): CodeIgniter\Boot::bootWeb(Object(Config\Paths))
CRITICAL - 2025-08-09 07:35:57 --> [Caused by] CodeIgniter\Database\Exceptions\DatabaseException: Unknown column 'otoritas' in 'field list'
in SYSTEMPATH\Database\MySQLi\Connection.php on line 332.
 1 SYSTEMPATH\Database\BaseConnection.php(738): CodeIgniter\Database\MySQLi\Connection->execute('UPDATE `mastersales` SET `otoritas` = \'T\'
WHERE `id` = \'4\'')
 2 SYSTEMPATH\Database\BaseConnection.php(652): CodeIgniter\Database\BaseConnection->simpleQuery('UPDATE `mastersales` SET `otoritas` = \'T\'
WHERE `id` = \'4\'')
 3 SYSTEMPATH\Database\BaseBuilder.php(2521): CodeIgniter\Database\BaseConnection->query('UPDATE `mastersales` SET `otoritas` = :otoritas:
WHERE `id` = :id:', [...], false)
 4 SYSTEMPATH\Model.php(461): CodeIgniter\Database\BaseBuilder->update()
 5 SYSTEMPATH\BaseModel.php(1031): CodeIgniter\Model->doUpdate(null, [...])
 6 SYSTEMPATH\Model.php(863): CodeIgniter\BaseModel->update(null, [...])
 7 APPPATH\Models\OtorisasiSalesModel.php(37): CodeIgniter\Model->update()
 8 APPPATH\Controllers\OtorisasiSales.php(25): App\Models\OtorisasiSalesModel->updateOtorisasi('4', 'T')
 9 SYSTEMPATH\CodeIgniter.php(933): App\Controllers\OtorisasiSales->setOtorisasiSales()
10 SYSTEMPATH\CodeIgniter.php(507): CodeIgniter\CodeIgniter->runController(Object(App\Controllers\OtorisasiSales))
11 SYSTEMPATH\CodeIgniter.php(354): CodeIgniter\CodeIgniter->handleRequest(null, Object(Config\Cache), false)
12 SYSTEMPATH\Boot.php(334): CodeIgniter\CodeIgniter->run()
13 SYSTEMPATH\Boot.php(67): CodeIgniter\Boot::runCodeIgniter(Object(CodeIgniter\CodeIgniter))
14 FCPATH\index.php(59): CodeIgniter\Boot::bootWeb(Object(Config\Paths))
CRITICAL - 2025-08-09 07:35:57 --> [Caused by] mysqli_sql_exception: Unknown column 'otoritas' in 'field list'
in SYSTEMPATH\Database\MySQLi\Connection.php on line 327.
 1 SYSTEMPATH\Database\MySQLi\Connection.php(327): mysqli->query('UPDATE `mastersales` SET `otoritas` = \'T\'
WHERE `id` = \'4\'', 0)
 2 SYSTEMPATH\Database\BaseConnection.php(738): CodeIgniter\Database\MySQLi\Connection->execute('UPDATE `mastersales` SET `otoritas` = \'T\'
WHERE `id` = \'4\'')
 3 SYSTEMPATH\Database\BaseConnection.php(652): CodeIgniter\Database\BaseConnection->simpleQuery('UPDATE `mastersales` SET `otoritas` = \'T\'
WHERE `id` = \'4\'')
 4 SYSTEMPATH\Database\BaseBuilder.php(2521): CodeIgniter\Database\BaseConnection->query('UPDATE `mastersales` SET `otoritas` = :otoritas:
WHERE `id` = :id:', [...], false)
 5 SYSTEMPATH\Model.php(461): CodeIgniter\Database\BaseBuilder->update()
 6 SYSTEMPATH\BaseModel.php(1031): CodeIgniter\Model->doUpdate(null, [...])
 7 SYSTEMPATH\Model.php(863): CodeIgniter\BaseModel->update(null, [...])
 8 APPPATH\Models\OtorisasiSalesModel.php(37): CodeIgniter\Model->update()
 9 APPPATH\Controllers\OtorisasiSales.php(25): App\Models\OtorisasiSalesModel->updateOtorisasi('4', 'T')
10 SYSTEMPATH\CodeIgniter.php(933): App\Controllers\OtorisasiSales->setOtorisasiSales()
11 SYSTEMPATH\CodeIgniter.php(507): CodeIgniter\CodeIgniter->runController(Object(App\Controllers\OtorisasiSales))
12 SYSTEMPATH\CodeIgniter.php(354): CodeIgniter\CodeIgniter->handleRequest(null, Object(Config\Cache), false)
13 SYSTEMPATH\Boot.php(334): CodeIgniter\CodeIgniter->run()
14 SYSTEMPATH\Boot.php(67): CodeIgniter\Boot::runCodeIgniter(Object(CodeIgniter\CodeIgniter))
15 FCPATH\index.php(59): CodeIgniter\Boot::bootWeb(Object(Config\Paths))
DEBUG - 2025-08-09 07:37:06 --> Session: Class initialized using 'CodeIgniter\Session\Handlers\FileHandler' driver.
DEBUG - 2025-08-09 07:37:07 --> Session: Class initialized using 'CodeIgniter\Session\Handlers\FileHandler' driver.
DEBUG - 2025-08-09 07:37:09 --> Session: Class initialized using 'CodeIgniter\Session\Handlers\FileHandler' driver.
DEBUG - 2025-08-09 07:37:09 --> Session: Class initialized using 'CodeIgniter\Session\Handlers\FileHandler' driver.
DEBUG - 2025-08-09 07:37:17 --> Session: Class initialized using 'CodeIgniter\Session\Handlers\FileHandler' driver.
DEBUG - 2025-08-09 07:37:19 --> Session: Class initialized using 'CodeIgniter\Session\Handlers\FileHandler' driver.
DEBUG - 2025-08-09 07:37:19 --> Session: Class initialized using 'CodeIgniter\Session\Handlers\FileHandler' driver.
DEBUG - 2025-08-09 07:37:24 --> Session: Class initialized using 'CodeIgniter\Session\Handlers\FileHandler' driver.
DEBUG - 2025-08-09 07:37:28 --> Session: Class initialized using 'CodeIgniter\Session\Handlers\FileHandler' driver.
DEBUG - 2025-08-09 07:37:30 --> Session: Class initialized using 'CodeIgniter\Session\Handlers\FileHandler' driver.
DEBUG - 2025-08-09 07:37:38 --> Session: Class initialized using 'CodeIgniter\Session\Handlers\FileHandler' driver.
DEBUG - 2025-08-09 07:37:40 --> Session: Class initialized using 'CodeIgniter\Session\Handlers\FileHandler' driver.
DEBUG - 2025-08-09 07:51:56 --> Session: Class initialized using 'CodeIgniter\Session\Handlers\FileHandler' driver.
DEBUG - 2025-08-09 07:51:56 --> Session: Class initialized using 'CodeIgniter\Session\Handlers\FileHandler' driver.
DEBUG - 2025-08-09 07:52:01 --> Session: Class initialized using 'CodeIgniter\Session\Handlers\FileHandler' driver.
DEBUG - 2025-08-09 07:52:03 --> Session: Class initialized using 'CodeIgniter\Session\Handlers\FileHandler' driver.
DEBUG - 2025-08-09 07:53:16 --> Session: Class initialized using 'CodeIgniter\Session\Handlers\FileHandler' driver.
DEBUG - 2025-08-09 07:53:19 --> Session: Class initialized using 'CodeIgniter\Session\Handlers\FileHandler' driver.
DEBUG - 2025-08-09 07:53:36 --> Session: Class initialized using 'CodeIgniter\Session\Handlers\FileHandler' driver.
DEBUG - 2025-08-09 07:53:36 --> Session: Class initialized using 'CodeIgniter\Session\Handlers\FileHandler' driver.
DEBUG - 2025-08-09 07:55:13 --> Session: Class initialized using 'CodeIgniter\Session\Handlers\FileHandler' driver.
DEBUG - 2025-08-09 07:55:16 --> Session: Class initialized using 'CodeIgniter\Session\Handlers\FileHandler' driver.
DEBUG - 2025-08-09 07:55:31 --> Session: Class initialized using 'CodeIgniter\Session\Handlers\FileHandler' driver.
DEBUG - 2025-08-09 07:55:33 --> Session: Class initialized using 'CodeIgniter\Session\Handlers\FileHandler' driver.
DEBUG - 2025-08-09 07:55:40 --> Session: Class initialized using 'CodeIgniter\Session\Handlers\FileHandler' driver.
DEBUG - 2025-08-09 07:55:42 --> Session: Class initialized using 'CodeIgniter\Session\Handlers\FileHandler' driver.
DEBUG - 2025-08-09 07:56:15 --> Session: Class initialized using 'CodeIgniter\Session\Handlers\FileHandler' driver.
DEBUG - 2025-08-09 07:56:17 --> Session: Class initialized using 'CodeIgniter\Session\Handlers\FileHandler' driver.
DEBUG - 2025-08-09 07:56:39 --> Session: Class initialized using 'CodeIgniter\Session\Handlers\FileHandler' driver.
DEBUG - 2025-08-09 07:56:41 --> Session: Class initialized using 'CodeIgniter\Session\Handlers\FileHandler' driver.
DEBUG - 2025-08-09 07:59:23 --> Session: Class initialized using 'CodeIgniter\Session\Handlers\FileHandler' driver.
DEBUG - 2025-08-09 07:59:38 --> Session: Class initialized using 'CodeIgniter\Session\Handlers\FileHandler' driver.
DEBUG - 2025-08-09 07:59:43 --> Session: Class initialized using 'CodeIgniter\Session\Handlers\FileHandler' driver.
DEBUG - 2025-08-09 08:01:12 --> Session: Class initialized using 'CodeIgniter\Session\Handlers\FileHandler' driver.
DEBUG - 2025-08-09 08:01:28 --> Session: Class initialized using 'CodeIgniter\Session\Handlers\FileHandler' driver.
DEBUG - 2025-08-09 08:01:30 --> Session: Class initialized using 'CodeIgniter\Session\Handlers\FileHandler' driver.
DEBUG - 2025-08-09 08:01:39 --> Session: Class initialized using 'CodeIgniter\Session\Handlers\FileHandler' driver.
DEBUG - 2025-08-09 08:02:43 --> Session: Class initialized using 'CodeIgniter\Session\Handlers\FileHandler' driver.
DEBUG - 2025-08-09 08:08:34 --> Session: Class initialized using 'CodeIgniter\Session\Handlers\FileHandler' driver.
DEBUG - 2025-08-09 08:08:39 --> Session: Class initialized using 'CodeIgniter\Session\Handlers\FileHandler' driver.
DEBUG - 2025-08-09 08:08:41 --> Session: Class initialized using 'CodeIgniter\Session\Handlers\FileHandler' driver.
DEBUG - 2025-08-09 08:08:45 --> Session: Class initialized using 'CodeIgniter\Session\Handlers\FileHandler' driver.
DEBUG - 2025-08-09 08:08:48 --> Session: Class initialized using 'CodeIgniter\Session\Handlers\FileHandler' driver.
DEBUG - 2025-08-09 08:08:50 --> Session: Class initialized using 'CodeIgniter\Session\Handlers\FileHandler' driver.
DEBUG - 2025-08-09 08:08:52 --> Session: Class initialized using 'CodeIgniter\Session\Handlers\FileHandler' driver.
DEBUG - 2025-08-09 08:08:54 --> Session: Class initialized using 'CodeIgniter\Session\Handlers\FileHandler' driver.
DEBUG - 2025-08-09 08:09:00 --> Session: Class initialized using 'CodeIgniter\Session\Handlers\FileHandler' driver.
DEBUG - 2025-08-09 08:09:04 --> Session: Class initialized using 'CodeIgniter\Session\Handlers\FileHandler' driver.
DEBUG - 2025-08-09 08:09:11 --> Session: Class initialized using 'CodeIgniter\Session\Handlers\FileHandler' driver.
DEBUG - 2025-08-09 08:09:50 --> Session: Class initialized using 'CodeIgniter\Session\Handlers\FileHandler' driver.
DEBUG - 2025-08-09 08:09:52 --> Session: Class initialized using 'CodeIgniter\Session\Handlers\FileHandler' driver.
